2017-03-27 17:10:58.978  INFO 22856 --- [main] com.woniu.sncp.pay.CashierAppRun         : Starting CashierAppRun on 付正亮 with PID 22856 (D:\woniu-git-repository\woniu-microservices\sncp-cashier\cashier-api\target\classes started by fuzl in D:\woniu-git-repository\woniu-microservices\sncp-cashier\cashier-api)
2017-03-27 17:10:58.981  INFO 22856 --- [main] com.woniu.sncp.pay.CashierAppRun         : The following profiles are active: dev
2017-03-27 17:10:59.146  INFO 22856 --- [main] ationConfigEmbeddedWebApplicationContext : Refreshing org.springframework.boot.context.embedded.AnnotationConfigEmbeddedWebApplicationContext@614ca7df: startup date [Mon Mar 27 17:10:59 CST 2017]; root of context hierarchy
2017-03-27 17:11:11.455  INFO 22856 --- [main] o.s.b.f.s.DefaultListableBeanFactory     : Overriding bean definition for bean 'characterEncodingFilter' with a different definition: replacing [Root bean: class [null]; scope=; abstract=false; lazyInit=false; autowireMode=3; dependencyCheck=0; autowireCandidate=true; primary=false; factoryBeanName=cashierWebAppConfig; factoryMethodName=encodingFilterRegistration; initMethodName=null; destroyMethodName=(inferred); defined in class path resource [com/woniu/sncp/pay/CashierWebAppConfig.class]] with [Root bean: class [null]; scope=; abstract=false; lazyInit=false; autowireMode=3; dependencyCheck=0; autowireCandidate=true; primary=false; factoryBeanName=org.springframework.boot.autoconfigure.web.HttpEncodingAutoConfiguration; factoryMethodName=characterEncodingFilter; initMethodName=null; destroyMethodName=(inferred); defined in class path resource [org/springframework/boot/autoconfigure/web/HttpEncodingAutoConfiguration.class]]
2017-03-27 17:11:13.730  INFO 22856 --- [main] f.a.AutowiredAnnotationBeanPostProcessor : JSR-330 'javax.inject.Inject' annotation found and supported for autowiring
2017-03-27 17:11:13.980  INFO 22856 --- [main] trationDelegate$BeanPostProcessorChecker : Bean 'org.springframework.transaction.annotation.ProxyTransactionManagementConfiguration' of type [class org.springframework.transaction.annotation.ProxyTransactionManagementConfiguration$$EnhancerBySpringCGLIB$$127aa28f] is not eligible for getting processed by all BeanPostProcessors (for example: not eligible for auto-proxying)
2017-03-27 17:11:14.698  INFO 22856 --- [main] s.b.c.e.t.TomcatEmbeddedServletContainer : Tomcat initialized with port(s): 80 (http)
2017-03-27 17:11:14.713  INFO 22856 --- [main] o.apache.catalina.core.StandardService   : Starting service Tomcat
2017-03-27 17:11:14.715  INFO 22856 --- [main] org.apache.catalina.core.StandardEngine  : Starting Servlet Engine: Apache Tomcat/8.0.37
2017-03-27 17:11:15.871  INFO 22856 --- [localhost-startStop-1] org.apache.jasper.servlet.TldScanner     : At least one JAR was scanned for TLDs yet contained no TLDs. Enable debug logging for this logger for a complete list of JARs that were scanned but no TLDs were found in them. Skipping unneeded JARs during scanning can improve startup time and JSP compilation time.
2017-03-27 17:11:15.886  INFO 22856 --- [localhost-startStop-1] o.a.c.c.C.[Tomcat].[localhost].[/]       : Initializing Spring embedded WebApplicationContext
2017-03-27 17:11:15.888  INFO 22856 --- [localhost-startStop-1] o.s.web.context.ContextLoader            : Root WebApplicationContext: initialization completed in 16742 ms
2017-03-27 17:11:16.904  INFO 22856 --- [localhost-startStop-1] o.s.b.c.embedded.FilterRegistrationBean  : Mapping filter: 'characterEncodingFilter' to: [/*]
2017-03-27 17:11:16.905  INFO 22856 --- [localhost-startStop-1] o.s.b.c.embedded.FilterRegistrationBean  : Mapping filter: 'metricsFilter' to: [/*]
2017-03-27 17:11:16.906  INFO 22856 --- [localhost-startStop-1] o.s.b.c.embedded.FilterRegistrationBean  : Mapping filter: 'hiddenHttpMethodFilter' to: [/*]
2017-03-27 17:11:16.906  INFO 22856 --- [localhost-startStop-1] o.s.b.c.embedded.FilterRegistrationBean  : Mapping filter: 'httpPutFormContentFilter' to: [/*]
2017-03-27 17:11:16.906  INFO 22856 --- [localhost-startStop-1] o.s.b.c.embedded.FilterRegistrationBean  : Mapping filter: 'requestContextFilter' to: [/*]
2017-03-27 17:11:16.908  INFO 22856 --- [localhost-startStop-1] .e.DelegatingFilterProxyRegistrationBean : Mapping filter: 'springSecurityFilterChain' to: [/*]
2017-03-27 17:11:16.909  INFO 22856 --- [localhost-startStop-1] o.s.b.c.embedded.FilterRegistrationBean  : Mapping filter: 'logoutFilter' to urls: [/logout]
2017-03-27 17:11:16.909  INFO 22856 --- [localhost-startStop-1] o.s.b.c.embedded.FilterRegistrationBean  : Mapping filter: 'singleSignOutFilter' to urls: [/logout]
2017-03-27 17:11:16.910  INFO 22856 --- [localhost-startStop-1] o.s.b.c.embedded.FilterRegistrationBean  : Mapping filter: 'authenticationFilter' to urls: [/sso/**, /m/sso/**, /security/*, /security/ttb/pay]
2017-03-27 17:11:16.911  INFO 22856 --- [localhost-startStop-1] o.apache.catalina.core.StandardContext   : Suspicious url pattern: "/sso/**" in context [] - see sections 12.1 and 12.2 of the Servlet specification
2017-03-27 17:11:16.911  INFO 22856 --- [localhost-startStop-1] o.apache.catalina.core.StandardContext   : Suspicious url pattern: "/m/sso/**" in context [] - see sections 12.1 and 12.2 of the Servlet specification
2017-03-27 17:11:16.912  INFO 22856 --- [localhost-startStop-1] o.s.b.c.embedded.FilterRegistrationBean  : Mapping filter: 'cas20ProxyReceivingTicketValidationFilter' to urls: [/*]
2017-03-27 17:11:16.912  INFO 22856 --- [localhost-startStop-1] o.s.b.c.embedded.FilterRegistrationBean  : Mapping filter: 'httpServletRequestWrapperFilter' to urls: [/*]
2017-03-27 17:11:16.912  INFO 22856 --- [localhost-startStop-1] o.s.b.c.embedded.FilterRegistrationBean  : Mapping filter: 'assertionThreadLocalFilter' to urls: [/*]
2017-03-27 17:11:16.913  INFO 22856 --- [localhost-startStop-1] o.s.b.c.embedded.FilterRegistrationBean  : Mapping filter: 'webRequestLoggingFilter' to: [/*]
2017-03-27 17:11:16.914  INFO 22856 --- [localhost-startStop-1] o.s.b.c.embedded.FilterRegistrationBean  : Mapping filter: 'applicationContextIdFilter' to: [/*]
2017-03-27 17:11:16.916  INFO 22856 --- [localhost-startStop-1] o.s.b.c.e.ServletRegistrationBean        : Mapping servlet: 'dispatcherServlet' to [/]
2017-03-27 17:11:16.966  INFO 22856 --- [localhost-startStop-1] .j.c.c.c.WebXmlConfigurationStrategyImpl : Property [org.jasig.cas.client.configuration.ConfigurationKey@35e97ce7] loaded from FilterConfig.getInitParameter with value [https://sso.woniu.com]
2017-03-27 17:11:17.248  INFO 22856 --- [localhost-startStop-1] b.a.s.AuthenticationManagerConfiguration : 

Using default security password: 6edd5cfb-eb5e-464a-bafc-fe39ada362f0

2017-03-27 17:11:17.341  INFO 22856 --- [localhost-startStop-1] o.s.s.web.DefaultSecurityFilterChain     : Creating filter chain: OrRequestMatcher [requestMatchers=[Ant [pattern='/css/**'], Ant [pattern='/js/**'], Ant [pattern='/images/**'], Ant [pattern='/**/favicon.ico'], Ant [pattern='/error']]], []
2017-03-27 17:11:17.427  INFO 22856 --- [localhost-startStop-1] o.s.s.web.DefaultSecurityFilterChain     : Creating filter chain: org.springframework.security.web.util.matcher.AnyRequestMatcher@1, [org.springframework.security.web.context.request.async.WebAsyncManagerIntegrationFilter@13312194, org.springframework.security.web.context.SecurityContextPersistenceFilter@410e6998, org.springframework.security.web.header.HeaderWriterFilter@60d2634f, org.springframework.security.web.authentication.logout.LogoutFilter@2d90b256, org.springframework.security.web.savedrequest.RequestCacheAwareFilter@3cbceb8b, org.springframework.security.web.servletapi.SecurityContextHolderAwareRequestFilter@14d329a1, org.springframework.security.web.authentication.AnonymousAuthenticationFilter@3b1b33a6, org.springframework.security.web.session.SessionManagementFilter@22af7a1a, org.springframework.security.web.access.ExceptionTranslationFilter@4a0d0fde]
2017-03-27 17:11:17.595  INFO 22856 --- [localhost-startStop-1] o.s.s.web.DefaultSecurityFilterChain     : Creating filter chain: org.springframework.boot.actuate.autoconfigure.ManagementWebSecurityAutoConfiguration$LazyEndpointPathRequestMatcher@6bfb1aa8, [org.springframework.security.web.context.request.async.WebAsyncManagerIntegrationFilter@55dbf3ee, org.springframework.security.web.context.SecurityContextPersistenceFilter@3d4671f0, org.springframework.security.web.header.HeaderWriterFilter@16560a36, org.springframework.security.web.authentication.logout.LogoutFilter@5ca20dae, org.springframework.security.web.authentication.www.BasicAuthenticationFilter@7908e2c3, org.springframework.security.web.savedrequest.RequestCacheAwareFilter@d8b38e3, org.springframework.security.web.servletapi.SecurityContextHolderAwareRequestFilter@2b2a84de, org.springframework.security.web.authentication.AnonymousAuthenticationFilter@3b06f572, org.springframework.security.web.session.SessionManagementFilter@75e053f6, org.springframework.security.web.access.ExceptionTranslationFilter@1f65f308, org.springframework.security.web.access.intercept.FilterSecurityInterceptor@35ac5e7b]
2017-03-27 17:11:17.610  INFO 22856 --- [localhost-startStop-1] .j.c.c.c.WebXmlConfigurationStrategyImpl : Property [org.jasig.cas.client.configuration.ConfigurationKey@4e9444fb] loaded from FilterConfig.getInitParameter with value [http://cashier.woniu.com]
2017-03-27 17:11:17.611  INFO 22856 --- [localhost-startStop-1] .j.c.c.c.WebXmlConfigurationStrategyImpl : Property [org.jasig.cas.client.configuration.ConfigurationKey@2ba5ff75] loaded from FilterConfig.getInitParameter with value [/login]
2017-03-27 17:11:17.613  INFO 22856 --- [localhost-startStop-1] .j.c.c.c.WebXmlConfigurationStrategyImpl : Property [org.jasig.cas.client.configuration.ConfigurationKey@4e9444fb] loaded from FilterConfig.getInitParameter with value [http://cashier.woniu.com]
2017-03-27 17:11:17.617  INFO 22856 --- [localhost-startStop-1] .j.c.c.c.WebXmlConfigurationStrategyImpl : Property [org.jasig.cas.client.configuration.ConfigurationKey@35e97ce7] loaded from FilterConfig.getInitParameter with value [https://sso.woniu.com]
2017-03-27 17:11:18.108  WARN 22856 --- [main] o.a.tomcat.jdbc.pool.ConnectionPool      : maxIdle is smaller than minIdle, setting maxIdle to: 10
2017-03-27 17:11:18.830  INFO 22856 --- [main] j.LocalContainerEntityManagerFactoryBean : Building JPA container EntityManagerFactory for persistence unit 'gamePersistenceUnit'
2017-03-27 17:11:18.879  INFO 22856 --- [main] o.hibernate.jpa.internal.util.LogHelper  : HHH000204: Processing PersistenceUnitInfo [
	name: gamePersistenceUnit
	...]
2017-03-27 17:11:18.998  INFO 22856 --- [main] org.hibernate.Version                    : HHH000412: Hibernate Core {4.3.11.Final}
2017-03-27 17:11:19.002  INFO 22856 --- [main] org.hibernate.cfg.Environment            : HHH000206: hibernate.properties not found
2017-03-27 17:11:19.004  INFO 22856 --- [main] org.hibernate.cfg.Environment            : HHH000021: Bytecode provider name : javassist
2017-03-27 17:11:19.234  INFO 22856 --- [main] o.hibernate.annotations.common.Version   : HCANN000001: Hibernate Commons Annotations {4.0.5.Final}
2017-03-27 17:11:19.328  INFO 22856 --- [main] org.hibernate.dialect.Dialect            : HHH000400: Using dialect: org.hibernate.dialect.MySQL5Dialect
2017-03-27 17:11:19.517  INFO 22856 --- [main] o.h.h.i.ast.ASTQueryTranslatorFactory    : HHH000397: Using ASTQueryTranslatorFactory
2017-03-27 17:11:19.957  WARN 22856 --- [main] o.a.tomcat.jdbc.pool.ConnectionPool      : maxIdle is smaller than minIdle, setting maxIdle to: 10
2017-03-27 17:11:20.109  INFO 22856 --- [main] j.LocalContainerEntityManagerFactoryBean : Building JPA container EntityManagerFactory for persistence unit 'passportPersistenceUnit'
2017-03-27 17:11:20.110  INFO 22856 --- [main] o.hibernate.jpa.internal.util.LogHelper  : HHH000204: Processing PersistenceUnitInfo [
	name: passportPersistenceUnit
	...]
2017-03-27 17:11:20.165  INFO 22856 --- [main] org.hibernate.dialect.Dialect            : HHH000400: Using dialect: org.hibernate.dialect.MySQL5Dialect
2017-03-27 17:11:20.184  INFO 22856 --- [main] o.h.h.i.ast.ASTQueryTranslatorFactory    : HHH000397: Using ASTQueryTranslatorFactory
2017-03-27 17:11:20.241  WARN 22856 --- [main] o.a.tomcat.jdbc.pool.ConnectionPool      : maxIdle is smaller than minIdle, setting maxIdle to: 10
2017-03-27 17:11:20.447  INFO 22856 --- [main] j.LocalContainerEntityManagerFactoryBean : Building JPA container EntityManagerFactory for persistence unit 'persistenceUnit'
2017-03-27 17:11:20.448  INFO 22856 --- [main] o.hibernate.jpa.internal.util.LogHelper  : HHH000204: Processing PersistenceUnitInfo [
	name: persistenceUnit
	...]
2017-03-27 17:11:20.497  INFO 22856 --- [main] org.hibernate.dialect.Dialect            : HHH000400: Using dialect: org.hibernate.dialect.MySQL5Dialect
2017-03-27 17:11:20.560  INFO 22856 --- [main] o.h.h.i.ast.ASTQueryTranslatorFactory    : HHH000397: Using ASTQueryTranslatorFactory
2017-03-27 17:11:20.650  WARN 22856 --- [main] o.a.tomcat.jdbc.pool.ConnectionPool      : maxIdle is smaller than minIdle, setting maxIdle to: 10
2017-03-27 17:11:20.762  INFO 22856 --- [main] j.LocalContainerEntityManagerFactoryBean : Building JPA container EntityManagerFactory for persistence unit 'queuePersistenceUnit'
2017-03-27 17:11:20.762  INFO 22856 --- [main] o.hibernate.jpa.internal.util.LogHelper  : HHH000204: Processing PersistenceUnitInfo [
	name: queuePersistenceUnit
	...]
2017-03-27 17:11:20.781  INFO 22856 --- [main] org.hibernate.dialect.Dialect            : HHH000400: Using dialect: org.hibernate.dialect.MySQL5Dialect
2017-03-27 17:11:20.812  INFO 22856 --- [main] o.h.h.i.ast.ASTQueryTranslatorFactory    : HHH000397: Using ASTQueryTranslatorFactory
2017-03-27 17:11:21.613  WARN 22856 --- [main] net.rubyeye.xmemcached.XMemcachedClient  : XMemcachedClient use Text protocol
2017-03-27 17:11:21.665  WARN 22856 --- [main] net.rubyeye.xmemcached.XMemcachedClient  : XMemcachedClient in failure mode.
2017-03-27 17:11:21.673  INFO 22856 --- [main] c.g.c.yanf4j.nio.impl.SelectorManager    : Creating 4 reactors...
2017-03-27 17:11:21.738  WARN 22856 --- [main] c.g.c.y.core.impl.AbstractController     : The Controller started at localhost/127.0.0.1:0 ...
2017-03-27 17:11:21.771  WARN 22856 --- [Xmemcached-Reactor-0] c.g.c.y.core.impl.AbstractController     : Add a session: 10.17.0.23:90
2017-03-27 17:11:21.782  WARN 22856 --- [Xmemcached-Reactor-0] c.g.c.y.core.impl.AbstractController     : Add a standby session: 10.17.0.23:9009 for 10.17.0.23:90
2017-03-27 17:11:22.307  INFO 22856 --- [main] s.w.s.m.m.a.RequestMappingHandlerAdapter : Looking for @ControllerAdvice: org.springframework.boot.context.embedded.AnnotationConfigEmbeddedWebApplicationContext@614ca7df: startup date [Mon Mar 27 17:10:59 CST 2017]; root of context hierarchy
2017-03-27 17:11:22.397  INFO 22856 --- [main] s.w.s.m.m.a.RequestMappingHandlerMapping : Mapped "{[/400]}" onto public java.lang.String com.woniu.sncp.pay.IndexController.error400Page(javax.servlet.http.HttpServletRequest)
2017-03-27 17:11:22.398  INFO 22856 --- [main] s.w.s.m.m.a.RequestMappingHandlerMapping : Mapped "{[/404]}" onto public java.lang.String com.woniu.sncp.pay.IndexController.error404Page(javax.servlet.http.HttpServletRequest)
2017-03-27 17:11:22.399  INFO 22856 --- [main] s.w.s.m.m.a.RequestMappingHandlerMapping : Mapped "{[/405]}" onto public java.lang.String com.woniu.sncp.pay.IndexController.error405Page(javax.servlet.http.HttpServletRequest)
2017-03-27 17:11:22.399  INFO 22856 --- [main] s.w.s.m.m.a.RequestMappingHandlerMapping : Mapped "{[/payment/page]}" onto public java.lang.String com.woniu.sncp.pay.IndexController.paymentPage(java.lang.String,java.lang.Long,java.lang.Long,java.lang.String,java.lang.String,java.lang.String,java.lang.String,java.lang.String,java.lang.String,java.lang.String,java.lang.String,java.lang.String,javax.servlet.http.HttpServletRequest,javax.servlet.http.HttpServletResponse)
2017-03-27 17:11:22.399  INFO 22856 --- [main] s.w.s.m.m.a.RequestMappingHandlerMapping : Mapped "{[/payment/wap]}" onto public void com.woniu.sncp.pay.IndexController.paymentWapApi(java.lang.String,java.lang.Long,java.lang.Long,java.lang.String,java.lang.String,java.lang.String,javax.servlet.http.HttpServletRequest,javax.servlet.http.HttpServletResponse)
2017-03-27 17:11:22.400  INFO 22856 --- [main] s.w.s.m.m.a.RequestMappingHandlerMapping : Mapped "{[/payments/{paytype}]}" onto public void com.woniu.sncp.pay.IndexController.payments(java.lang.String,java.lang.String,java.lang.Long,java.lang.Long,java.lang.String,java.lang.String,java.lang.String,javax.servlet.http.HttpServletRequest,javax.servlet.http.HttpServletResponse)
2017-03-27 17:11:22.400  INFO 22856 --- [main] s.w.s.m.m.a.RequestMappingHandlerMapping : Mapped "{[/payment/app]}" onto public void com.woniu.sncp.pay.IndexController.paymentAppApi(java.lang.String,java.lang.Long,java.lang.String,java.lang.Long,java.lang.String,java.lang.String,java.lang.String,javax.servlet.http.HttpServletRequest,javax.servlet.http.HttpServletResponse)
2017-03-27 17:11:22.408  INFO 22856 --- [main] s.w.s.m.m.a.RequestMappingHandlerMapping : Mapped "{[/payment/stage/json]}" onto public com.woniu.sncp.web.response.ResultResponse com.woniu.sncp.pay.IndexController.queryCreditStage(javax.servlet.http.HttpServletRequest)
2017-03-27 17:11:22.408  INFO 22856 --- [main] s.w.s.m.m.a.RequestMappingHandlerMapping : Mapped "{[/payment/order/query]}" onto public com.woniu.sncp.web.response.ResultResponse com.woniu.sncp.pay.IndexController.queryOrder(javax.servlet.http.HttpServletRequest)
2017-03-27 17:11:22.408  INFO 22856 --- [main] s.w.s.m.m.a.RequestMappingHandlerMapping : Mapped "{[/payment/trans]}" onto public java.lang.String com.woniu.sncp.pay.IndexController.trans(javax.servlet.http.HttpServletRequest)
2017-03-27 17:11:22.409  INFO 22856 --- [main] s.w.s.m.m.a.RequestMappingHandlerMapping : Mapped "{[/callback/create]}" onto public void com.woniu.sncp.pay.IndexController.callbackCreate(javax.servlet.http.HttpServletRequest,javax.servlet.http.HttpServletResponse)
2017-03-27 17:11:22.410  INFO 22856 --- [main] s.w.s.m.m.a.RequestMappingHandlerMapping : Mapped "{[/]}" onto public java.lang.String com.woniu.sncp.pay.IndexController.home(javax.servlet.http.HttpServletRequest)
2017-03-27 17:11:22.418  INFO 22856 --- [main] s.w.s.m.m.a.RequestMappingHandlerMapping : Mapped "{[/payment/backend/api/test]}" onto public void com.woniu.sncp.pay.web.api.PaymentBackendController.testBackend(javax.servlet.http.HttpServletRequest,javax.servlet.http.HttpServletResponse)
2017-03-27 17:11:22.418  INFO 22856 --- [main] s.w.s.m.m.a.RequestMappingHandlerMapping : Mapped "{[/payment/backend/api/verify]}" onto public com.woniu.sncp.web.response.ResultResponse com.woniu.sncp.pay.web.api.PaymentBackendController.queryPaymentOrder(java.lang.String,javax.servlet.http.HttpServletRequest)
2017-03-27 17:11:22.418  INFO 22856 --- [main] s.w.s.m.m.a.RequestMappingHandlerMapping : Mapped "{[/payment/backend/api/common/{merchantid}/{paymentid}]}" onto public void com.woniu.sncp.pay.web.api.PaymentBackendController.commonPaymentBackend(java.lang.Long,java.lang.Long,javax.servlet.http.HttpServletRequest,javax.servlet.http.HttpServletResponse)
2017-03-27 17:11:22.419  INFO 22856 --- [main] s.w.s.m.m.a.RequestMappingHandlerMapping : Mapped "{[/payment/backend/api/chinabank]}" onto public void com.woniu.sncp.pay.web.api.PaymentBackendController.chinabankPaymentBackend(javax.servlet.http.HttpServletRequest,javax.servlet.http.HttpServletResponse)
2017-03-27 17:11:22.420  INFO 22856 --- [main] s.w.s.m.m.a.RequestMappingHandlerMapping : Mapped "{[/payment/backend/api/message/push]}" onto public void com.woniu.sncp.pay.web.api.PaymentBackendController.messagePushPaymentBackend(javax.servlet.http.HttpServletRequest,javax.servlet.http.HttpServletResponse)
2017-03-27 17:11:22.431  INFO 22856 --- [main] s.w.s.m.m.a.RequestMappingHandlerMapping : Mapped "{[/payment/api/dp]}" onto public java.lang.String com.woniu.sncp.pay.web.api.PaymentController.payment(java.lang.String,java.lang.String,java.lang.String,java.lang.String,java.lang.String,java.lang.String,java.lang.String,java.lang.String,java.lang.String,java.lang.String,java.lang.String,java.lang.String,java.lang.String,java.lang.String,java.lang.String,java.lang.String,java.lang.String,java.lang.String,java.lang.String,java.lang.String,javax.servlet.http.HttpServletRequest)
2017-03-27 17:11:22.431  INFO 22856 --- [main] s.w.s.m.m.a.RequestMappingHandlerMapping : Mapped "{[/payment/api/dp/json]}" onto public com.woniu.sncp.web.response.ResultResponse com.woniu.sncp.pay.web.api.PaymentController.paymentDpJson(java.lang.String,java.lang.String,java.lang.String,java.lang.String,java.lang.String,java.lang.String,java.lang.String,java.lang.String,java.lang.String,java.lang.String,java.lang.String,java.lang.String,java.lang.String,java.lang.String,java.lang.String,java.lang.String,java.lang.String,javax.servlet.http.HttpServletRequest)
2017-03-27 17:11:22.431  INFO 22856 --- [main] s.w.s.m.m.a.RequestMappingHandlerMapping : Mapped "{[/payment/api/phonecard/dp]}" onto public java.lang.String com.woniu.sncp.pay.web.api.PaymentController.phonePayment(java.lang.String,java.lang.String,java.lang.String,java.lang.String,java.lang.String,java.lang.String,java.lang.String,java.lang.String,java.lang.String,java.lang.String,java.lang.String,java.lang.String,java.lang.String,java.lang.String,java.lang.String,java.lang.String,java.lang.String,javax.servlet.http.HttpServletRequest)
2017-03-27 17:11:22.433  INFO 22856 --- [main] s.w.s.m.m.a.RequestMappingHandlerMapping : Mapped "{[/payment/api/jcard/dp]}" onto public java.lang.String com.woniu.sncp.pay.web.api.PaymentController.gamecardPayment(java.lang.String,java.lang.String,java.lang.String,java.lang.String,java.lang.String,java.lang.String,java.lang.String,java.lang.String,java.lang.String,java.lang.String,java.lang.String,java.lang.String,java.lang.String,java.lang.String,java.lang.String,java.lang.String,java.lang.String,javax.servlet.http.HttpServletRequest)
2017-03-27 17:11:22.433  INFO 22856 --- [main] s.w.s.m.m.a.RequestMappingHandlerMapping : Mapped "{[/payment/api/wncard/dp]}" onto public void com.woniu.sncp.pay.web.api.PaymentController.wncardPayment(java.lang.String,java.lang.String,java.lang.String,java.lang.String,java.lang.String,java.lang.String,java.lang.String,java.lang.String,java.lang.String,java.lang.String,java.lang.String,java.lang.String,java.lang.String,java.lang.String,java.lang.String,java.lang.String,java.lang.String,java.lang.String,javax.servlet.http.HttpServletRequest,javax.servlet.http.HttpServletResponse)
2017-03-27 17:11:22.433  INFO 22856 --- [main] s.w.s.m.m.a.RequestMappingHandlerMapping : Mapped "{[/payment/api/json]}" onto public com.woniu.sncp.web.response.ResultResponse com.woniu.sncp.pay.web.api.PaymentController.paymentJson(java.lang.String,java.lang.String,java.lang.String,java.lang.String,java.lang.String,java.lang.String,java.lang.String,java.lang.String,java.lang.String,java.lang.String,java.lang.String,java.lang.String,java.lang.String,java.lang.String,java.lang.String,java.lang.String,javax.servlet.http.HttpServletRequest)
2017-03-27 17:11:22.433  INFO 22856 --- [main] s.w.s.m.m.a.RequestMappingHandlerMapping : Mapped "{[/payment/api/jsonp]}" onto public void com.woniu.sncp.pay.web.api.PaymentController.paymentJsonp(java.lang.String,java.lang.String,java.lang.String,java.lang.String,java.lang.String,java.lang.String,java.lang.String,java.lang.String,java.lang.String,java.lang.String,java.lang.String,java.lang.String,java.lang.String,java.lang.String,java.lang.String,java.lang.String,java.lang.String,java.lang.String,javax.servlet.http.HttpServletRequest,javax.servlet.http.HttpServletResponse)
2017-03-27 17:11:22.434  INFO 22856 --- [main] s.w.s.m.m.a.RequestMappingHandlerMapping : Mapped "{[/payment/api/phonecard/dp/jsonp]}" onto public void com.woniu.sncp.pay.web.api.PaymentController.phonePaymentJsonp(javax.servlet.http.HttpServletRequest,javax.servlet.http.HttpServletResponse)
2017-03-27 17:11:22.437  INFO 22856 --- [main] s.w.s.m.m.a.RequestMappingHandlerMapping : Mapped "{[/payment/api/wncard/dp/jsonp]}" onto public void com.woniu.sncp.pay.web.api.PaymentController.wncardPaymentJsonp(javax.servlet.http.HttpServletRequest,javax.servlet.http.HttpServletResponse)
2017-03-27 17:11:22.438  INFO 22856 --- [main] s.w.s.m.m.a.RequestMappingHandlerMapping : Mapped "{[/payment/api/orderno/create]}" onto public com.woniu.sncp.web.response.ResultResponse com.woniu.sncp.pay.web.api.PaymentController.createThirdPartyOrderNo(java.lang.String,java.lang.String,javax.servlet.http.HttpServletRequest)
2017-03-27 17:11:22.439  INFO 22856 --- [main] s.w.s.m.m.a.RequestMappingHandlerMapping : Mapped "{[/sso/loginSuccess]}" onto public java.lang.String com.woniu.sncp.pay.web.api.SSOLoginController.success(javax.servlet.http.HttpServletRequest)
2017-03-27 17:11:22.439  INFO 22856 --- [main] s.w.s.m.m.a.RequestMappingHandlerMapping : Mapped "{[/m/sso/loginSuccess]}" onto public java.lang.String com.woniu.sncp.pay.web.api.SSOLoginController.successMobile(javax.servlet.http.HttpServletRequest)
2017-03-27 17:11:22.439  INFO 22856 --- [main] s.w.s.m.m.a.RequestMappingHandlerMapping : Mapped "{[/sso/isSSOLogin || /m/sso/isSSOLogin]}" onto public java.lang.String com.woniu.sncp.pay.web.api.SSOLoginController.isSSOLogin(javax.servlet.http.HttpServletRequest) throws java.io.UnsupportedEncodingException
2017-03-27 17:11:22.440  INFO 22856 --- [main] s.w.s.m.m.a.RequestMappingHandlerMapping : Mapped "{[/sso/loginUser || /m/sso/loginUser]}" onto public java.lang.String com.woniu.sncp.pay.web.api.SSOLoginController.getLoginUser(javax.servlet.http.HttpServletRequest)
2017-03-27 17:11:22.440  INFO 22856 --- [main] s.w.s.m.m.a.RequestMappingHandlerMapping : Mapped "{[/isLogin || /m/isLogin]}" onto public com.woniu.sncp.web.response.ResultResponse com.woniu.sncp.pay.web.api.SSOLoginController.isLogin(javax.servlet.http.HttpServletRequest) throws java.io.UnsupportedEncodingException
2017-03-27 17:11:22.440  INFO 22856 --- [main] s.w.s.m.m.a.RequestMappingHandlerMapping : Mapped "{[/isLogin/json || /m/isLogin/json]}" onto public void com.woniu.sncp.pay.web.api.SSOLoginController.isLogin(java.lang.String,javax.servlet.http.HttpServletRequest,javax.servlet.http.HttpServletResponse) throws java.io.UnsupportedEncodingException
2017-03-27 17:11:22.445  INFO 22856 --- [main] s.w.s.m.m.a.RequestMappingHandlerMapping : Mapped "{[/security/ttb/pay/json]}" onto public void com.woniu.sncp.pay.web.api.TutuController.payment(java.lang.String,java.lang.String,java.lang.String,java.lang.String,java.lang.String,java.lang.String,java.lang.String,java.lang.String,java.lang.String,java.lang.String,java.lang.String,java.lang.String,java.lang.String,java.lang.String,java.lang.String,java.lang.String,java.lang.String,java.lang.String,java.lang.String,java.lang.String,javax.servlet.http.HttpServletRequest,javax.servlet.http.HttpServletResponse)
2017-03-27 17:11:22.446  INFO 22856 --- [main] s.w.s.m.m.a.RequestMappingHandlerMapping : Mapped "{[/security/ttb/pay]}" onto public java.lang.String com.woniu.sncp.pay.web.api.TutuController.payment(java.lang.String,java.lang.String,java.lang.String,java.lang.String,java.lang.String,java.lang.String,java.lang.String,java.lang.String,java.lang.String,java.lang.String,java.lang.String,java.lang.String,java.lang.String,java.lang.String,java.lang.String,java.lang.String,java.lang.String,java.lang.String,java.lang.String,javax.servlet.http.HttpServletRequest)
2017-03-27 17:11:22.446  INFO 22856 --- [main] s.w.s.m.m.a.RequestMappingHandlerMapping : Mapped "{[/security/ttb/query]}" onto public java.util.Map<java.lang.String, java.lang.Object> com.woniu.sncp.pay.web.api.TutuController.queryTutuAmount(javax.servlet.http.HttpServletRequest)
2017-03-27 17:11:22.446  INFO 22856 --- [main] s.w.s.m.m.a.RequestMappingHandlerMapping : Mapped "{[/security/sms/send/json]}" onto public void com.woniu.sncp.pay.web.api.TutuController.sendSmsCode(java.lang.String,javax.servlet.http.HttpServletRequest,javax.servlet.http.HttpServletResponse)
2017-03-27 17:11:22.447  INFO 22856 --- [main] s.w.s.m.m.a.RequestMappingHandlerMapping : Mapped "{[/security/sms/send]}" onto public java.util.Map<java.lang.String, java.lang.Object> com.woniu.sncp.pay.web.api.TutuController.sendSmsCode(javax.servlet.http.HttpServletRequest)
2017-03-27 17:11:22.447  INFO 22856 --- [main] s.w.s.m.m.a.RequestMappingHandlerMapping : Mapped "{[/api/tgt/sms/send/json]}" onto public void com.woniu.sncp.pay.web.api.TutuController.sendSmsCode(java.lang.String,java.lang.String,javax.servlet.http.HttpServletRequest,javax.servlet.http.HttpServletResponse)
2017-03-27 17:11:22.447  INFO 22856 --- [main] s.w.s.m.m.a.RequestMappingHandlerMapping : Mapped "{[/api/tgt/ttb/pay/json]}" onto public void com.woniu.sncp.pay.web.api.TutuController.paymentSt(java.lang.String,java.lang.String,java.lang.String,java.lang.String,java.lang.String,java.lang.String,java.lang.String,java.lang.String,java.lang.String,java.lang.String,java.lang.String,java.lang.String,java.lang.String,java.lang.String,java.lang.String,java.lang.String,java.lang.String,java.lang.String,java.lang.String,java.lang.String,java.lang.String,javax.servlet.http.HttpServletRequest,javax.servlet.http.HttpServletResponse)
2017-03-27 17:11:22.447  INFO 22856 --- [main] s.w.s.m.m.a.RequestMappingHandlerMapping : Mapped "{[/wap/api/tgt/ttb/pay/json]}" onto public void com.woniu.sncp.pay.web.api.TutuController.paymentStWap(java.lang.String,java.lang.String,java.lang.String,java.lang.String,java.lang.String,java.lang.String,java.lang.String,java.lang.String,java.lang.String,java.lang.String,java.lang.String,java.lang.String,java.lang.String,java.lang.String,java.lang.String,java.lang.String,java.lang.String,java.lang.String,java.lang.String,java.lang.String,java.lang.String,javax.servlet.http.HttpServletRequest,javax.servlet.http.HttpServletResponse)
2017-03-27 17:11:22.447  INFO 22856 --- [main] s.w.s.m.m.a.RequestMappingHandlerMapping : Mapped "{[/wap/api/security/ttb/pay/json]}" onto public void com.woniu.sncp.pay.web.api.TutuController.paymentWap(java.lang.String,java.lang.String,java.lang.String,java.lang.String,java.lang.String,java.lang.String,java.lang.String,java.lang.String,java.lang.String,java.lang.String,java.lang.String,java.lang.String,java.lang.String,java.lang.String,java.lang.String,java.lang.String,java.lang.String,java.lang.String,java.lang.String,java.lang.String,javax.servlet.http.HttpServletRequest,javax.servlet.http.HttpServletResponse)
2017-03-27 17:11:22.448  INFO 22856 --- [main] s.w.s.m.m.a.RequestMappingHandlerMapping : Mapped "{[/tutu/pay/success]}" onto public org.springframework.web.servlet.ModelAndView com.woniu.sncp.pay.web.api.TutuController.tutuPaySuccess(javax.servlet.http.HttpServletRequest,java.lang.String,java.lang.String)
2017-03-27 17:11:22.448  INFO 22856 --- [main] s.w.s.m.m.a.RequestMappingHandlerMapping : Mapped "{[/api/tgt/ttb/query/json]}" onto public void com.woniu.sncp.pay.web.api.TutuController.queryTutuAmountForStApi(java.lang.String,java.lang.String,javax.servlet.http.HttpServletRequest,javax.servlet.http.HttpServletResponse)
2017-03-27 17:11:22.448  INFO 22856 --- [main] s.w.s.m.m.a.RequestMappingHandlerMapping : Mapped "{[/security/ttb/query/json]}" onto public void com.woniu.sncp.pay.web.api.TutuController.queryTutuAmountApi(java.lang.String,javax.servlet.http.HttpServletRequest,javax.servlet.http.HttpServletResponse)
2017-03-27 17:11:22.450  INFO 22856 --- [main] s.w.s.m.m.a.RequestMappingHandlerMapping : Mapped "{[/error]}" onto public org.springframework.http.ResponseEntity<java.util.Map<java.lang.String, java.lang.Object>> org.springframework.boot.autoconfigure.web.BasicErrorController.error(javax.servlet.http.HttpServletRequest)
2017-03-27 17:11:22.450  INFO 22856 --- [main] s.w.s.m.m.a.RequestMappingHandlerMapping : Mapped "{[/error],produces=[text/html]}" onto public org.springframework.web.servlet.ModelAndView org.springframework.boot.autoconfigure.web.BasicErrorController.errorHtml(javax.servlet.http.HttpServletRequest,javax.servlet.http.HttpServletResponse)
2017-03-27 17:11:22.497  INFO 22856 --- [main] o.s.w.s.handler.SimpleUrlHandlerMapping  : Mapped URL path [/webjars/**] onto handler of type [class org.springframework.web.servlet.resource.ResourceHttpRequestHandler]
2017-03-27 17:11:22.497  INFO 22856 --- [main] o.s.w.s.handler.SimpleUrlHandlerMapping  : Mapped URL path [/**] onto handler of type [class org.springframework.web.servlet.resource.ResourceHttpRequestHandler]
2017-03-27 17:11:22.543  INFO 22856 --- [main] o.s.w.s.handler.SimpleUrlHandlerMapping  : Mapped URL path [/**/favicon.ico] onto handler of type [class org.springframework.web.servlet.resource.ResourceHttpRequestHandler]
2017-03-27 17:11:22.860  INFO 22856 --- [main] o.a.c.c.C.[Tomcat].[localhost].[/]       : jolokia: No access restrictor found, access to any MBean is allowed
2017-03-27 17:11:23.450  INFO 22856 --- [main] o.s.b.a.e.mvc.EndpointHandlerMapping     : Mapped "{[/health || /health.json],produces=[application/json]}" onto public java.lang.Object org.springframework.boot.actuate.endpoint.mvc.HealthMvcEndpoint.invoke(java.security.Principal)
2017-03-27 17:11:23.451  INFO 22856 --- [main] o.s.b.a.e.mvc.EndpointHandlerMapping     : Mapped "{[/jolokia/**]}" onto public org.springframework.web.servlet.ModelAndView org.springframework.boot.actuate.endpoint.mvc.JolokiaMvcEndpoint.handle(javax.servlet.http.HttpServletRequest,javax.servlet.http.HttpServletResponse) throws java.lang.Exception
2017-03-27 17:11:23.452  INFO 22856 --- [main] o.s.b.a.e.mvc.EndpointHandlerMapping     : Mapped "{[/dump || /dump.json],methods=[GET],produces=[application/json]}" onto public java.lang.Object org.springframework.boot.actuate.endpoint.mvc.EndpointMvcAdapter.invoke()
2017-03-27 17:11:23.452  INFO 22856 --- [main] o.s.b.a.e.mvc.EndpointHandlerMapping     : Mapped "{[/autoconfig || /autoconfig.json],methods=[GET],produces=[application/json]}" onto public java.lang.Object org.springframework.boot.actuate.endpoint.mvc.EndpointMvcAdapter.invoke()
2017-03-27 17:11:23.453  INFO 22856 --- [main] o.s.b.a.e.mvc.EndpointHandlerMapping     : Mapped "{[/env/{name:.*}],methods=[GET],produces=[application/json]}" onto public java.lang.Object org.springframework.boot.actuate.endpoint.mvc.EnvironmentMvcEndpoint.value(java.lang.String)
2017-03-27 17:11:23.453  INFO 22856 --- [main] o.s.b.a.e.mvc.EndpointHandlerMapping     : Mapped "{[/env || /env.json],methods=[GET],produces=[application/json]}" onto public java.lang.Object org.springframework.boot.actuate.endpoint.mvc.EndpointMvcAdapter.invoke()
2017-03-27 17:11:23.454  INFO 22856 --- [main] o.s.b.a.e.mvc.EndpointHandlerMapping     : Mapped "{[/metrics/{name:.*}],methods=[GET],produces=[application/json]}" onto public java.lang.Object org.springframework.boot.actuate.endpoint.mvc.MetricsMvcEndpoint.value(java.lang.String)
2017-03-27 17:11:23.454  INFO 22856 --- [main] o.s.b.a.e.mvc.EndpointHandlerMapping     : Mapped "{[/metrics || /metrics.json],methods=[GET],produces=[application/json]}" onto public java.lang.Object org.springframework.boot.actuate.endpoint.mvc.EndpointMvcAdapter.invoke()
2017-03-27 17:11:23.461  INFO 22856 --- [main] o.s.b.a.e.mvc.EndpointHandlerMapping     : Mapped "{[/info || /info.json],methods=[GET],produces=[application/json]}" onto public java.lang.Object org.springframework.boot.actuate.endpoint.mvc.EndpointMvcAdapter.invoke()
2017-03-27 17:11:23.462  INFO 22856 --- [main] o.s.b.a.e.mvc.EndpointHandlerMapping     : Mapped "{[/mappings || /mappings.json],methods=[GET],produces=[application/json]}" onto public java.lang.Object org.springframework.boot.actuate.endpoint.mvc.EndpointMvcAdapter.invoke()
2017-03-27 17:11:23.462  INFO 22856 --- [main] o.s.b.a.e.mvc.EndpointHandlerMapping     : Mapped "{[/configprops || /configprops.json],methods=[GET],produces=[application/json]}" onto public java.lang.Object org.springframework.boot.actuate.endpoint.mvc.EndpointMvcAdapter.invoke()
2017-03-27 17:11:23.463  INFO 22856 --- [main] o.s.b.a.e.mvc.EndpointHandlerMapping     : Mapped "{[/logfile || /logfile.json],methods=[GET || HEAD]}" onto public void org.springframework.boot.actuate.endpoint.mvc.LogFileMvcEndpoint.invoke(javax.servlet.http.HttpServletRequest,javax.servlet.http.HttpServletResponse) throws javax.servlet.ServletException,java.io.IOException
2017-03-27 17:11:23.463  INFO 22856 --- [main] o.s.b.a.e.mvc.EndpointHandlerMapping     : Mapped "{[/beans || /beans.json],methods=[GET],produces=[application/json]}" onto public java.lang.Object org.springframework.boot.actuate.endpoint.mvc.EndpointMvcAdapter.invoke()
2017-03-27 17:11:23.463  INFO 22856 --- [main] o.s.b.a.e.mvc.EndpointHandlerMapping     : Mapped "{[/trace || /trace.json],methods=[GET],produces=[application/json]}" onto public java.lang.Object org.springframework.boot.actuate.endpoint.mvc.EndpointMvcAdapter.invoke()
2017-03-27 17:11:23.631  INFO 22856 --- [main] o.s.j.e.a.AnnotationMBeanExporter        : Registering beans for JMX exposure on startup
2017-03-27 17:11:23.649  INFO 22856 --- [main] o.s.c.support.DefaultLifecycleProcessor  : Starting beans in phase 0
2017-03-27 17:11:23.857  INFO 22856 --- [main] s.b.c.e.t.TomcatEmbeddedServletContainer : Tomcat started on port(s): 80 (http)
2017-03-27 17:11:24.031  INFO 22856 --- [main] c.b.spring.boot.nifty.NiftyServerRunner  : Starting Nifty Server on port 8080
2017-03-27 17:11:24.224  INFO 22856 --- [main] c.f.nifty.core.NettyServerTransport      : started transport nifty-1:8080
2017-03-27 17:11:24.226  INFO 22856 --- [main] com.woniu.sncp.pay.CashierAppRun         : Started CashierAppRun in 26.461 seconds (JVM running for 29.364)
2017-03-27 17:19:24.899  INFO 15448 --- [main] com.woniu.sncp.pay.CashierAppRun         : Starting CashierAppRun on 付正亮 with PID 15448 (D:\woniu-git-repository\woniu-microservices\sncp-cashier\cashier-api\target\classes started by fuzl in D:\woniu-git-repository\woniu-microservices\sncp-cashier\cashier-api)
2017-03-27 17:19:24.905  INFO 15448 --- [main] com.woniu.sncp.pay.CashierAppRun         : The following profiles are active: dev
2017-03-27 17:19:24.996  INFO 15448 --- [main] ationConfigEmbeddedWebApplicationContext : Refreshing org.springframework.boot.context.embedded.AnnotationConfigEmbeddedWebApplicationContext@614ca7df: startup date [Mon Mar 27 17:19:24 CST 2017]; root of context hierarchy
2017-03-27 17:19:28.223  INFO 15448 --- [main] o.s.b.f.s.DefaultListableBeanFactory     : Overriding bean definition for bean 'characterEncodingFilter' with a different definition: replacing [Root bean: class [null]; scope=; abstract=false; lazyInit=false; autowireMode=3; dependencyCheck=0; autowireCandidate=true; primary=false; factoryBeanName=cashierWebAppConfig; factoryMethodName=encodingFilterRegistration; initMethodName=null; destroyMethodName=(inferred); defined in class path resource [com/woniu/sncp/pay/CashierWebAppConfig.class]] with [Root bean: class [null]; scope=; abstract=false; lazyInit=false; autowireMode=3; dependencyCheck=0; autowireCandidate=true; primary=false; factoryBeanName=org.springframework.boot.autoconfigure.web.HttpEncodingAutoConfiguration; factoryMethodName=characterEncodingFilter; initMethodName=null; destroyMethodName=(inferred); defined in class path resource [org/springframework/boot/autoconfigure/web/HttpEncodingAutoConfiguration.class]]
2017-03-27 17:19:28.791  INFO 15448 --- [main] f.a.AutowiredAnnotationBeanPostProcessor : JSR-330 'javax.inject.Inject' annotation found and supported for autowiring
2017-03-27 17:19:29.005  INFO 15448 --- [main] trationDelegate$BeanPostProcessorChecker : Bean 'org.springframework.transaction.annotation.ProxyTransactionManagementConfiguration' of type [class org.springframework.transaction.annotation.ProxyTransactionManagementConfiguration$$EnhancerBySpringCGLIB$$27d912e8] is not eligible for getting processed by all BeanPostProcessors (for example: not eligible for auto-proxying)
2017-03-27 17:19:29.883  INFO 15448 --- [main] s.b.c.e.t.TomcatEmbeddedServletContainer : Tomcat initialized with port(s): 80 (http)
2017-03-27 17:19:29.907  INFO 15448 --- [main] o.apache.catalina.core.StandardService   : Starting service Tomcat
2017-03-27 17:19:29.910  INFO 15448 --- [main] org.apache.catalina.core.StandardEngine  : Starting Servlet Engine: Apache Tomcat/8.0.37
2017-03-27 17:19:30.788  INFO 15448 --- [localhost-startStop-1] org.apache.jasper.servlet.TldScanner     : At least one JAR was scanned for TLDs yet contained no TLDs. Enable debug logging for this logger for a complete list of JARs that were scanned but no TLDs were found in them. Skipping unneeded JARs during scanning can improve startup time and JSP compilation time.
2017-03-27 17:19:30.797  INFO 15448 --- [localhost-startStop-1] o.a.c.c.C.[Tomcat].[localhost].[/]       : Initializing Spring embedded WebApplicationContext
2017-03-27 17:19:30.799  INFO 15448 --- [localhost-startStop-1] o.s.web.context.ContextLoader            : Root WebApplicationContext: initialization completed in 5803 ms
2017-03-27 17:19:31.747  INFO 15448 --- [localhost-startStop-1] o.s.b.c.embedded.FilterRegistrationBean  : Mapping filter: 'characterEncodingFilter' to: [/*]
2017-03-27 17:19:31.748  INFO 15448 --- [localhost-startStop-1] o.s.b.c.embedded.FilterRegistrationBean  : Mapping filter: 'metricsFilter' to: [/*]
2017-03-27 17:19:31.748  INFO 15448 --- [localhost-startStop-1] o.s.b.c.embedded.FilterRegistrationBean  : Mapping filter: 'hiddenHttpMethodFilter' to: [/*]
2017-03-27 17:19:31.748  INFO 15448 --- [localhost-startStop-1] o.s.b.c.embedded.FilterRegistrationBean  : Mapping filter: 'httpPutFormContentFilter' to: [/*]
2017-03-27 17:19:31.749  INFO 15448 --- [localhost-startStop-1] o.s.b.c.embedded.FilterRegistrationBean  : Mapping filter: 'requestContextFilter' to: [/*]
2017-03-27 17:19:31.750  INFO 15448 --- [localhost-startStop-1] .e.DelegatingFilterProxyRegistrationBean : Mapping filter: 'springSecurityFilterChain' to: [/*]
2017-03-27 17:19:31.751  INFO 15448 --- [localhost-startStop-1] o.s.b.c.embedded.FilterRegistrationBean  : Mapping filter: 'logoutFilter' to urls: [/logout]
2017-03-27 17:19:31.751  INFO 15448 --- [localhost-startStop-1] o.s.b.c.embedded.FilterRegistrationBean  : Mapping filter: 'singleSignOutFilter' to urls: [/logout]
2017-03-27 17:19:31.752  INFO 15448 --- [localhost-startStop-1] o.s.b.c.embedded.FilterRegistrationBean  : Mapping filter: 'authenticationFilter' to urls: [/sso/**, /m/sso/**, /security/*, /security/ttb/pay]
2017-03-27 17:19:31.752  INFO 15448 --- [localhost-startStop-1] o.apache.catalina.core.StandardContext   : Suspicious url pattern: "/sso/**" in context [] - see sections 12.1 and 12.2 of the Servlet specification
2017-03-27 17:19:31.752  INFO 15448 --- [localhost-startStop-1] o.apache.catalina.core.StandardContext   : Suspicious url pattern: "/m/sso/**" in context [] - see sections 12.1 and 12.2 of the Servlet specification
2017-03-27 17:19:31.753  INFO 15448 --- [localhost-startStop-1] o.s.b.c.embedded.FilterRegistrationBean  : Mapping filter: 'cas20ProxyReceivingTicketValidationFilter' to urls: [/*]
2017-03-27 17:19:31.753  INFO 15448 --- [localhost-startStop-1] o.s.b.c.embedded.FilterRegistrationBean  : Mapping filter: 'httpServletRequestWrapperFilter' to urls: [/*]
2017-03-27 17:19:31.753  INFO 15448 --- [localhost-startStop-1] o.s.b.c.embedded.FilterRegistrationBean  : Mapping filter: 'assertionThreadLocalFilter' to urls: [/*]
2017-03-27 17:19:31.754  INFO 15448 --- [localhost-startStop-1] o.s.b.c.embedded.FilterRegistrationBean  : Mapping filter: 'webRequestLoggingFilter' to: [/*]
2017-03-27 17:19:31.754  INFO 15448 --- [localhost-startStop-1] o.s.b.c.embedded.FilterRegistrationBean  : Mapping filter: 'applicationContextIdFilter' to: [/*]
2017-03-27 17:19:31.755  INFO 15448 --- [localhost-startStop-1] o.s.b.c.e.ServletRegistrationBean        : Mapping servlet: 'dispatcherServlet' to [/]
2017-03-27 17:19:31.795  INFO 15448 --- [localhost-startStop-1] .j.c.c.c.WebXmlConfigurationStrategyImpl : Property [org.jasig.cas.client.configuration.ConfigurationKey@7f8b5198] loaded from FilterConfig.getInitParameter with value [https://sso.woniu.com]
2017-03-27 17:19:31.981  INFO 15448 --- [localhost-startStop-1] b.a.s.AuthenticationManagerConfiguration : 

Using default security password: 46ef63b1-41af-420d-a050-4260fcf8ee09

2017-03-27 17:19:32.045  INFO 15448 --- [localhost-startStop-1] o.s.s.web.DefaultSecurityFilterChain     : Creating filter chain: OrRequestMatcher [requestMatchers=[Ant [pattern='/css/**'], Ant [pattern='/js/**'], Ant [pattern='/images/**'], Ant [pattern='/**/favicon.ico'], Ant [pattern='/error']]], []
2017-03-27 17:19:32.107  INFO 15448 --- [localhost-startStop-1] o.s.s.web.DefaultSecurityFilterChain     : Creating filter chain: org.springframework.security.web.util.matcher.AnyRequestMatcher@1, [org.springframework.security.web.context.request.async.WebAsyncManagerIntegrationFilter@3f8f842b, org.springframework.security.web.context.SecurityContextPersistenceFilter@280e8bad, org.springframework.security.web.header.HeaderWriterFilter@7c7ba09e, org.springframework.security.web.authentication.logout.LogoutFilter@3769ce5c, org.springframework.security.web.savedrequest.RequestCacheAwareFilter@2d4836af, org.springframework.security.web.servletapi.SecurityContextHolderAwareRequestFilter@41aef8c0, org.springframework.security.web.authentication.AnonymousAuthenticationFilter@46edb6a8, org.springframework.security.web.session.SessionManagementFilter@20a2778a, org.springframework.security.web.access.ExceptionTranslationFilter@7196d25b]
2017-03-27 17:19:32.152  INFO 15448 --- [localhost-startStop-1] o.s.s.web.DefaultSecurityFilterChain     : Creating filter chain: org.springframework.boot.actuate.autoconfigure.ManagementWebSecurityAutoConfiguration$LazyEndpointPathRequestMatcher@5d679900, [org.springframework.security.web.context.request.async.WebAsyncManagerIntegrationFilter@292e587f, org.springframework.security.web.context.SecurityContextPersistenceFilter@2a5b80cb, org.springframework.security.web.header.HeaderWriterFilter@387878fe, org.springframework.security.web.authentication.logout.LogoutFilter@22635e4f, org.springframework.security.web.authentication.www.BasicAuthenticationFilter@7280c7b4, org.springframework.security.web.savedrequest.RequestCacheAwareFilter@40c135b8, org.springframework.security.web.servletapi.SecurityContextHolderAwareRequestFilter@3b850ad6, org.springframework.security.web.authentication.AnonymousAuthenticationFilter@2800995b, org.springframework.security.web.session.SessionManagementFilter@715d1455, org.springframework.security.web.access.ExceptionTranslationFilter@56f790e8, org.springframework.security.web.access.intercept.FilterSecurityInterceptor@e2c7ede]
2017-03-27 17:19:32.166  INFO 15448 --- [localhost-startStop-1] .j.c.c.c.WebXmlConfigurationStrategyImpl : Property [org.jasig.cas.client.configuration.ConfigurationKey@46759b58] loaded from FilterConfig.getInitParameter with value [http://cashier.woniu.com]
2017-03-27 17:19:32.167  INFO 15448 --- [localhost-startStop-1] .j.c.c.c.WebXmlConfigurationStrategyImpl : Property [org.jasig.cas.client.configuration.ConfigurationKey@2791ac6f] loaded from FilterConfig.getInitParameter with value [/login]
2017-03-27 17:19:32.169  INFO 15448 --- [localhost-startStop-1] .j.c.c.c.WebXmlConfigurationStrategyImpl : Property [org.jasig.cas.client.configuration.ConfigurationKey@46759b58] loaded from FilterConfig.getInitParameter with value [http://cashier.woniu.com]
2017-03-27 17:19:32.172  INFO 15448 --- [localhost-startStop-1] .j.c.c.c.WebXmlConfigurationStrategyImpl : Property [org.jasig.cas.client.configuration.ConfigurationKey@7f8b5198] loaded from FilterConfig.getInitParameter with value [https://sso.woniu.com]
2017-03-27 17:19:32.663  WARN 15448 --- [main] o.a.tomcat.jdbc.pool.ConnectionPool      : maxIdle is smaller than minIdle, setting maxIdle to: 10
2017-03-27 17:19:33.526  INFO 15448 --- [main] j.LocalContainerEntityManagerFactoryBean : Building JPA container EntityManagerFactory for persistence unit 'gamePersistenceUnit'
2017-03-27 17:19:33.555  INFO 15448 --- [main] o.hibernate.jpa.internal.util.LogHelper  : HHH000204: Processing PersistenceUnitInfo [
	name: gamePersistenceUnit
	...]
2017-03-27 17:19:33.646  INFO 15448 --- [main] org.hibernate.Version                    : HHH000412: Hibernate Core {4.3.11.Final}
2017-03-27 17:19:33.648  INFO 15448 --- [main] org.hibernate.cfg.Environment            : HHH000206: hibernate.properties not found
2017-03-27 17:19:33.650  INFO 15448 --- [main] org.hibernate.cfg.Environment            : HHH000021: Bytecode provider name : javassist
2017-03-27 17:19:33.844  INFO 15448 --- [main] o.hibernate.annotations.common.Version   : HCANN000001: Hibernate Commons Annotations {4.0.5.Final}
2017-03-27 17:19:33.910  INFO 15448 --- [main] org.hibernate.dialect.Dialect            : HHH000400: Using dialect: org.hibernate.dialect.MySQL5Dialect
2017-03-27 17:19:34.042  INFO 15448 --- [main] o.h.h.i.ast.ASTQueryTranslatorFactory    : HHH000397: Using ASTQueryTranslatorFactory
2017-03-27 17:19:34.430  WARN 15448 --- [main] o.a.tomcat.jdbc.pool.ConnectionPool      : maxIdle is smaller than minIdle, setting maxIdle to: 10
2017-03-27 17:19:34.742  INFO 15448 --- [main] j.LocalContainerEntityManagerFactoryBean : Building JPA container EntityManagerFactory for persistence unit 'passportPersistenceUnit'
2017-03-27 17:19:34.742  INFO 15448 --- [main] o.hibernate.jpa.internal.util.LogHelper  : HHH000204: Processing PersistenceUnitInfo [
	name: passportPersistenceUnit
	...]
2017-03-27 17:19:34.780  INFO 15448 --- [main] org.hibernate.dialect.Dialect            : HHH000400: Using dialect: org.hibernate.dialect.MySQL5Dialect
2017-03-27 17:19:34.792  INFO 15448 --- [main] o.h.h.i.ast.ASTQueryTranslatorFactory    : HHH000397: Using ASTQueryTranslatorFactory
2017-03-27 17:19:34.826  WARN 15448 --- [main] o.a.tomcat.jdbc.pool.ConnectionPool      : maxIdle is smaller than minIdle, setting maxIdle to: 10
2017-03-27 17:19:37.958  INFO 15448 --- [main] j.LocalContainerEntityManagerFactoryBean : Building JPA container EntityManagerFactory for persistence unit 'persistenceUnit'
2017-03-27 17:19:37.958  INFO 15448 --- [main] o.hibernate.jpa.internal.util.LogHelper  : HHH000204: Processing PersistenceUnitInfo [
	name: persistenceUnit
	...]
2017-03-27 17:19:37.981  INFO 15448 --- [main] org.hibernate.dialect.Dialect            : HHH000400: Using dialect: org.hibernate.dialect.MySQL5Dialect
2017-03-27 17:19:38.006  INFO 15448 --- [main] o.h.h.i.ast.ASTQueryTranslatorFactory    : HHH000397: Using ASTQueryTranslatorFactory
2017-03-27 17:19:38.059  WARN 15448 --- [main] o.a.tomcat.jdbc.pool.ConnectionPool      : maxIdle is smaller than minIdle, setting maxIdle to: 10
2017-03-27 17:19:38.326  INFO 15448 --- [main] j.LocalContainerEntityManagerFactoryBean : Building JPA container EntityManagerFactory for persistence unit 'queuePersistenceUnit'
2017-03-27 17:19:38.326  INFO 15448 --- [main] o.hibernate.jpa.internal.util.LogHelper  : HHH000204: Processing PersistenceUnitInfo [
	name: queuePersistenceUnit
	...]
2017-03-27 17:19:38.361  INFO 15448 --- [main] org.hibernate.dialect.Dialect            : HHH000400: Using dialect: org.hibernate.dialect.MySQL5Dialect
2017-03-27 17:19:38.394  INFO 15448 --- [main] o.h.h.i.ast.ASTQueryTranslatorFactory    : HHH000397: Using ASTQueryTranslatorFactory
2017-03-27 17:19:38.588  WARN 15448 --- [main] ationConfigEmbeddedWebApplicationContext : Exception encountered during context initialization - cancelling refresh attempt: org.springframework.beans.factory.BeanCreationException: Error creating bean with name 'indexController': Injection of autowired dependencies failed; nested exception is org.springframework.beans.factory.BeanCreationException: Could not autowire field: private com.woniu.sncp.pay.core.service.PaymentOrderService com.woniu.sncp.pay.IndexController.paymentOrderService; nested exception is java.lang.NoClassDefFoundError: PaymentOrder
2017-03-27 17:19:38.590  INFO 15448 --- [main] j.LocalContainerEntityManagerFactoryBean : Closing JPA EntityManagerFactory for persistence unit 'queuePersistenceUnit'
2017-03-27 17:19:38.605  INFO 15448 --- [main] j.LocalContainerEntityManagerFactoryBean : Closing JPA EntityManagerFactory for persistence unit 'persistenceUnit'
2017-03-27 17:19:38.606  INFO 15448 --- [main] j.LocalContainerEntityManagerFactoryBean : Closing JPA EntityManagerFactory for persistence unit 'passportPersistenceUnit'
2017-03-27 17:19:38.607  INFO 15448 --- [main] j.LocalContainerEntityManagerFactoryBean : Closing JPA EntityManagerFactory for persistence unit 'gamePersistenceUnit'
2017-03-27 17:19:38.628  INFO 15448 --- [main] o.apache.catalina.core.StandardService   : Stopping service Tomcat
2017-03-27 17:19:38.663  WARN 15448 --- [localhost-startStop-1] o.a.c.loader.WebappClassLoaderBase       : The web application [ROOT] appears to have started a thread named [Timer-0] but has failed to stop it. This is very likely to create a memory leak. Stack trace of thread:
 java.lang.Object.wait(Native Method)
 java.util.TimerThread.mainLoop(Timer.java:552)
 java.util.TimerThread.run(Timer.java:505)
2017-03-27 17:19:38.675 ERROR 15448 --- [main] o.s.boot.SpringApplication               : Application startup failed

org.springframework.beans.factory.BeanCreationException: Error creating bean with name 'indexController': Injection of autowired dependencies failed; nested exception is org.springframework.beans.factory.BeanCreationException: Could not autowire field: private com.woniu.sncp.pay.core.service.PaymentOrderService com.woniu.sncp.pay.IndexController.paymentOrderService; nested exception is java.lang.NoClassDefFoundError: PaymentOrder
	at org.springframework.beans.factory.annotation.AutowiredAnnotationBeanPostProcessor.postProcessPropertyValues(AutowiredAnnotationBeanPostProcessor.java:334)
	at org.springframework.beans.factory.support.AbstractAutowireCapableBeanFactory.populateBean(AbstractAutowireCapableBeanFactory.java:1218)
	at org.springframework.beans.factory.support.AbstractAutowireCapableBeanFactory.doCreateBean(AbstractAutowireCapableBeanFactory.java:543)
	at org.springframework.beans.factory.support.AbstractAutowireCapableBeanFactory.createBean(AbstractAutowireCapableBeanFactory.java:482)
	at org.springframework.beans.factory.support.AbstractBeanFactory$1.getObject(AbstractBeanFactory.java:306)
	at org.springframework.beans.factory.support.DefaultSingletonBeanRegistry.getSingleton(DefaultSingletonBeanRegistry.java:230)
	at org.springframework.beans.factory.support.AbstractBeanFactory.doGetBean(AbstractBeanFactory.java:302)
	at org.springframework.beans.factory.support.AbstractBeanFactory.getBean(AbstractBeanFactory.java:197)
	at org.springframework.beans.factory.support.DefaultListableBeanFactory.preInstantiateSingletons(DefaultListableBeanFactory.java:778)
	at org.springframework.context.support.AbstractApplicationContext.finishBeanFactoryInitialization(AbstractApplicationContext.java:839)
	at org.springframework.context.support.AbstractApplicationContext.refresh(AbstractApplicationContext.java:538)
	at org.springframework.boot.context.embedded.EmbeddedWebApplicationContext.refresh(EmbeddedWebApplicationContext.java:118)
	at org.springframework.boot.SpringApplication.refresh(SpringApplication.java:760)
	at org.springframework.boot.SpringApplication.createAndRefreshContext(SpringApplication.java:360)
	at org.springframework.boot.SpringApplication.run(SpringApplication.java:306)
	at org.springframework.boot.SpringApplication.run(SpringApplication.java:1185)
	at org.springframework.boot.SpringApplication.run(SpringApplication.java:1174)
	at com.woniu.sncp.pay.CashierAppRun.main(CashierAppRun.java:30)
Caused by: org.springframework.beans.factory.BeanCreationException: Could not autowire field: private com.woniu.sncp.pay.core.service.PaymentOrderService com.woniu.sncp.pay.IndexController.paymentOrderService; nested exception is java.lang.NoClassDefFoundError: PaymentOrder
	at org.springframework.beans.factory.annotation.AutowiredAnnotationBeanPostProcessor$AutowiredFieldElement.inject(AutowiredAnnotationBeanPostProcessor.java:573)
	at org.springframework.beans.factory.annotation.InjectionMetadata.inject(InjectionMetadata.java:88)
	at org.springframework.beans.factory.annotation.AutowiredAnnotationBeanPostProcessor.postProcessPropertyValues(AutowiredAnnotationBeanPostProcessor.java:331)
	... 17 common frames omitted
Caused by: java.lang.NoClassDefFoundError: PaymentOrder
	at java.lang.Class.getDeclaredMethods0(Native Method)
	at java.lang.Class.privateGetDeclaredMethods(Class.java:2701)
	at java.lang.Class.getDeclaredMethods(Class.java:1975)
	at org.springframework.util.ReflectionUtils.getDeclaredMethods(ReflectionUtils.java:612)
	at org.springframework.util.ReflectionUtils.doWithMethods(ReflectionUtils.java:524)
	at org.springframework.util.ReflectionUtils.doWithMethods(ReflectionUtils.java:510)
	at org.springframework.beans.factory.annotation.AutowiredAnnotationBeanPostProcessor.determineCandidateConstructors(AutowiredAnnotationBeanPostProcessor.java:241)
	at org.springframework.beans.factory.support.AbstractAutowireCapableBeanFactory.determineConstructorsFromBeanPostProcessors(AbstractAutowireCapableBeanFactory.java:1073)
	at org.springframework.beans.factory.support.AbstractAutowireCapableBeanFactory.createBeanInstance(AbstractAutowireCapableBeanFactory.java:1046)
	at org.springframework.beans.factory.support.AbstractAutowireCapableBeanFactory.doCreateBean(AbstractAutowireCapableBeanFactory.java:510)
	at org.springframework.beans.factory.support.AbstractAutowireCapableBeanFactory.createBean(AbstractAutowireCapableBeanFactory.java:482)
	at org.springframework.beans.factory.support.AbstractBeanFactory$1.getObject(AbstractBeanFactory.java:306)
	at org.springframework.beans.factory.support.DefaultSingletonBeanRegistry.getSingleton(DefaultSingletonBeanRegistry.java:230)
	at org.springframework.beans.factory.support.AbstractBeanFactory.doGetBean(AbstractBeanFactory.java:302)
	at org.springframework.beans.factory.support.AbstractBeanFactory.getBean(AbstractBeanFactory.java:197)
	at org.springframework.beans.factory.support.DefaultListableBeanFactory.findAutowireCandidates(DefaultListableBeanFactory.java:1199)
	at org.springframework.beans.factory.support.DefaultListableBeanFactory.doResolveDependency(DefaultListableBeanFactory.java:1123)
	at org.springframework.beans.factory.support.DefaultListableBeanFactory.resolveDependency(DefaultListableBeanFactory.java:1021)
	at org.springframework.beans.factory.annotation.AutowiredAnnotationBeanPostProcessor$AutowiredFieldElement.inject(AutowiredAnnotationBeanPostProcessor.java:545)
	... 19 common frames omitted
Caused by: java.lang.ClassNotFoundException: PaymentOrder
	at java.net.URLClassLoader.findClass(URLClassLoader.java:381)
	at java.lang.ClassLoader.loadClass(ClassLoader.java:424)
	at sun.misc.Launcher$AppClassLoader.loadClass(Launcher.java:331)
	at java.lang.ClassLoader.loadClass(ClassLoader.java:357)
	... 38 common frames omitted

2017-03-27 17:19:38.683  WARN 15448 --- [main] o.s.boot.SpringApplication               : Error handling failed (Error creating bean with name 'delegatingApplicationListener' defined in class path resource [org/springframework/security/config/annotation/web/configuration/WebSecurityConfiguration.class]: BeanPostProcessor before instantiation of bean failed; nested exception is org.springframework.beans.factory.BeanCreationException: Error creating bean with name 'org.springframework.transaction.annotation.ProxyTransactionManagementConfiguration': Initialization of bean failed; nested exception is org.springframework.beans.factory.NoSuchBeanDefinitionException: No bean named 'org.springframework.context.annotation.ConfigurationClassPostProcessor.importRegistry' is defined)
2017-03-27 17:23:37.462  INFO 7704 --- [main] com.woniu.sncp.pay.CashierAppRun         : Starting CashierAppRun on 付正亮 with PID 7704 (D:\woniu-git-repository\woniu-microservices\sncp-cashier\cashier-api\target\classes started by fuzl in D:\woniu-git-repository\woniu-microservices\sncp-cashier\cashier-api)
2017-03-27 17:23:37.466  INFO 7704 --- [main] com.woniu.sncp.pay.CashierAppRun         : The following profiles are active: dev
2017-03-27 17:23:37.517  INFO 7704 --- [main] ationConfigEmbeddedWebApplicationContext : Refreshing org.springframework.boot.context.embedded.AnnotationConfigEmbeddedWebApplicationContext@614ca7df: startup date [Mon Mar 27 17:23:37 CST 2017]; root of context hierarchy
2017-03-27 17:23:40.827  INFO 7704 --- [main] o.s.b.f.s.DefaultListableBeanFactory     : Overriding bean definition for bean 'characterEncodingFilter' with a different definition: replacing [Root bean: class [null]; scope=; abstract=false; lazyInit=false; autowireMode=3; dependencyCheck=0; autowireCandidate=true; primary=false; factoryBeanName=cashierWebAppConfig; factoryMethodName=encodingFilterRegistration; initMethodName=null; destroyMethodName=(inferred); defined in class path resource [com/woniu/sncp/pay/CashierWebAppConfig.class]] with [Root bean: class [null]; scope=; abstract=false; lazyInit=false; autowireMode=3; dependencyCheck=0; autowireCandidate=true; primary=false; factoryBeanName=org.springframework.boot.autoconfigure.web.HttpEncodingAutoConfiguration; factoryMethodName=characterEncodingFilter; initMethodName=null; destroyMethodName=(inferred); defined in class path resource [org/springframework/boot/autoconfigure/web/HttpEncodingAutoConfiguration.class]]
2017-03-27 17:23:41.485  INFO 7704 --- [main] f.a.AutowiredAnnotationBeanPostProcessor : JSR-330 'javax.inject.Inject' annotation found and supported for autowiring
2017-03-27 17:23:41.762  INFO 7704 --- [main] trationDelegate$BeanPostProcessorChecker : Bean 'org.springframework.transaction.annotation.ProxyTransactionManagementConfiguration' of type [class org.springframework.transaction.annotation.ProxyTransactionManagementConfiguration$$EnhancerBySpringCGLIB$$27d912e8] is not eligible for getting processed by all BeanPostProcessors (for example: not eligible for auto-proxying)
2017-03-27 17:23:42.702  INFO 7704 --- [main] s.b.c.e.t.TomcatEmbeddedServletContainer : Tomcat initialized with port(s): 80 (http)
2017-03-27 17:23:42.725  INFO 7704 --- [main] o.apache.catalina.core.StandardService   : Starting service Tomcat
2017-03-27 17:23:42.726  INFO 7704 --- [main] org.apache.catalina.core.StandardEngine  : Starting Servlet Engine: Apache Tomcat/8.0.37
2017-03-27 17:23:43.611  INFO 7704 --- [localhost-startStop-1] org.apache.jasper.servlet.TldScanner     : At least one JAR was scanned for TLDs yet contained no TLDs. Enable debug logging for this logger for a complete list of JARs that were scanned but no TLDs were found in them. Skipping unneeded JARs during scanning can improve startup time and JSP compilation time.
2017-03-27 17:23:43.619  INFO 7704 --- [localhost-startStop-1] o.a.c.c.C.[Tomcat].[localhost].[/]       : Initializing Spring embedded WebApplicationContext
2017-03-27 17:23:43.619  INFO 7704 --- [localhost-startStop-1] o.s.web.context.ContextLoader            : Root WebApplicationContext: initialization completed in 6102 ms
2017-03-27 17:23:44.712  INFO 7704 --- [localhost-startStop-1] o.s.b.c.embedded.FilterRegistrationBean  : Mapping filter: 'characterEncodingFilter' to: [/*]
2017-03-27 17:23:44.713  INFO 7704 --- [localhost-startStop-1] o.s.b.c.embedded.FilterRegistrationBean  : Mapping filter: 'metricsFilter' to: [/*]
2017-03-27 17:23:44.713  INFO 7704 --- [localhost-startStop-1] o.s.b.c.embedded.FilterRegistrationBean  : Mapping filter: 'hiddenHttpMethodFilter' to: [/*]
2017-03-27 17:23:44.713  INFO 7704 --- [localhost-startStop-1] o.s.b.c.embedded.FilterRegistrationBean  : Mapping filter: 'httpPutFormContentFilter' to: [/*]
2017-03-27 17:23:44.714  INFO 7704 --- [localhost-startStop-1] o.s.b.c.embedded.FilterRegistrationBean  : Mapping filter: 'requestContextFilter' to: [/*]
2017-03-27 17:23:44.715  INFO 7704 --- [localhost-startStop-1] .e.DelegatingFilterProxyRegistrationBean : Mapping filter: 'springSecurityFilterChain' to: [/*]
2017-03-27 17:23:44.716  INFO 7704 --- [localhost-startStop-1] o.s.b.c.embedded.FilterRegistrationBean  : Mapping filter: 'logoutFilter' to urls: [/logout]
2017-03-27 17:23:44.716  INFO 7704 --- [localhost-startStop-1] o.s.b.c.embedded.FilterRegistrationBean  : Mapping filter: 'singleSignOutFilter' to urls: [/logout]
2017-03-27 17:23:44.717  INFO 7704 --- [localhost-startStop-1] o.s.b.c.embedded.FilterRegistrationBean  : Mapping filter: 'authenticationFilter' to urls: [/sso/**, /m/sso/**, /security/*, /security/ttb/pay]
2017-03-27 17:23:44.717  INFO 7704 --- [localhost-startStop-1] o.apache.catalina.core.StandardContext   : Suspicious url pattern: "/sso/**" in context [] - see sections 12.1 and 12.2 of the Servlet specification
2017-03-27 17:23:44.718  INFO 7704 --- [localhost-startStop-1] o.apache.catalina.core.StandardContext   : Suspicious url pattern: "/m/sso/**" in context [] - see sections 12.1 and 12.2 of the Servlet specification
2017-03-27 17:23:44.718  INFO 7704 --- [localhost-startStop-1] o.s.b.c.embedded.FilterRegistrationBean  : Mapping filter: 'cas20ProxyReceivingTicketValidationFilter' to urls: [/*]
2017-03-27 17:23:44.718  INFO 7704 --- [localhost-startStop-1] o.s.b.c.embedded.FilterRegistrationBean  : Mapping filter: 'httpServletRequestWrapperFilter' to urls: [/*]
2017-03-27 17:23:44.719  INFO 7704 --- [localhost-startStop-1] o.s.b.c.embedded.FilterRegistrationBean  : Mapping filter: 'assertionThreadLocalFilter' to urls: [/*]
2017-03-27 17:23:44.719  INFO 7704 --- [localhost-startStop-1] o.s.b.c.embedded.FilterRegistrationBean  : Mapping filter: 'webRequestLoggingFilter' to: [/*]
2017-03-27 17:23:44.720  INFO 7704 --- [localhost-startStop-1] o.s.b.c.embedded.FilterRegistrationBean  : Mapping filter: 'applicationContextIdFilter' to: [/*]
2017-03-27 17:23:44.721  INFO 7704 --- [localhost-startStop-1] o.s.b.c.e.ServletRegistrationBean        : Mapping servlet: 'dispatcherServlet' to [/]
2017-03-27 17:23:44.765  INFO 7704 --- [localhost-startStop-1] .j.c.c.c.WebXmlConfigurationStrategyImpl : Property [org.jasig.cas.client.configuration.ConfigurationKey@6c6b4663] loaded from FilterConfig.getInitParameter with value [https://sso.woniu.com]
2017-03-27 17:23:45.019  INFO 7704 --- [localhost-startStop-1] b.a.s.AuthenticationManagerConfiguration : 

Using default security password: c8d8b2a7-4398-4507-a40f-d90fdd08dd3c

2017-03-27 17:23:45.141  INFO 7704 --- [localhost-startStop-1] o.s.s.web.DefaultSecurityFilterChain     : Creating filter chain: OrRequestMatcher [requestMatchers=[Ant [pattern='/css/**'], Ant [pattern='/js/**'], Ant [pattern='/images/**'], Ant [pattern='/**/favicon.ico'], Ant [pattern='/error']]], []
2017-03-27 17:23:45.212  INFO 7704 --- [localhost-startStop-1] o.s.s.web.DefaultSecurityFilterChain     : Creating filter chain: org.springframework.security.web.util.matcher.AnyRequestMatcher@1, [org.springframework.security.web.context.request.async.WebAsyncManagerIntegrationFilter@139804a7, org.springframework.security.web.context.SecurityContextPersistenceFilter@33cd8080, org.springframework.security.web.header.HeaderWriterFilter@4ff9b3a, org.springframework.security.web.authentication.logout.LogoutFilter@9291879, org.springframework.security.web.savedrequest.RequestCacheAwareFilter@61f7baf6, org.springframework.security.web.servletapi.SecurityContextHolderAwareRequestFilter@7efb3911, org.springframework.security.web.authentication.AnonymousAuthenticationFilter@52b32c7d, org.springframework.security.web.session.SessionManagementFilter@74635380, org.springframework.security.web.access.ExceptionTranslationFilter@3e1617f0]
2017-03-27 17:23:45.275  INFO 7704 --- [localhost-startStop-1] o.s.s.web.DefaultSecurityFilterChain     : Creating filter chain: org.springframework.boot.actuate.autoconfigure.ManagementWebSecurityAutoConfiguration$LazyEndpointPathRequestMatcher@54f4baed, [org.springframework.security.web.context.request.async.WebAsyncManagerIntegrationFilter@76e3cdeb, org.springframework.security.web.context.SecurityContextPersistenceFilter@3761e6a, org.springframework.security.web.header.HeaderWriterFilter@42cb1205, org.springframework.security.web.authentication.logout.LogoutFilter@42d3935b, org.springframework.security.web.authentication.www.BasicAuthenticationFilter@38f358c0, org.springframework.security.web.savedrequest.RequestCacheAwareFilter@6efd0500, org.springframework.security.web.servletapi.SecurityContextHolderAwareRequestFilter@74bc79e0, org.springframework.security.web.authentication.AnonymousAuthenticationFilter@28da19aa, org.springframework.security.web.session.SessionManagementFilter@3ff12501, org.springframework.security.web.access.ExceptionTranslationFilter@20c9a5e9, org.springframework.security.web.access.intercept.FilterSecurityInterceptor@76edc273]
2017-03-27 17:23:45.289  INFO 7704 --- [localhost-startStop-1] .j.c.c.c.WebXmlConfigurationStrategyImpl : Property [org.jasig.cas.client.configuration.ConfigurationKey@7f85aedf] loaded from FilterConfig.getInitParameter with value [http://cashier.woniu.com]
2017-03-27 17:23:45.291  INFO 7704 --- [localhost-startStop-1] .j.c.c.c.WebXmlConfigurationStrategyImpl : Property [org.jasig.cas.client.configuration.ConfigurationKey@56fc001] loaded from FilterConfig.getInitParameter with value [/login]
2017-03-27 17:23:45.293  INFO 7704 --- [localhost-startStop-1] .j.c.c.c.WebXmlConfigurationStrategyImpl : Property [org.jasig.cas.client.configuration.ConfigurationKey@7f85aedf] loaded from FilterConfig.getInitParameter with value [http://cashier.woniu.com]
2017-03-27 17:23:45.297  INFO 7704 --- [localhost-startStop-1] .j.c.c.c.WebXmlConfigurationStrategyImpl : Property [org.jasig.cas.client.configuration.ConfigurationKey@6c6b4663] loaded from FilterConfig.getInitParameter with value [https://sso.woniu.com]
2017-03-27 17:23:45.756  WARN 7704 --- [main] o.a.tomcat.jdbc.pool.ConnectionPool      : maxIdle is smaller than minIdle, setting maxIdle to: 10
2017-03-27 17:23:46.578  INFO 7704 --- [main] j.LocalContainerEntityManagerFactoryBean : Building JPA container EntityManagerFactory for persistence unit 'gamePersistenceUnit'
2017-03-27 17:23:46.608  INFO 7704 --- [main] o.hibernate.jpa.internal.util.LogHelper  : HHH000204: Processing PersistenceUnitInfo [
	name: gamePersistenceUnit
	...]
2017-03-27 17:23:46.703  INFO 7704 --- [main] org.hibernate.Version                    : HHH000412: Hibernate Core {4.3.11.Final}
2017-03-27 17:23:46.706  INFO 7704 --- [main] org.hibernate.cfg.Environment            : HHH000206: hibernate.properties not found
2017-03-27 17:23:46.708  INFO 7704 --- [main] org.hibernate.cfg.Environment            : HHH000021: Bytecode provider name : javassist
2017-03-27 17:23:47.012  INFO 7704 --- [main] o.hibernate.annotations.common.Version   : HCANN000001: Hibernate Commons Annotations {4.0.5.Final}
2017-03-27 17:23:47.137  INFO 7704 --- [main] org.hibernate.dialect.Dialect            : HHH000400: Using dialect: org.hibernate.dialect.MySQL5Dialect
2017-03-27 17:23:47.344  INFO 7704 --- [main] o.h.h.i.ast.ASTQueryTranslatorFactory    : HHH000397: Using ASTQueryTranslatorFactory
2017-03-27 17:23:47.861  WARN 7704 --- [main] o.a.tomcat.jdbc.pool.ConnectionPool      : maxIdle is smaller than minIdle, setting maxIdle to: 10
2017-03-27 17:23:48.047  INFO 7704 --- [main] j.LocalContainerEntityManagerFactoryBean : Building JPA container EntityManagerFactory for persistence unit 'passportPersistenceUnit'
2017-03-27 17:23:48.047  INFO 7704 --- [main] o.hibernate.jpa.internal.util.LogHelper  : HHH000204: Processing PersistenceUnitInfo [
	name: passportPersistenceUnit
	...]
2017-03-27 17:23:48.079  INFO 7704 --- [main] org.hibernate.dialect.Dialect            : HHH000400: Using dialect: org.hibernate.dialect.MySQL5Dialect
2017-03-27 17:23:48.094  INFO 7704 --- [main] o.h.h.i.ast.ASTQueryTranslatorFactory    : HHH000397: Using ASTQueryTranslatorFactory
2017-03-27 17:23:48.139  WARN 7704 --- [main] o.a.tomcat.jdbc.pool.ConnectionPool      : maxIdle is smaller than minIdle, setting maxIdle to: 10
2017-03-27 17:23:48.352  INFO 7704 --- [main] j.LocalContainerEntityManagerFactoryBean : Building JPA container EntityManagerFactory for persistence unit 'persistenceUnit'
2017-03-27 17:23:48.354  INFO 7704 --- [main] o.hibernate.jpa.internal.util.LogHelper  : HHH000204: Processing PersistenceUnitInfo [
	name: persistenceUnit
	...]
2017-03-27 17:23:48.400  INFO 7704 --- [main] org.hibernate.dialect.Dialect            : HHH000400: Using dialect: org.hibernate.dialect.MySQL5Dialect
2017-03-27 17:23:48.416  INFO 7704 --- [main] o.h.h.i.ast.ASTQueryTranslatorFactory    : HHH000397: Using ASTQueryTranslatorFactory
2017-03-27 17:23:48.524  WARN 7704 --- [main] o.a.tomcat.jdbc.pool.ConnectionPool      : maxIdle is smaller than minIdle, setting maxIdle to: 10
2017-03-27 17:23:48.704  INFO 7704 --- [main] j.LocalContainerEntityManagerFactoryBean : Building JPA container EntityManagerFactory for persistence unit 'queuePersistenceUnit'
2017-03-27 17:23:48.704  INFO 7704 --- [main] o.hibernate.jpa.internal.util.LogHelper  : HHH000204: Processing PersistenceUnitInfo [
	name: queuePersistenceUnit
	...]
2017-03-27 17:23:48.735  INFO 7704 --- [main] org.hibernate.dialect.Dialect            : HHH000400: Using dialect: org.hibernate.dialect.MySQL5Dialect
2017-03-27 17:23:48.758  INFO 7704 --- [main] o.h.h.i.ast.ASTQueryTranslatorFactory    : HHH000397: Using ASTQueryTranslatorFactory
2017-03-27 17:23:49.700  WARN 7704 --- [main] net.rubyeye.xmemcached.XMemcachedClient  : XMemcachedClient use Text protocol
2017-03-27 17:23:49.757  WARN 7704 --- [main] net.rubyeye.xmemcached.XMemcachedClient  : XMemcachedClient in failure mode.
2017-03-27 17:23:49.774  INFO 7704 --- [main] c.g.c.yanf4j.nio.impl.SelectorManager    : Creating 4 reactors...
2017-03-27 17:23:49.810  WARN 7704 --- [main] c.g.c.y.core.impl.AbstractController     : The Controller started at localhost/127.0.0.1:0 ...
2017-03-27 17:23:49.825  WARN 7704 --- [Xmemcached-Reactor-0] c.g.c.y.core.impl.AbstractController     : Add a session: 10.17.0.23:90
2017-03-27 17:23:49.828  WARN 7704 --- [Xmemcached-Reactor-0] c.g.c.y.core.impl.AbstractController     : Add a standby session: 10.17.0.23:9009 for 10.17.0.23:90
2017-03-27 17:23:50.384  INFO 7704 --- [main] s.w.s.m.m.a.RequestMappingHandlerAdapter : Looking for @ControllerAdvice: org.springframework.boot.context.embedded.AnnotationConfigEmbeddedWebApplicationContext@614ca7df: startup date [Mon Mar 27 17:23:37 CST 2017]; root of context hierarchy
2017-03-27 17:23:50.487  INFO 7704 --- [main] s.w.s.m.m.a.RequestMappingHandlerMapping : Mapped "{[/400]}" onto public java.lang.String com.woniu.sncp.pay.IndexController.error400Page(javax.servlet.http.HttpServletRequest)
2017-03-27 17:23:50.488  INFO 7704 --- [main] s.w.s.m.m.a.RequestMappingHandlerMapping : Mapped "{[/404]}" onto public java.lang.String com.woniu.sncp.pay.IndexController.error404Page(javax.servlet.http.HttpServletRequest)
2017-03-27 17:23:50.489  INFO 7704 --- [main] s.w.s.m.m.a.RequestMappingHandlerMapping : Mapped "{[/405]}" onto public java.lang.String com.woniu.sncp.pay.IndexController.error405Page(javax.servlet.http.HttpServletRequest)
2017-03-27 17:23:50.489  INFO 7704 --- [main] s.w.s.m.m.a.RequestMappingHandlerMapping : Mapped "{[/]}" onto public java.lang.String com.woniu.sncp.pay.IndexController.home(javax.servlet.http.HttpServletRequest)
2017-03-27 17:23:50.489  INFO 7704 --- [main] s.w.s.m.m.a.RequestMappingHandlerMapping : Mapped "{[/payment/page]}" onto public java.lang.String com.woniu.sncp.pay.IndexController.paymentPage(java.lang.String,java.lang.Long,java.lang.Long,java.lang.String,java.lang.String,java.lang.String,java.lang.String,java.lang.String,java.lang.String,java.lang.String,java.lang.String,java.lang.String,javax.servlet.http.HttpServletRequest,javax.servlet.http.HttpServletResponse)
2017-03-27 17:23:50.490  INFO 7704 --- [main] s.w.s.m.m.a.RequestMappingHandlerMapping : Mapped "{[/payment/wap]}" onto public void com.woniu.sncp.pay.IndexController.paymentWapApi(java.lang.String,java.lang.Long,java.lang.Long,java.lang.String,java.lang.String,java.lang.String,javax.servlet.http.HttpServletRequest,javax.servlet.http.HttpServletResponse)
2017-03-27 17:23:50.490  INFO 7704 --- [main] s.w.s.m.m.a.RequestMappingHandlerMapping : Mapped "{[/payments/{paytype}]}" onto public void com.woniu.sncp.pay.IndexController.payments(java.lang.String,java.lang.String,java.lang.Long,java.lang.Long,java.lang.String,java.lang.String,java.lang.String,javax.servlet.http.HttpServletRequest,javax.servlet.http.HttpServletResponse)
2017-03-27 17:23:50.491  INFO 7704 --- [main] s.w.s.m.m.a.RequestMappingHandlerMapping : Mapped "{[/payment/app]}" onto public void com.woniu.sncp.pay.IndexController.paymentAppApi(java.lang.String,java.lang.Long,java.lang.String,java.lang.Long,java.lang.String,java.lang.String,java.lang.String,javax.servlet.http.HttpServletRequest,javax.servlet.http.HttpServletResponse)
2017-03-27 17:23:50.491  INFO 7704 --- [main] s.w.s.m.m.a.RequestMappingHandlerMapping : Mapped "{[/payment/stage/json]}" onto public com.woniu.sncp.web.response.ResultResponse com.woniu.sncp.pay.IndexController.queryCreditStage(javax.servlet.http.HttpServletRequest)
2017-03-27 17:23:50.492  INFO 7704 --- [main] s.w.s.m.m.a.RequestMappingHandlerMapping : Mapped "{[/payment/order/query]}" onto public com.woniu.sncp.web.response.ResultResponse com.woniu.sncp.pay.IndexController.queryOrder(javax.servlet.http.HttpServletRequest)
2017-03-27 17:23:50.492  INFO 7704 --- [main] s.w.s.m.m.a.RequestMappingHandlerMapping : Mapped "{[/payment/trans]}" onto public java.lang.String com.woniu.sncp.pay.IndexController.trans(javax.servlet.http.HttpServletRequest)
2017-03-27 17:23:50.492  INFO 7704 --- [main] s.w.s.m.m.a.RequestMappingHandlerMapping : Mapped "{[/callback/create]}" onto public void com.woniu.sncp.pay.IndexController.callbackCreate(javax.servlet.http.HttpServletRequest,javax.servlet.http.HttpServletResponse)
2017-03-27 17:23:50.501  INFO 7704 --- [main] s.w.s.m.m.a.RequestMappingHandlerMapping : Mapped "{[/payment/backend/api/verify]}" onto public com.woniu.sncp.web.response.ResultResponse com.woniu.sncp.pay.web.api.PaymentBackendController.queryPaymentOrder(java.lang.String,javax.servlet.http.HttpServletRequest)
2017-03-27 17:23:50.501  INFO 7704 --- [main] s.w.s.m.m.a.RequestMappingHandlerMapping : Mapped "{[/payment/backend/api/common/{merchantid}/{paymentid}]}" onto public void com.woniu.sncp.pay.web.api.PaymentBackendController.commonPaymentBackend(java.lang.Long,java.lang.Long,javax.servlet.http.HttpServletRequest,javax.servlet.http.HttpServletResponse)
2017-03-27 17:23:50.501  INFO 7704 --- [main] s.w.s.m.m.a.RequestMappingHandlerMapping : Mapped "{[/payment/backend/api/chinabank]}" onto public void com.woniu.sncp.pay.web.api.PaymentBackendController.chinabankPaymentBackend(javax.servlet.http.HttpServletRequest,javax.servlet.http.HttpServletResponse)
2017-03-27 17:23:50.502  INFO 7704 --- [main] s.w.s.m.m.a.RequestMappingHandlerMapping : Mapped "{[/payment/backend/api/message/push]}" onto public void com.woniu.sncp.pay.web.api.PaymentBackendController.messagePushPaymentBackend(javax.servlet.http.HttpServletRequest,javax.servlet.http.HttpServletResponse)
2017-03-27 17:23:50.503  INFO 7704 --- [main] s.w.s.m.m.a.RequestMappingHandlerMapping : Mapped "{[/payment/backend/api/test]}" onto public void com.woniu.sncp.pay.web.api.PaymentBackendController.testBackend(javax.servlet.http.HttpServletRequest,javax.servlet.http.HttpServletResponse)
2017-03-27 17:23:50.516  INFO 7704 --- [main] s.w.s.m.m.a.RequestMappingHandlerMapping : Mapped "{[/payment/api/phonecard/dp/jsonp]}" onto public void com.woniu.sncp.pay.web.api.PaymentController.phonePaymentJsonp(javax.servlet.http.HttpServletRequest,javax.servlet.http.HttpServletResponse)
2017-03-27 17:23:50.517  INFO 7704 --- [main] s.w.s.m.m.a.RequestMappingHandlerMapping : Mapped "{[/payment/api/wncard/dp/jsonp]}" onto public void com.woniu.sncp.pay.web.api.PaymentController.wncardPaymentJsonp(javax.servlet.http.HttpServletRequest,javax.servlet.http.HttpServletResponse)
2017-03-27 17:23:50.517  INFO 7704 --- [main] s.w.s.m.m.a.RequestMappingHandlerMapping : Mapped "{[/payment/api/orderno/create]}" onto public com.woniu.sncp.web.response.ResultResponse com.woniu.sncp.pay.web.api.PaymentController.createThirdPartyOrderNo(java.lang.String,java.lang.String,javax.servlet.http.HttpServletRequest)
2017-03-27 17:23:50.518  INFO 7704 --- [main] s.w.s.m.m.a.RequestMappingHandlerMapping : Mapped "{[/payment/api/dp]}" onto public java.lang.String com.woniu.sncp.pay.web.api.PaymentController.payment(java.lang.String,java.lang.String,java.lang.String,java.lang.String,java.lang.String,java.lang.String,java.lang.String,java.lang.String,java.lang.String,java.lang.String,java.lang.String,java.lang.String,java.lang.String,java.lang.String,java.lang.String,java.lang.String,java.lang.String,java.lang.String,java.lang.String,java.lang.String,javax.servlet.http.HttpServletRequest)
2017-03-27 17:23:50.519  INFO 7704 --- [main] s.w.s.m.m.a.RequestMappingHandlerMapping : Mapped "{[/payment/api/dp/json]}" onto public com.woniu.sncp.web.response.ResultResponse com.woniu.sncp.pay.web.api.PaymentController.paymentDpJson(java.lang.String,java.lang.String,java.lang.String,java.lang.String,java.lang.String,java.lang.String,java.lang.String,java.lang.String,java.lang.String,java.lang.String,java.lang.String,java.lang.String,java.lang.String,java.lang.String,java.lang.String,java.lang.String,java.lang.String,javax.servlet.http.HttpServletRequest)
2017-03-27 17:23:50.520  INFO 7704 --- [main] s.w.s.m.m.a.RequestMappingHandlerMapping : Mapped "{[/payment/api/phonecard/dp]}" onto public java.lang.String com.woniu.sncp.pay.web.api.PaymentController.phonePayment(java.lang.String,java.lang.String,java.lang.String,java.lang.String,java.lang.String,java.lang.String,java.lang.String,java.lang.String,java.lang.String,java.lang.String,java.lang.String,java.lang.String,java.lang.String,java.lang.String,java.lang.String,java.lang.String,java.lang.String,javax.servlet.http.HttpServletRequest)
2017-03-27 17:23:50.521  INFO 7704 --- [main] s.w.s.m.m.a.RequestMappingHandlerMapping : Mapped "{[/payment/api/jcard/dp]}" onto public java.lang.String com.woniu.sncp.pay.web.api.PaymentController.gamecardPayment(java.lang.String,java.lang.String,java.lang.String,java.lang.String,java.lang.String,java.lang.String,java.lang.String,java.lang.String,java.lang.String,java.lang.String,java.lang.String,java.lang.String,java.lang.String,java.lang.String,java.lang.String,java.lang.String,java.lang.String,javax.servlet.http.HttpServletRequest)
2017-03-27 17:23:50.521  INFO 7704 --- [main] s.w.s.m.m.a.RequestMappingHandlerMapping : Mapped "{[/payment/api/wncard/dp]}" onto public void com.woniu.sncp.pay.web.api.PaymentController.wncardPayment(java.lang.String,java.lang.String,java.lang.String,java.lang.String,java.lang.String,java.lang.String,java.lang.String,java.lang.String,java.lang.String,java.lang.String,java.lang.String,java.lang.String,java.lang.String,java.lang.String,java.lang.String,java.lang.String,java.lang.String,java.lang.String,javax.servlet.http.HttpServletRequest,javax.servlet.http.HttpServletResponse)
2017-03-27 17:23:50.521  INFO 7704 --- [main] s.w.s.m.m.a.RequestMappingHandlerMapping : Mapped "{[/payment/api/json]}" onto public com.woniu.sncp.web.response.ResultResponse com.woniu.sncp.pay.web.api.PaymentController.paymentJson(java.lang.String,java.lang.String,java.lang.String,java.lang.String,java.lang.String,java.lang.String,java.lang.String,java.lang.String,java.lang.String,java.lang.String,java.lang.String,java.lang.String,java.lang.String,java.lang.String,java.lang.String,java.lang.String,javax.servlet.http.HttpServletRequest)
2017-03-27 17:23:50.521  INFO 7704 --- [main] s.w.s.m.m.a.RequestMappingHandlerMapping : Mapped "{[/payment/api/jsonp]}" onto public void com.woniu.sncp.pay.web.api.PaymentController.paymentJsonp(java.lang.String,java.lang.String,java.lang.String,java.lang.String,java.lang.String,java.lang.String,java.lang.String,java.lang.String,java.lang.String,java.lang.String,java.lang.String,java.lang.String,java.lang.String,java.lang.String,java.lang.String,java.lang.String,java.lang.String,java.lang.String,javax.servlet.http.HttpServletRequest,javax.servlet.http.HttpServletResponse)
2017-03-27 17:23:50.525  INFO 7704 --- [main] s.w.s.m.m.a.RequestMappingHandlerMapping : Mapped "{[/sso/loginSuccess]}" onto public java.lang.String com.woniu.sncp.pay.web.api.SSOLoginController.success(javax.servlet.http.HttpServletRequest)
2017-03-27 17:23:50.525  INFO 7704 --- [main] s.w.s.m.m.a.RequestMappingHandlerMapping : Mapped "{[/m/sso/loginSuccess]}" onto public java.lang.String com.woniu.sncp.pay.web.api.SSOLoginController.successMobile(javax.servlet.http.HttpServletRequest)
2017-03-27 17:23:50.526  INFO 7704 --- [main] s.w.s.m.m.a.RequestMappingHandlerMapping : Mapped "{[/sso/isSSOLogin || /m/sso/isSSOLogin]}" onto public java.lang.String com.woniu.sncp.pay.web.api.SSOLoginController.isSSOLogin(javax.servlet.http.HttpServletRequest) throws java.io.UnsupportedEncodingException
2017-03-27 17:23:50.526  INFO 7704 --- [main] s.w.s.m.m.a.RequestMappingHandlerMapping : Mapped "{[/sso/loginUser || /m/sso/loginUser]}" onto public java.lang.String com.woniu.sncp.pay.web.api.SSOLoginController.getLoginUser(javax.servlet.http.HttpServletRequest)
2017-03-27 17:23:50.526  INFO 7704 --- [main] s.w.s.m.m.a.RequestMappingHandlerMapping : Mapped "{[/isLogin || /m/isLogin]}" onto public com.woniu.sncp.web.response.ResultResponse com.woniu.sncp.pay.web.api.SSOLoginController.isLogin(javax.servlet.http.HttpServletRequest) throws java.io.UnsupportedEncodingException
2017-03-27 17:23:50.526  INFO 7704 --- [main] s.w.s.m.m.a.RequestMappingHandlerMapping : Mapped "{[/isLogin/json || /m/isLogin/json]}" onto public void com.woniu.sncp.pay.web.api.SSOLoginController.isLogin(java.lang.String,javax.servlet.http.HttpServletRequest,javax.servlet.http.HttpServletResponse) throws java.io.UnsupportedEncodingException
2017-03-27 17:23:50.531  INFO 7704 --- [main] s.w.s.m.m.a.RequestMappingHandlerMapping : Mapped "{[/api/tgt/ttb/query/json]}" onto public void com.woniu.sncp.pay.web.api.TutuController.queryTutuAmountForStApi(java.lang.String,java.lang.String,javax.servlet.http.HttpServletRequest,javax.servlet.http.HttpServletResponse)
2017-03-27 17:23:50.531  INFO 7704 --- [main] s.w.s.m.m.a.RequestMappingHandlerMapping : Mapped "{[/security/ttb/query/json]}" onto public void com.woniu.sncp.pay.web.api.TutuController.queryTutuAmountApi(java.lang.String,javax.servlet.http.HttpServletRequest,javax.servlet.http.HttpServletResponse)
2017-03-27 17:23:50.532  INFO 7704 --- [main] s.w.s.m.m.a.RequestMappingHandlerMapping : Mapped "{[/security/ttb/pay/json]}" onto public void com.woniu.sncp.pay.web.api.TutuController.payment(java.lang.String,java.lang.String,java.lang.String,java.lang.String,java.lang.String,java.lang.String,java.lang.String,java.lang.String,java.lang.String,java.lang.String,java.lang.String,java.lang.String,java.lang.String,java.lang.String,java.lang.String,java.lang.String,java.lang.String,java.lang.String,java.lang.String,java.lang.String,javax.servlet.http.HttpServletRequest,javax.servlet.http.HttpServletResponse)
2017-03-27 17:23:50.532  INFO 7704 --- [main] s.w.s.m.m.a.RequestMappingHandlerMapping : Mapped "{[/security/ttb/pay]}" onto public java.lang.String com.woniu.sncp.pay.web.api.TutuController.payment(java.lang.String,java.lang.String,java.lang.String,java.lang.String,java.lang.String,java.lang.String,java.lang.String,java.lang.String,java.lang.String,java.lang.String,java.lang.String,java.lang.String,java.lang.String,java.lang.String,java.lang.String,java.lang.String,java.lang.String,java.lang.String,java.lang.String,javax.servlet.http.HttpServletRequest)
2017-03-27 17:23:50.532  INFO 7704 --- [main] s.w.s.m.m.a.RequestMappingHandlerMapping : Mapped "{[/security/ttb/query]}" onto public java.util.Map<java.lang.String, java.lang.Object> com.woniu.sncp.pay.web.api.TutuController.queryTutuAmount(javax.servlet.http.HttpServletRequest)
2017-03-27 17:23:50.532  INFO 7704 --- [main] s.w.s.m.m.a.RequestMappingHandlerMapping : Mapped "{[/security/sms/send]}" onto public java.util.Map<java.lang.String, java.lang.Object> com.woniu.sncp.pay.web.api.TutuController.sendSmsCode(javax.servlet.http.HttpServletRequest)
2017-03-27 17:23:50.532  INFO 7704 --- [main] s.w.s.m.m.a.RequestMappingHandlerMapping : Mapped "{[/security/sms/send/json]}" onto public void com.woniu.sncp.pay.web.api.TutuController.sendSmsCode(java.lang.String,javax.servlet.http.HttpServletRequest,javax.servlet.http.HttpServletResponse)
2017-03-27 17:23:50.533  INFO 7704 --- [main] s.w.s.m.m.a.RequestMappingHandlerMapping : Mapped "{[/api/tgt/sms/send/json]}" onto public void com.woniu.sncp.pay.web.api.TutuController.sendSmsCode(java.lang.String,java.lang.String,javax.servlet.http.HttpServletRequest,javax.servlet.http.HttpServletResponse)
2017-03-27 17:23:50.533  INFO 7704 --- [main] s.w.s.m.m.a.RequestMappingHandlerMapping : Mapped "{[/api/tgt/ttb/pay/json]}" onto public void com.woniu.sncp.pay.web.api.TutuController.paymentSt(java.lang.String,java.lang.String,java.lang.String,java.lang.String,java.lang.String,java.lang.String,java.lang.String,java.lang.String,java.lang.String,java.lang.String,java.lang.String,java.lang.String,java.lang.String,java.lang.String,java.lang.String,java.lang.String,java.lang.String,java.lang.String,java.lang.String,java.lang.String,java.lang.String,javax.servlet.http.HttpServletRequest,javax.servlet.http.HttpServletResponse)
2017-03-27 17:23:50.533  INFO 7704 --- [main] s.w.s.m.m.a.RequestMappingHandlerMapping : Mapped "{[/wap/api/tgt/ttb/pay/json]}" onto public void com.woniu.sncp.pay.web.api.TutuController.paymentStWap(java.lang.String,java.lang.String,java.lang.String,java.lang.String,java.lang.String,java.lang.String,java.lang.String,java.lang.String,java.lang.String,java.lang.String,java.lang.String,java.lang.String,java.lang.String,java.lang.String,java.lang.String,java.lang.String,java.lang.String,java.lang.String,java.lang.String,java.lang.String,java.lang.String,javax.servlet.http.HttpServletRequest,javax.servlet.http.HttpServletResponse)
2017-03-27 17:23:50.534  INFO 7704 --- [main] s.w.s.m.m.a.RequestMappingHandlerMapping : Mapped "{[/wap/api/security/ttb/pay/json]}" onto public void com.woniu.sncp.pay.web.api.TutuController.paymentWap(java.lang.String,java.lang.String,java.lang.String,java.lang.String,java.lang.String,java.lang.String,java.lang.String,java.lang.String,java.lang.String,java.lang.String,java.lang.String,java.lang.String,java.lang.String,java.lang.String,java.lang.String,java.lang.String,java.lang.String,java.lang.String,java.lang.String,java.lang.String,javax.servlet.http.HttpServletRequest,javax.servlet.http.HttpServletResponse)
2017-03-27 17:23:50.534  INFO 7704 --- [main] s.w.s.m.m.a.RequestMappingHandlerMapping : Mapped "{[/tutu/pay/success]}" onto public org.springframework.web.servlet.ModelAndView com.woniu.sncp.pay.web.api.TutuController.tutuPaySuccess(javax.servlet.http.HttpServletRequest,java.lang.String,java.lang.String)
2017-03-27 17:23:50.538  INFO 7704 --- [main] s.w.s.m.m.a.RequestMappingHandlerMapping : Mapped "{[/error]}" onto public org.springframework.http.ResponseEntity<java.util.Map<java.lang.String, java.lang.Object>> org.springframework.boot.autoconfigure.web.BasicErrorController.error(javax.servlet.http.HttpServletRequest)
2017-03-27 17:23:50.539  INFO 7704 --- [main] s.w.s.m.m.a.RequestMappingHandlerMapping : Mapped "{[/error],produces=[text/html]}" onto public org.springframework.web.servlet.ModelAndView org.springframework.boot.autoconfigure.web.BasicErrorController.errorHtml(javax.servlet.http.HttpServletRequest,javax.servlet.http.HttpServletResponse)
2017-03-27 17:23:50.610  INFO 7704 --- [main] o.s.w.s.handler.SimpleUrlHandlerMapping  : Mapped URL path [/webjars/**] onto handler of type [class org.springframework.web.servlet.resource.ResourceHttpRequestHandler]
2017-03-27 17:23:50.617  INFO 7704 --- [main] o.s.w.s.handler.SimpleUrlHandlerMapping  : Mapped URL path [/**] onto handler of type [class org.springframework.web.servlet.resource.ResourceHttpRequestHandler]
2017-03-27 17:23:50.671  INFO 7704 --- [main] o.s.w.s.handler.SimpleUrlHandlerMapping  : Mapped URL path [/**/favicon.ico] onto handler of type [class org.springframework.web.servlet.resource.ResourceHttpRequestHandler]
2017-03-27 17:23:51.332  INFO 7704 --- [main] o.a.c.c.C.[Tomcat].[localhost].[/]       : jolokia: No access restrictor found, access to any MBean is allowed
2017-03-27 17:23:51.864  INFO 7704 --- [main] o.s.b.a.e.mvc.EndpointHandlerMapping     : Mapped "{[/dump || /dump.json],methods=[GET],produces=[application/json]}" onto public java.lang.Object org.springframework.boot.actuate.endpoint.mvc.EndpointMvcAdapter.invoke()
2017-03-27 17:23:51.864  INFO 7704 --- [main] o.s.b.a.e.mvc.EndpointHandlerMapping     : Mapped "{[/autoconfig || /autoconfig.json],methods=[GET],produces=[application/json]}" onto public java.lang.Object org.springframework.boot.actuate.endpoint.mvc.EndpointMvcAdapter.invoke()
2017-03-27 17:23:51.865  INFO 7704 --- [main] o.s.b.a.e.mvc.EndpointHandlerMapping     : Mapped "{[/configprops || /configprops.json],methods=[GET],produces=[application/json]}" onto public java.lang.Object org.springframework.boot.actuate.endpoint.mvc.EndpointMvcAdapter.invoke()
2017-03-27 17:23:51.865  INFO 7704 --- [main] o.s.b.a.e.mvc.EndpointHandlerMapping     : Mapped "{[/logfile || /logfile.json],methods=[GET || HEAD]}" onto public void org.springframework.boot.actuate.endpoint.mvc.LogFileMvcEndpoint.invoke(javax.servlet.http.HttpServletRequest,javax.servlet.http.HttpServletResponse) throws javax.servlet.ServletException,java.io.IOException
2017-03-27 17:23:51.865  INFO 7704 --- [main] o.s.b.a.e.mvc.EndpointHandlerMapping     : Mapped "{[/beans || /beans.json],methods=[GET],produces=[application/json]}" onto public java.lang.Object org.springframework.boot.actuate.endpoint.mvc.EndpointMvcAdapter.invoke()
2017-03-27 17:23:51.866  INFO 7704 --- [main] o.s.b.a.e.mvc.EndpointHandlerMapping     : Mapped "{[/mappings || /mappings.json],methods=[GET],produces=[application/json]}" onto public java.lang.Object org.springframework.boot.actuate.endpoint.mvc.EndpointMvcAdapter.invoke()
2017-03-27 17:23:51.866  INFO 7704 --- [main] o.s.b.a.e.mvc.EndpointHandlerMapping     : Mapped "{[/health || /health.json],produces=[application/json]}" onto public java.lang.Object org.springframework.boot.actuate.endpoint.mvc.HealthMvcEndpoint.invoke(java.security.Principal)
2017-03-27 17:23:51.867  INFO 7704 --- [main] o.s.b.a.e.mvc.EndpointHandlerMapping     : Mapped "{[/info || /info.json],methods=[GET],produces=[application/json]}" onto public java.lang.Object org.springframework.boot.actuate.endpoint.mvc.EndpointMvcAdapter.invoke()
2017-03-27 17:23:51.883  INFO 7704 --- [main] o.s.b.a.e.mvc.EndpointHandlerMapping     : Mapped "{[/jolokia/**]}" onto public org.springframework.web.servlet.ModelAndView org.springframework.boot.actuate.endpoint.mvc.JolokiaMvcEndpoint.handle(javax.servlet.http.HttpServletRequest,javax.servlet.http.HttpServletResponse) throws java.lang.Exception
2017-03-27 17:23:51.884  INFO 7704 --- [main] o.s.b.a.e.mvc.EndpointHandlerMapping     : Mapped "{[/metrics/{name:.*}],methods=[GET],produces=[application/json]}" onto public java.lang.Object org.springframework.boot.actuate.endpoint.mvc.MetricsMvcEndpoint.value(java.lang.String)
2017-03-27 17:23:51.884  INFO 7704 --- [main] o.s.b.a.e.mvc.EndpointHandlerMapping     : Mapped "{[/metrics || /metrics.json],methods=[GET],produces=[application/json]}" onto public java.lang.Object org.springframework.boot.actuate.endpoint.mvc.EndpointMvcAdapter.invoke()
2017-03-27 17:23:51.885  INFO 7704 --- [main] o.s.b.a.e.mvc.EndpointHandlerMapping     : Mapped "{[/env/{name:.*}],methods=[GET],produces=[application/json]}" onto public java.lang.Object org.springframework.boot.actuate.endpoint.mvc.EnvironmentMvcEndpoint.value(java.lang.String)
2017-03-27 17:23:51.885  INFO 7704 --- [main] o.s.b.a.e.mvc.EndpointHandlerMapping     : Mapped "{[/env || /env.json],methods=[GET],produces=[application/json]}" onto public java.lang.Object org.springframework.boot.actuate.endpoint.mvc.EndpointMvcAdapter.invoke()
2017-03-27 17:23:51.885  INFO 7704 --- [main] o.s.b.a.e.mvc.EndpointHandlerMapping     : Mapped "{[/trace || /trace.json],methods=[GET],produces=[application/json]}" onto public java.lang.Object org.springframework.boot.actuate.endpoint.mvc.EndpointMvcAdapter.invoke()
2017-03-27 17:23:52.042  INFO 7704 --- [main] o.s.j.e.a.AnnotationMBeanExporter        : Registering beans for JMX exposure on startup
2017-03-27 17:23:52.061  INFO 7704 --- [main] o.s.c.support.DefaultLifecycleProcessor  : Starting beans in phase 0
2017-03-27 17:23:52.253  INFO 7704 --- [main] s.b.c.e.t.TomcatEmbeddedServletContainer : Tomcat started on port(s): 80 (http)
2017-03-27 17:23:52.287  INFO 7704 --- [main] c.b.spring.boot.nifty.NiftyServerRunner  : Starting Nifty Server on port 8080
2017-03-27 17:23:52.557  INFO 7704 --- [main] c.f.nifty.core.NettyServerTransport      : started transport nifty-1:8080
2017-03-27 17:23:52.558  INFO 7704 --- [main] com.woniu.sncp.pay.CashierAppRun         : Started CashierAppRun in 15.856 seconds (JVM running for 17.148)
