2017-03-27 17:38:35.241 [main] INFO  com.woniu.sncp.pay.CashierAppRun -
				Starting CashierAppRun on 付正亮 with PID 16892 (D:\woniu-git-repository\woniu-microservices\sncp-cashier\cashier-api\target\classes started by fuzl in D:\woniu-git-repository\woniu-microservices\sncp-cashier\cashier-api)
2017-03-27 17:38:35.250 [main] INFO  com.woniu.sncp.pay.CashierAppRun -
				The following profiles are active: dev
2017-03-27 17:38:35.396 [main] INFO  o.s.b.c.e.AnnotationConfigEmbeddedWebApplicationContext -
				Refreshing org.springframework.boot.context.embedded.AnnotationConfigEmbeddedWebApplicationContext@48f278eb: startup date [Mon Mar 27 17:38:35 CST 2017]; root of context hierarchy
2017-03-27 17:38:38.463 [main] INFO  o.s.b.f.s.DefaultListableBeanFactory -
				Overriding bean definition for bean 'characterEncodingFilter' with a different definition: replacing [Root bean: class [null]; scope=; abstract=false; lazyInit=false; autowireMode=3; dependencyCheck=0; autowireCandidate=true; primary=false; factoryBeanName=cashierWebAppConfig; factoryMethodName=encodingFilterRegistration; initMethodName=null; destroyMethodName=(inferred); defined in class path resource [com/woniu/sncp/pay/CashierWebAppConfig.class]] with [Root bean: class [null]; scope=; abstract=false; lazyInit=false; autowireMode=3; dependencyCheck=0; autowireCandidate=true; primary=false; factoryBeanName=org.springframework.boot.autoconfigure.web.HttpEncodingAutoConfiguration; factoryMethodName=characterEncodingFilter; initMethodName=null; destroyMethodName=(inferred); defined in class path resource [org/springframework/boot/autoconfigure/web/HttpEncodingAutoConfiguration.class]]
2017-03-27 17:38:38.787 [main] INFO  o.s.b.f.a.AutowiredAnnotationBeanPostProcessor -
				JSR-330 'javax.inject.Inject' annotation found and supported for autowiring
2017-03-27 17:38:38.959 [main] INFO  o.s.c.s.PostProcessorRegistrationDelegate$BeanPostProcessorChecker -
				Bean 'org.springframework.transaction.annotation.ProxyTransactionManagementConfiguration' of type [class org.springframework.transaction.annotation.ProxyTransactionManagementConfiguration$$EnhancerBySpringCGLIB$$38385643] is not eligible for getting processed by all BeanPostProcessors (for example: not eligible for auto-proxying)
2017-03-27 17:38:39.813 [main] INFO  o.s.b.c.e.t.TomcatEmbeddedServletContainer -
				Tomcat initialized with port(s): 80 (http)
2017-03-27 17:38:39.833 [main] INFO  o.a.catalina.core.StandardService -
				Starting service Tomcat
2017-03-27 17:38:39.835 [main] INFO  o.a.catalina.core.StandardEngine -
				Starting Servlet Engine: Apache Tomcat/8.0.37
2017-03-27 17:38:40.660 [localhost-startStop-1] INFO  org.apache.jasper.servlet.TldScanner -
				At least one JAR was scanned for TLDs yet contained no TLDs. Enable debug logging for this logger for a complete list of JARs that were scanned but no TLDs were found in them. Skipping unneeded JARs during scanning can improve startup time and JSP compilation time.
2017-03-27 17:38:40.668 [localhost-startStop-1] INFO  o.a.c.c.C.[Tomcat].[localhost].[/] -
				Initializing Spring embedded WebApplicationContext
2017-03-27 17:38:40.669 [localhost-startStop-1] INFO  o.s.web.context.ContextLoader -
				Root WebApplicationContext: initialization completed in 5274 ms
2017-03-27 17:38:41.757 [localhost-startStop-1] INFO  o.s.b.c.e.FilterRegistrationBean -
				Mapping filter: 'characterEncodingFilter' to: [/*]
2017-03-27 17:38:41.757 [localhost-startStop-1] INFO  o.s.b.c.e.FilterRegistrationBean -
				Mapping filter: 'metricsFilter' to: [/*]
2017-03-27 17:38:41.758 [localhost-startStop-1] INFO  o.s.b.c.e.FilterRegistrationBean -
				Mapping filter: 'hiddenHttpMethodFilter' to: [/*]
2017-03-27 17:38:41.758 [localhost-startStop-1] INFO  o.s.b.c.e.FilterRegistrationBean -
				Mapping filter: 'httpPutFormContentFilter' to: [/*]
2017-03-27 17:38:41.758 [localhost-startStop-1] INFO  o.s.b.c.e.FilterRegistrationBean -
				Mapping filter: 'requestContextFilter' to: [/*]
2017-03-27 17:38:41.760 [localhost-startStop-1] INFO  o.s.b.c.e.DelegatingFilterProxyRegistrationBean -
				Mapping filter: 'springSecurityFilterChain' to: [/*]
2017-03-27 17:38:41.761 [localhost-startStop-1] INFO  o.s.b.c.e.FilterRegistrationBean -
				Mapping filter: 'logoutFilter' to urls: [/logout]
2017-03-27 17:38:41.761 [localhost-startStop-1] INFO  o.s.b.c.e.FilterRegistrationBean -
				Mapping filter: 'singleSignOutFilter' to urls: [/logout]
2017-03-27 17:38:41.762 [localhost-startStop-1] INFO  o.s.b.c.e.FilterRegistrationBean -
				Mapping filter: 'authenticationFilter' to urls: [/sso/**, /m/sso/**, /security/*, /security/ttb/pay]
2017-03-27 17:38:41.762 [localhost-startStop-1] INFO  o.a.catalina.core.StandardContext -
				Suspicious url pattern: "/sso/**" in context [] - see sections 12.1 and 12.2 of the Servlet specification
2017-03-27 17:38:41.763 [localhost-startStop-1] INFO  o.a.catalina.core.StandardContext -
				Suspicious url pattern: "/m/sso/**" in context [] - see sections 12.1 and 12.2 of the Servlet specification
2017-03-27 17:38:41.763 [localhost-startStop-1] INFO  o.s.b.c.e.FilterRegistrationBean -
				Mapping filter: 'cas20ProxyReceivingTicketValidationFilter' to urls: [/*]
2017-03-27 17:38:41.763 [localhost-startStop-1] INFO  o.s.b.c.e.FilterRegistrationBean -
				Mapping filter: 'httpServletRequestWrapperFilter' to urls: [/*]
2017-03-27 17:38:41.763 [localhost-startStop-1] INFO  o.s.b.c.e.FilterRegistrationBean -
				Mapping filter: 'assertionThreadLocalFilter' to urls: [/*]
2017-03-27 17:38:41.765 [localhost-startStop-1] INFO  o.s.b.c.e.FilterRegistrationBean -
				Mapping filter: 'webRequestLoggingFilter' to: [/*]
2017-03-27 17:38:41.766 [localhost-startStop-1] INFO  o.s.b.c.e.FilterRegistrationBean -
				Mapping filter: 'applicationContextIdFilter' to: [/*]
2017-03-27 17:38:41.767 [localhost-startStop-1] INFO  o.s.b.c.e.ServletRegistrationBean -
				Mapping servlet: 'dispatcherServlet' to [/]
2017-03-27 17:38:41.812 [localhost-startStop-1] INFO  o.j.c.c.c.WebXmlConfigurationStrategyImpl -
				Property [org.jasig.cas.client.configuration.ConfigurationKey@16053c6d] loaded from FilterConfig.getInitParameter with value [https://sso.woniu.com]
2017-03-27 17:38:42.029 [localhost-startStop-1] INFO  o.s.b.a.s.AuthenticationManagerConfiguration -
				

Using default security password: 3ac5dfc7-cab1-4dbb-a7d3-bfc6b2c9960c

2017-03-27 17:38:42.099 [localhost-startStop-1] INFO  o.s.s.web.DefaultSecurityFilterChain -
				Creating filter chain: OrRequestMatcher [requestMatchers=[Ant [pattern='/css/**'], Ant [pattern='/js/**'], Ant [pattern='/images/**'], Ant [pattern='/**/favicon.ico'], Ant [pattern='/error']]], []
2017-03-27 17:38:42.267 [localhost-startStop-1] INFO  o.s.s.web.DefaultSecurityFilterChain -
				Creating filter chain: org.springframework.security.web.util.matcher.AnyRequestMatcher@1, [org.springframework.security.web.context.request.async.WebAsyncManagerIntegrationFilter@1d873de4, org.springframework.security.web.context.SecurityContextPersistenceFilter@17f6c797, org.springframework.security.web.header.HeaderWriterFilter@6edc54d2, org.springframework.security.web.authentication.logout.LogoutFilter@24ae8fea, org.springframework.security.web.savedrequest.RequestCacheAwareFilter@41d2bf11, org.springframework.security.web.servletapi.SecurityContextHolderAwareRequestFilter@6e8f9357, org.springframework.security.web.authentication.AnonymousAuthenticationFilter@4d062061, org.springframework.security.web.session.SessionManagementFilter@4f50d4b4, org.springframework.security.web.access.ExceptionTranslationFilter@2513a5be]
2017-03-27 17:38:42.319 [localhost-startStop-1] INFO  o.s.s.web.DefaultSecurityFilterChain -
				Creating filter chain: org.springframework.boot.actuate.autoconfigure.ManagementWebSecurityAutoConfiguration$LazyEndpointPathRequestMatcher@38c7f42a, [org.springframework.security.web.context.request.async.WebAsyncManagerIntegrationFilter@4925e1f9, org.springframework.security.web.context.SecurityContextPersistenceFilter@2bef79f1, org.springframework.security.web.header.HeaderWriterFilter@3767c36e, org.springframework.security.web.authentication.logout.LogoutFilter@3f8ad4be, org.springframework.security.web.authentication.www.BasicAuthenticationFilter@3b99415a, org.springframework.security.web.savedrequest.RequestCacheAwareFilter@4e585e47, org.springframework.security.web.servletapi.SecurityContextHolderAwareRequestFilter@472d8851, org.springframework.security.web.authentication.AnonymousAuthenticationFilter@27c1356, org.springframework.security.web.session.SessionManagementFilter@44c79311, org.springframework.security.web.access.ExceptionTranslationFilter@7813b82b, org.springframework.security.web.access.intercept.FilterSecurityInterceptor@6c997ff]
2017-03-27 17:38:42.333 [localhost-startStop-1] INFO  o.j.c.c.c.WebXmlConfigurationStrategyImpl -
				Property [org.jasig.cas.client.configuration.ConfigurationKey@6c9726d1] loaded from FilterConfig.getInitParameter with value [http://cashier.woniu.com]
2017-03-27 17:38:42.334 [localhost-startStop-1] INFO  o.j.c.c.c.WebXmlConfigurationStrategyImpl -
				Property [org.jasig.cas.client.configuration.ConfigurationKey@373e4e1c] loaded from FilterConfig.getInitParameter with value [/login]
2017-03-27 17:38:42.343 [localhost-startStop-1] INFO  o.j.c.c.c.WebXmlConfigurationStrategyImpl -
				Property [org.jasig.cas.client.configuration.ConfigurationKey@6c9726d1] loaded from FilterConfig.getInitParameter with value [http://cashier.woniu.com]
2017-03-27 17:38:42.345 [localhost-startStop-1] INFO  o.j.c.c.c.WebXmlConfigurationStrategyImpl -
				Property [org.jasig.cas.client.configuration.ConfigurationKey@16053c6d] loaded from FilterConfig.getInitParameter with value [https://sso.woniu.com]
2017-03-27 17:38:42.784 [main] WARN  o.a.tomcat.jdbc.pool.ConnectionPool -
				maxIdle is smaller than minIdle, setting maxIdle to: 10
2017-03-27 17:38:44.017 [main] INFO  o.s.o.j.LocalContainerEntityManagerFactoryBean -
				Building JPA container EntityManagerFactory for persistence unit 'gamePersistenceUnit'
2017-03-27 17:38:44.094 [main] INFO  o.h.jpa.internal.util.LogHelper -
				HHH000204: Processing PersistenceUnitInfo [
	name: gamePersistenceUnit
	...]
2017-03-27 17:38:44.250 [main] INFO  org.hibernate.Version -
				HHH000412: Hibernate Core {4.3.11.Final}
2017-03-27 17:38:44.252 [main] INFO  org.hibernate.cfg.Environment -
				HHH000206: hibernate.properties not found
2017-03-27 17:38:44.254 [main] INFO  org.hibernate.cfg.Environment -
				HHH000021: Bytecode provider name : javassist
2017-03-27 17:38:44.592 [main] INFO  o.h.annotations.common.Version -
				HCANN000001: Hibernate Commons Annotations {4.0.5.Final}
2017-03-27 17:38:44.665 [main] INFO  org.hibernate.dialect.Dialect -
				HHH000400: Using dialect: org.hibernate.dialect.MySQL5Dialect
2017-03-27 17:38:44.817 [main] INFO  o.h.h.i.a.ASTQueryTranslatorFactory -
				HHH000397: Using ASTQueryTranslatorFactory
2017-03-27 17:38:45.193 [main] WARN  o.a.tomcat.jdbc.pool.ConnectionPool -
				maxIdle is smaller than minIdle, setting maxIdle to: 10
2017-03-27 17:38:45.583 [main] INFO  o.s.o.j.LocalContainerEntityManagerFactoryBean -
				Building JPA container EntityManagerFactory for persistence unit 'passportPersistenceUnit'
2017-03-27 17:38:45.583 [main] INFO  o.h.jpa.internal.util.LogHelper -
				HHH000204: Processing PersistenceUnitInfo [
	name: passportPersistenceUnit
	...]
2017-03-27 17:38:45.612 [main] INFO  org.hibernate.dialect.Dialect -
				HHH000400: Using dialect: org.hibernate.dialect.MySQL5Dialect
2017-03-27 17:38:45.626 [main] INFO  o.h.h.i.a.ASTQueryTranslatorFactory -
				HHH000397: Using ASTQueryTranslatorFactory
2017-03-27 17:38:45.673 [main] WARN  o.a.tomcat.jdbc.pool.ConnectionPool -
				maxIdle is smaller than minIdle, setting maxIdle to: 10
2017-03-27 17:38:46.415 [main] INFO  o.s.o.j.LocalContainerEntityManagerFactoryBean -
				Building JPA container EntityManagerFactory for persistence unit 'persistenceUnit'
2017-03-27 17:38:46.415 [main] INFO  o.h.jpa.internal.util.LogHelper -
				HHH000204: Processing PersistenceUnitInfo [
	name: persistenceUnit
	...]
2017-03-27 17:38:46.459 [main] INFO  org.hibernate.dialect.Dialect -
				HHH000400: Using dialect: org.hibernate.dialect.MySQL5Dialect
2017-03-27 17:38:46.490 [main] INFO  o.h.h.i.a.ASTQueryTranslatorFactory -
				HHH000397: Using ASTQueryTranslatorFactory
2017-03-27 17:38:46.604 [main] WARN  o.a.tomcat.jdbc.pool.ConnectionPool -
				maxIdle is smaller than minIdle, setting maxIdle to: 10
2017-03-27 17:38:46.888 [main] INFO  o.s.o.j.LocalContainerEntityManagerFactoryBean -
				Building JPA container EntityManagerFactory for persistence unit 'queuePersistenceUnit'
2017-03-27 17:38:46.888 [main] INFO  o.h.jpa.internal.util.LogHelper -
				HHH000204: Processing PersistenceUnitInfo [
	name: queuePersistenceUnit
	...]
2017-03-27 17:38:46.910 [main] INFO  org.hibernate.dialect.Dialect -
				HHH000400: Using dialect: org.hibernate.dialect.MySQL5Dialect
2017-03-27 17:38:46.924 [main] INFO  o.h.h.i.a.ASTQueryTranslatorFactory -
				HHH000397: Using ASTQueryTranslatorFactory
2017-03-27 17:38:47.766 [main] WARN  n.r.xmemcached.XMemcachedClient -
				XMemcachedClient use Text protocol
2017-03-27 17:38:47.846 [main] WARN  n.r.xmemcached.XMemcachedClient -
				XMemcachedClient in failure mode.
2017-03-27 17:38:47.877 [main] INFO  c.g.c.y.nio.impl.SelectorManager -
				Creating 4 reactors...
2017-03-27 17:38:47.904 [main] WARN  c.g.c.y.core.impl.AbstractController -
				The Controller started at localhost/127.0.0.1:0 ...
2017-03-27 17:38:47.936 [Xmemcached-Reactor-0] WARN  c.g.c.y.core.impl.AbstractController -
				Add a session: 10.17.0.23:90
2017-03-27 17:38:47.940 [Xmemcached-Reactor-0] WARN  c.g.c.y.core.impl.AbstractController -
				Add a standby session: 10.17.0.23:9009 for 10.17.0.23:90
2017-03-27 17:38:48.494 [main] INFO  o.s.w.s.m.m.a.RequestMappingHandlerAdapter -
				Looking for @ControllerAdvice: org.springframework.boot.context.embedded.AnnotationConfigEmbeddedWebApplicationContext@48f278eb: startup date [Mon Mar 27 17:38:35 CST 2017]; root of context hierarchy
2017-03-27 17:38:48.596 [main] INFO  o.s.w.s.m.m.a.RequestMappingHandlerMapping -
				Mapped "{[/400]}" onto public java.lang.String com.woniu.sncp.pay.IndexController.error400Page(javax.servlet.http.HttpServletRequest)
2017-03-27 17:38:48.597 [main] INFO  o.s.w.s.m.m.a.RequestMappingHandlerMapping -
				Mapped "{[/404]}" onto public java.lang.String com.woniu.sncp.pay.IndexController.error404Page(javax.servlet.http.HttpServletRequest)
2017-03-27 17:38:48.598 [main] INFO  o.s.w.s.m.m.a.RequestMappingHandlerMapping -
				Mapped "{[/405]}" onto public java.lang.String com.woniu.sncp.pay.IndexController.error405Page(javax.servlet.http.HttpServletRequest)
2017-03-27 17:38:48.598 [main] INFO  o.s.w.s.m.m.a.RequestMappingHandlerMapping -
				Mapped "{[/]}" onto public java.lang.String com.woniu.sncp.pay.IndexController.home(javax.servlet.http.HttpServletRequest)
2017-03-27 17:38:48.598 [main] INFO  o.s.w.s.m.m.a.RequestMappingHandlerMapping -
				Mapped "{[/payment/page]}" onto public java.lang.String com.woniu.sncp.pay.IndexController.paymentPage(java.lang.String,java.lang.Long,java.lang.Long,java.lang.String,java.lang.String,java.lang.String,java.lang.String,java.lang.String,java.lang.String,java.lang.String,java.lang.String,java.lang.String,javax.servlet.http.HttpServletRequest,javax.servlet.http.HttpServletResponse)
2017-03-27 17:38:48.599 [main] INFO  o.s.w.s.m.m.a.RequestMappingHandlerMapping -
				Mapped "{[/payment/wap]}" onto public void com.woniu.sncp.pay.IndexController.paymentWapApi(java.lang.String,java.lang.Long,java.lang.Long,java.lang.String,java.lang.String,java.lang.String,javax.servlet.http.HttpServletRequest,javax.servlet.http.HttpServletResponse)
2017-03-27 17:38:48.599 [main] INFO  o.s.w.s.m.m.a.RequestMappingHandlerMapping -
				Mapped "{[/payment/app]}" onto public void com.woniu.sncp.pay.IndexController.paymentAppApi(java.lang.String,java.lang.Long,java.lang.String,java.lang.Long,java.lang.String,java.lang.String,java.lang.String,javax.servlet.http.HttpServletRequest,javax.servlet.http.HttpServletResponse)
2017-03-27 17:38:48.600 [main] INFO  o.s.w.s.m.m.a.RequestMappingHandlerMapping -
				Mapped "{[/payment/stage/json]}" onto public com.woniu.sncp.web.response.ResultResponse com.woniu.sncp.pay.IndexController.queryCreditStage(javax.servlet.http.HttpServletRequest)
2017-03-27 17:38:48.600 [main] INFO  o.s.w.s.m.m.a.RequestMappingHandlerMapping -
				Mapped "{[/payment/order/query]}" onto public com.woniu.sncp.web.response.ResultResponse com.woniu.sncp.pay.IndexController.queryOrder(javax.servlet.http.HttpServletRequest)
2017-03-27 17:38:48.600 [main] INFO  o.s.w.s.m.m.a.RequestMappingHandlerMapping -
				Mapped "{[/payment/trans]}" onto public java.lang.String com.woniu.sncp.pay.IndexController.trans(javax.servlet.http.HttpServletRequest)
2017-03-27 17:38:48.601 [main] INFO  o.s.w.s.m.m.a.RequestMappingHandlerMapping -
				Mapped "{[/payments/{paytype}]}" onto public void com.woniu.sncp.pay.IndexController.payments(java.lang.String,java.lang.String,java.lang.Long,java.lang.Long,java.lang.String,java.lang.String,java.lang.String,javax.servlet.http.HttpServletRequest,javax.servlet.http.HttpServletResponse)
2017-03-27 17:38:48.601 [main] INFO  o.s.w.s.m.m.a.RequestMappingHandlerMapping -
				Mapped "{[/callback/create]}" onto public void com.woniu.sncp.pay.IndexController.callbackCreate(javax.servlet.http.HttpServletRequest,javax.servlet.http.HttpServletResponse)
2017-03-27 17:38:48.609 [main] INFO  o.s.w.s.m.m.a.RequestMappingHandlerMapping -
				Mapped "{[/payment/backend/api/test]}" onto public void com.woniu.sncp.pay.web.api.PaymentBackendController.testBackend(javax.servlet.http.HttpServletRequest,javax.servlet.http.HttpServletResponse)
2017-03-27 17:38:48.609 [main] INFO  o.s.w.s.m.m.a.RequestMappingHandlerMapping -
				Mapped "{[/payment/backend/api/verify]}" onto public com.woniu.sncp.web.response.ResultResponse com.woniu.sncp.pay.web.api.PaymentBackendController.queryPaymentOrder(java.lang.String,javax.servlet.http.HttpServletRequest)
2017-03-27 17:38:48.609 [main] INFO  o.s.w.s.m.m.a.RequestMappingHandlerMapping -
				Mapped "{[/payment/backend/api/common/{merchantid}/{paymentid}]}" onto public void com.woniu.sncp.pay.web.api.PaymentBackendController.commonPaymentBackend(java.lang.Long,java.lang.Long,javax.servlet.http.HttpServletRequest,javax.servlet.http.HttpServletResponse)
2017-03-27 17:38:48.610 [main] INFO  o.s.w.s.m.m.a.RequestMappingHandlerMapping -
				Mapped "{[/payment/backend/api/chinabank]}" onto public void com.woniu.sncp.pay.web.api.PaymentBackendController.chinabankPaymentBackend(javax.servlet.http.HttpServletRequest,javax.servlet.http.HttpServletResponse)
2017-03-27 17:38:48.610 [main] INFO  o.s.w.s.m.m.a.RequestMappingHandlerMapping -
				Mapped "{[/payment/backend/api/message/push]}" onto public void com.woniu.sncp.pay.web.api.PaymentBackendController.messagePushPaymentBackend(javax.servlet.http.HttpServletRequest,javax.servlet.http.HttpServletResponse)
2017-03-27 17:38:48.620 [main] INFO  o.s.w.s.m.m.a.RequestMappingHandlerMapping -
				Mapped "{[/payment/api/dp/json]}" onto public com.woniu.sncp.web.response.ResultResponse com.woniu.sncp.pay.web.api.PaymentController.paymentDpJson(java.lang.String,java.lang.String,java.lang.String,java.lang.String,java.lang.String,java.lang.String,java.lang.String,java.lang.String,java.lang.String,java.lang.String,java.lang.String,java.lang.String,java.lang.String,java.lang.String,java.lang.String,java.lang.String,java.lang.String,javax.servlet.http.HttpServletRequest)
2017-03-27 17:38:48.621 [main] INFO  o.s.w.s.m.m.a.RequestMappingHandlerMapping -
				Mapped "{[/payment/api/dp]}" onto public java.lang.String com.woniu.sncp.pay.web.api.PaymentController.payment(java.lang.String,java.lang.String,java.lang.String,java.lang.String,java.lang.String,java.lang.String,java.lang.String,java.lang.String,java.lang.String,java.lang.String,java.lang.String,java.lang.String,java.lang.String,java.lang.String,java.lang.String,java.lang.String,java.lang.String,java.lang.String,java.lang.String,java.lang.String,javax.servlet.http.HttpServletRequest)
2017-03-27 17:38:48.623 [main] INFO  o.s.w.s.m.m.a.RequestMappingHandlerMapping -
				Mapped "{[/payment/api/phonecard/dp/jsonp]}" onto public void com.woniu.sncp.pay.web.api.PaymentController.phonePaymentJsonp(javax.servlet.http.HttpServletRequest,javax.servlet.http.HttpServletResponse)
2017-03-27 17:38:48.623 [main] INFO  o.s.w.s.m.m.a.RequestMappingHandlerMapping -
				Mapped "{[/payment/api/wncard/dp/jsonp]}" onto public void com.woniu.sncp.pay.web.api.PaymentController.wncardPaymentJsonp(javax.servlet.http.HttpServletRequest,javax.servlet.http.HttpServletResponse)
2017-03-27 17:38:48.624 [main] INFO  o.s.w.s.m.m.a.RequestMappingHandlerMapping -
				Mapped "{[/payment/api/orderno/create]}" onto public com.woniu.sncp.web.response.ResultResponse com.woniu.sncp.pay.web.api.PaymentController.createThirdPartyOrderNo(java.lang.String,java.lang.String,javax.servlet.http.HttpServletRequest)
2017-03-27 17:38:48.625 [main] INFO  o.s.w.s.m.m.a.RequestMappingHandlerMapping -
				Mapped "{[/payment/api/phonecard/dp]}" onto public java.lang.String com.woniu.sncp.pay.web.api.PaymentController.phonePayment(java.lang.String,java.lang.String,java.lang.String,java.lang.String,java.lang.String,java.lang.String,java.lang.String,java.lang.String,java.lang.String,java.lang.String,java.lang.String,java.lang.String,java.lang.String,java.lang.String,java.lang.String,java.lang.String,java.lang.String,javax.servlet.http.HttpServletRequest)
2017-03-27 17:38:48.626 [main] INFO  o.s.w.s.m.m.a.RequestMappingHandlerMapping -
				Mapped "{[/payment/api/jcard/dp]}" onto public java.lang.String com.woniu.sncp.pay.web.api.PaymentController.gamecardPayment(java.lang.String,java.lang.String,java.lang.String,java.lang.String,java.lang.String,java.lang.String,java.lang.String,java.lang.String,java.lang.String,java.lang.String,java.lang.String,java.lang.String,java.lang.String,java.lang.String,java.lang.String,java.lang.String,java.lang.String,javax.servlet.http.HttpServletRequest)
2017-03-27 17:38:48.626 [main] INFO  o.s.w.s.m.m.a.RequestMappingHandlerMapping -
				Mapped "{[/payment/api/wncard/dp]}" onto public void com.woniu.sncp.pay.web.api.PaymentController.wncardPayment(java.lang.String,java.lang.String,java.lang.String,java.lang.String,java.lang.String,java.lang.String,java.lang.String,java.lang.String,java.lang.String,java.lang.String,java.lang.String,java.lang.String,java.lang.String,java.lang.String,java.lang.String,java.lang.String,java.lang.String,java.lang.String,javax.servlet.http.HttpServletRequest,javax.servlet.http.HttpServletResponse)
2017-03-27 17:38:48.626 [main] INFO  o.s.w.s.m.m.a.RequestMappingHandlerMapping -
				Mapped "{[/payment/api/json]}" onto public com.woniu.sncp.web.response.ResultResponse com.woniu.sncp.pay.web.api.PaymentController.paymentJson(java.lang.String,java.lang.String,java.lang.String,java.lang.String,java.lang.String,java.lang.String,java.lang.String,java.lang.String,java.lang.String,java.lang.String,java.lang.String,java.lang.String,java.lang.String,java.lang.String,java.lang.String,java.lang.String,javax.servlet.http.HttpServletRequest)
2017-03-27 17:38:48.627 [main] INFO  o.s.w.s.m.m.a.RequestMappingHandlerMapping -
				Mapped "{[/payment/api/jsonp]}" onto public void com.woniu.sncp.pay.web.api.PaymentController.paymentJsonp(java.lang.String,java.lang.String,java.lang.String,java.lang.String,java.lang.String,java.lang.String,java.lang.String,java.lang.String,java.lang.String,java.lang.String,java.lang.String,java.lang.String,java.lang.String,java.lang.String,java.lang.String,java.lang.String,java.lang.String,java.lang.String,javax.servlet.http.HttpServletRequest,javax.servlet.http.HttpServletResponse)
2017-03-27 17:38:48.631 [main] INFO  o.s.w.s.m.m.a.RequestMappingHandlerMapping -
				Mapped "{[/sso/loginSuccess]}" onto public java.lang.String com.woniu.sncp.pay.web.api.SSOLoginController.success(javax.servlet.http.HttpServletRequest)
2017-03-27 17:38:48.631 [main] INFO  o.s.w.s.m.m.a.RequestMappingHandlerMapping -
				Mapped "{[/sso/isSSOLogin || /m/sso/isSSOLogin]}" onto public java.lang.String com.woniu.sncp.pay.web.api.SSOLoginController.isSSOLogin(javax.servlet.http.HttpServletRequest) throws java.io.UnsupportedEncodingException
2017-03-27 17:38:48.631 [main] INFO  o.s.w.s.m.m.a.RequestMappingHandlerMapping -
				Mapped "{[/m/sso/loginSuccess]}" onto public java.lang.String com.woniu.sncp.pay.web.api.SSOLoginController.successMobile(javax.servlet.http.HttpServletRequest)
2017-03-27 17:38:48.631 [main] INFO  o.s.w.s.m.m.a.RequestMappingHandlerMapping -
				Mapped "{[/isLogin/json || /m/isLogin/json]}" onto public void com.woniu.sncp.pay.web.api.SSOLoginController.isLogin(java.lang.String,javax.servlet.http.HttpServletRequest,javax.servlet.http.HttpServletResponse) throws java.io.UnsupportedEncodingException
2017-03-27 17:38:48.631 [main] INFO  o.s.w.s.m.m.a.RequestMappingHandlerMapping -
				Mapped "{[/isLogin || /m/isLogin]}" onto public com.woniu.sncp.web.response.ResultResponse com.woniu.sncp.pay.web.api.SSOLoginController.isLogin(javax.servlet.http.HttpServletRequest) throws java.io.UnsupportedEncodingException
2017-03-27 17:38:48.632 [main] INFO  o.s.w.s.m.m.a.RequestMappingHandlerMapping -
				Mapped "{[/sso/loginUser || /m/sso/loginUser]}" onto public java.lang.String com.woniu.sncp.pay.web.api.SSOLoginController.getLoginUser(javax.servlet.http.HttpServletRequest)
2017-03-27 17:38:48.637 [main] INFO  o.s.w.s.m.m.a.RequestMappingHandlerMapping -
				Mapped "{[/security/ttb/pay/json]}" onto public void com.woniu.sncp.pay.web.api.TutuController.payment(java.lang.String,java.lang.String,java.lang.String,java.lang.String,java.lang.String,java.lang.String,java.lang.String,java.lang.String,java.lang.String,java.lang.String,java.lang.String,java.lang.String,java.lang.String,java.lang.String,java.lang.String,java.lang.String,java.lang.String,java.lang.String,java.lang.String,java.lang.String,javax.servlet.http.HttpServletRequest,javax.servlet.http.HttpServletResponse)
2017-03-27 17:38:48.638 [main] INFO  o.s.w.s.m.m.a.RequestMappingHandlerMapping -
				Mapped "{[/security/ttb/pay]}" onto public java.lang.String com.woniu.sncp.pay.web.api.TutuController.payment(java.lang.String,java.lang.String,java.lang.String,java.lang.String,java.lang.String,java.lang.String,java.lang.String,java.lang.String,java.lang.String,java.lang.String,java.lang.String,java.lang.String,java.lang.String,java.lang.String,java.lang.String,java.lang.String,java.lang.String,java.lang.String,java.lang.String,javax.servlet.http.HttpServletRequest)
2017-03-27 17:38:48.638 [main] INFO  o.s.w.s.m.m.a.RequestMappingHandlerMapping -
				Mapped "{[/api/tgt/ttb/query/json]}" onto public void com.woniu.sncp.pay.web.api.TutuController.queryTutuAmountForStApi(java.lang.String,java.lang.String,javax.servlet.http.HttpServletRequest,javax.servlet.http.HttpServletResponse)
2017-03-27 17:38:48.638 [main] INFO  o.s.w.s.m.m.a.RequestMappingHandlerMapping -
				Mapped "{[/security/ttb/query/json]}" onto public void com.woniu.sncp.pay.web.api.TutuController.queryTutuAmountApi(java.lang.String,javax.servlet.http.HttpServletRequest,javax.servlet.http.HttpServletResponse)
2017-03-27 17:38:48.638 [main] INFO  o.s.w.s.m.m.a.RequestMappingHandlerMapping -
				Mapped "{[/security/sms/send]}" onto public java.util.Map<java.lang.String, java.lang.Object> com.woniu.sncp.pay.web.api.TutuController.sendSmsCode(javax.servlet.http.HttpServletRequest)
2017-03-27 17:38:48.639 [main] INFO  o.s.w.s.m.m.a.RequestMappingHandlerMapping -
				Mapped "{[/security/sms/send/json]}" onto public void com.woniu.sncp.pay.web.api.TutuController.sendSmsCode(java.lang.String,javax.servlet.http.HttpServletRequest,javax.servlet.http.HttpServletResponse)
2017-03-27 17:38:48.639 [main] INFO  o.s.w.s.m.m.a.RequestMappingHandlerMapping -
				Mapped "{[/api/tgt/sms/send/json]}" onto public void com.woniu.sncp.pay.web.api.TutuController.sendSmsCode(java.lang.String,java.lang.String,javax.servlet.http.HttpServletRequest,javax.servlet.http.HttpServletResponse)
2017-03-27 17:38:48.639 [main] INFO  o.s.w.s.m.m.a.RequestMappingHandlerMapping -
				Mapped "{[/security/ttb/query]}" onto public java.util.Map<java.lang.String, java.lang.Object> com.woniu.sncp.pay.web.api.TutuController.queryTutuAmount(javax.servlet.http.HttpServletRequest)
2017-03-27 17:38:48.639 [main] INFO  o.s.w.s.m.m.a.RequestMappingHandlerMapping -
				Mapped "{[/api/tgt/ttb/pay/json]}" onto public void com.woniu.sncp.pay.web.api.TutuController.paymentSt(java.lang.String,java.lang.String,java.lang.String,java.lang.String,java.lang.String,java.lang.String,java.lang.String,java.lang.String,java.lang.String,java.lang.String,java.lang.String,java.lang.String,java.lang.String,java.lang.String,java.lang.String,java.lang.String,java.lang.String,java.lang.String,java.lang.String,java.lang.String,java.lang.String,javax.servlet.http.HttpServletRequest,javax.servlet.http.HttpServletResponse)
2017-03-27 17:38:48.640 [main] INFO  o.s.w.s.m.m.a.RequestMappingHandlerMapping -
				Mapped "{[/wap/api/tgt/ttb/pay/json]}" onto public void com.woniu.sncp.pay.web.api.TutuController.paymentStWap(java.lang.String,java.lang.String,java.lang.String,java.lang.String,java.lang.String,java.lang.String,java.lang.String,java.lang.String,java.lang.String,java.lang.String,java.lang.String,java.lang.String,java.lang.String,java.lang.String,java.lang.String,java.lang.String,java.lang.String,java.lang.String,java.lang.String,java.lang.String,java.lang.String,javax.servlet.http.HttpServletRequest,javax.servlet.http.HttpServletResponse)
2017-03-27 17:38:48.640 [main] INFO  o.s.w.s.m.m.a.RequestMappingHandlerMapping -
				Mapped "{[/wap/api/security/ttb/pay/json]}" onto public void com.woniu.sncp.pay.web.api.TutuController.paymentWap(java.lang.String,java.lang.String,java.lang.String,java.lang.String,java.lang.String,java.lang.String,java.lang.String,java.lang.String,java.lang.String,java.lang.String,java.lang.String,java.lang.String,java.lang.String,java.lang.String,java.lang.String,java.lang.String,java.lang.String,java.lang.String,java.lang.String,java.lang.String,javax.servlet.http.HttpServletRequest,javax.servlet.http.HttpServletResponse)
2017-03-27 17:38:48.641 [main] INFO  o.s.w.s.m.m.a.RequestMappingHandlerMapping -
				Mapped "{[/tutu/pay/success]}" onto public org.springframework.web.servlet.ModelAndView com.woniu.sncp.pay.web.api.TutuController.tutuPaySuccess(javax.servlet.http.HttpServletRequest,java.lang.String,java.lang.String)
2017-03-27 17:38:48.646 [main] INFO  o.s.w.s.m.m.a.RequestMappingHandlerMapping -
				Mapped "{[/error]}" onto public org.springframework.http.ResponseEntity<java.util.Map<java.lang.String, java.lang.Object>> org.springframework.boot.autoconfigure.web.BasicErrorController.error(javax.servlet.http.HttpServletRequest)
2017-03-27 17:38:48.646 [main] INFO  o.s.w.s.m.m.a.RequestMappingHandlerMapping -
				Mapped "{[/error],produces=[text/html]}" onto public org.springframework.web.servlet.ModelAndView org.springframework.boot.autoconfigure.web.BasicErrorController.errorHtml(javax.servlet.http.HttpServletRequest,javax.servlet.http.HttpServletResponse)
2017-03-27 17:38:48.702 [main] INFO  o.s.w.s.h.SimpleUrlHandlerMapping -
				Mapped URL path [/webjars/**] onto handler of type [class org.springframework.web.servlet.resource.ResourceHttpRequestHandler]
2017-03-27 17:38:48.702 [main] INFO  o.s.w.s.h.SimpleUrlHandlerMapping -
				Mapped URL path [/**] onto handler of type [class org.springframework.web.servlet.resource.ResourceHttpRequestHandler]
2017-03-27 17:38:48.793 [main] INFO  o.s.w.s.h.SimpleUrlHandlerMapping -
				Mapped URL path [/**/favicon.ico] onto handler of type [class org.springframework.web.servlet.resource.ResourceHttpRequestHandler]
2017-03-27 17:38:49.272 [main] INFO  o.a.c.c.C.[Tomcat].[localhost].[/] -
				jolokia: No access restrictor found, access to any MBean is allowed
2017-03-27 17:38:49.983 [main] INFO  o.s.b.a.e.mvc.EndpointHandlerMapping -
				Mapped "{[/metrics/{name:.*}],methods=[GET],produces=[application/json]}" onto public java.lang.Object org.springframework.boot.actuate.endpoint.mvc.MetricsMvcEndpoint.value(java.lang.String)
2017-03-27 17:38:49.985 [main] INFO  o.s.b.a.e.mvc.EndpointHandlerMapping -
				Mapped "{[/metrics || /metrics.json],methods=[GET],produces=[application/json]}" onto public java.lang.Object org.springframework.boot.actuate.endpoint.mvc.EndpointMvcAdapter.invoke()
2017-03-27 17:38:49.986 [main] INFO  o.s.b.a.e.mvc.EndpointHandlerMapping -
				Mapped "{[/autoconfig || /autoconfig.json],methods=[GET],produces=[application/json]}" onto public java.lang.Object org.springframework.boot.actuate.endpoint.mvc.EndpointMvcAdapter.invoke()
2017-03-27 17:38:49.987 [main] INFO  o.s.b.a.e.mvc.EndpointHandlerMapping -
				Mapped "{[/configprops || /configprops.json],methods=[GET],produces=[application/json]}" onto public java.lang.Object org.springframework.boot.actuate.endpoint.mvc.EndpointMvcAdapter.invoke()
2017-03-27 17:38:49.987 [main] INFO  o.s.b.a.e.mvc.EndpointHandlerMapping -
				Mapped "{[/logfile || /logfile.json],methods=[GET || HEAD]}" onto public void org.springframework.boot.actuate.endpoint.mvc.LogFileMvcEndpoint.invoke(javax.servlet.http.HttpServletRequest,javax.servlet.http.HttpServletResponse) throws javax.servlet.ServletException,java.io.IOException
2017-03-27 17:38:49.988 [main] INFO  o.s.b.a.e.mvc.EndpointHandlerMapping -
				Mapped "{[/jolokia/**]}" onto public org.springframework.web.servlet.ModelAndView org.springframework.boot.actuate.endpoint.mvc.JolokiaMvcEndpoint.handle(javax.servlet.http.HttpServletRequest,javax.servlet.http.HttpServletResponse) throws java.lang.Exception
2017-03-27 17:38:49.990 [main] INFO  o.s.b.a.e.mvc.EndpointHandlerMapping -
				Mapped "{[/env/{name:.*}],methods=[GET],produces=[application/json]}" onto public java.lang.Object org.springframework.boot.actuate.endpoint.mvc.EnvironmentMvcEndpoint.value(java.lang.String)
2017-03-27 17:38:49.990 [main] INFO  o.s.b.a.e.mvc.EndpointHandlerMapping -
				Mapped "{[/env || /env.json],methods=[GET],produces=[application/json]}" onto public java.lang.Object org.springframework.boot.actuate.endpoint.mvc.EndpointMvcAdapter.invoke()
2017-03-27 17:38:49.996 [main] INFO  o.s.b.a.e.mvc.EndpointHandlerMapping -
				Mapped "{[/info || /info.json],methods=[GET],produces=[application/json]}" onto public java.lang.Object org.springframework.boot.actuate.endpoint.mvc.EndpointMvcAdapter.invoke()
2017-03-27 17:38:49.997 [main] INFO  o.s.b.a.e.mvc.EndpointHandlerMapping -
				Mapped "{[/beans || /beans.json],methods=[GET],produces=[application/json]}" onto public java.lang.Object org.springframework.boot.actuate.endpoint.mvc.EndpointMvcAdapter.invoke()
2017-03-27 17:38:49.998 [main] INFO  o.s.b.a.e.mvc.EndpointHandlerMapping -
				Mapped "{[/trace || /trace.json],methods=[GET],produces=[application/json]}" onto public java.lang.Object org.springframework.boot.actuate.endpoint.mvc.EndpointMvcAdapter.invoke()
2017-03-27 17:38:50.002 [main] INFO  o.s.b.a.e.mvc.EndpointHandlerMapping -
				Mapped "{[/health || /health.json],produces=[application/json]}" onto public java.lang.Object org.springframework.boot.actuate.endpoint.mvc.HealthMvcEndpoint.invoke(java.security.Principal)
2017-03-27 17:38:50.002 [main] INFO  o.s.b.a.e.mvc.EndpointHandlerMapping -
				Mapped "{[/mappings || /mappings.json],methods=[GET],produces=[application/json]}" onto public java.lang.Object org.springframework.boot.actuate.endpoint.mvc.EndpointMvcAdapter.invoke()
2017-03-27 17:38:50.005 [main] INFO  o.s.b.a.e.mvc.EndpointHandlerMapping -
				Mapped "{[/dump || /dump.json],methods=[GET],produces=[application/json]}" onto public java.lang.Object org.springframework.boot.actuate.endpoint.mvc.EndpointMvcAdapter.invoke()
2017-03-27 17:38:50.145 [main] INFO  o.s.j.e.a.AnnotationMBeanExporter -
				Registering beans for JMX exposure on startup
2017-03-27 17:38:50.160 [main] INFO  o.s.c.s.DefaultLifecycleProcessor -
				Starting beans in phase 0
2017-03-27 17:38:50.446 [main] INFO  o.s.b.c.e.t.TomcatEmbeddedServletContainer -
				Tomcat started on port(s): 80 (http)
2017-03-27 17:38:50.473 [main] INFO  c.b.s.boot.nifty.NiftyServerRunner -
				Starting Nifty Server on port 8080
2017-03-27 17:38:50.563 [main] INFO  c.f.nifty.core.NettyServerTransport -
				started transport nifty-1:8080
2017-03-27 17:38:50.565 [main] INFO  com.woniu.sncp.pay.CashierAppRun -
				Started CashierAppRun in 16.232 seconds (JVM running for 17.427)
