2017-03-27 18:57:27.726 [main] INFO  com.woniu.sncp.pay.CashierAppRun -
				Starting CashierAppRun on 付正亮 with PID 11056 (D:\woniu-git-repository\woniu-microservices\sncp-cashier\cashier-api\target\classes started by fuzl in D:\woniu-git-repository\woniu-microservices\sncp-cashier\cashier-api)
2017-03-27 18:57:27.732 [main] INFO  com.woniu.sncp.pay.CashierAppRun -
				The following profiles are active: dev
2017-03-27 18:57:27.981 [main] INFO  o.s.b.c.e.AnnotationConfigEmbeddedWebApplicationContext -
				Refreshing org.springframework.boot.context.embedded.AnnotationConfigEmbeddedWebApplicationContext@48f278eb: startup date [Mon Mar 27 18:57:27 CST 2017]; root of context hierarchy
2017-03-27 18:57:31.121 [main] INFO  o.s.b.f.s.DefaultListableBeanFactory -
				Overriding bean definition for bean 'characterEncodingFilter' with a different definition: replacing [Root bean: class [null]; scope=; abstract=false; lazyInit=false; autowireMode=3; dependencyCheck=0; autowireCandidate=true; primary=false; factoryBeanName=cashierWebAppConfig; factoryMethodName=encodingFilterRegistration; initMethodName=null; destroyMethodName=(inferred); defined in class path resource [com/woniu/sncp/pay/CashierWebAppConfig.class]] with [Root bean: class [null]; scope=; abstract=false; lazyInit=false; autowireMode=3; dependencyCheck=0; autowireCandidate=true; primary=false; factoryBeanName=org.springframework.boot.autoconfigure.web.HttpEncodingAutoConfiguration; factoryMethodName=characterEncodingFilter; initMethodName=null; destroyMethodName=(inferred); defined in class path resource [org/springframework/boot/autoconfigure/web/HttpEncodingAutoConfiguration.class]]
2017-03-27 18:57:31.604 [main] INFO  o.s.b.f.a.AutowiredAnnotationBeanPostProcessor -
				JSR-330 'javax.inject.Inject' annotation found and supported for autowiring
2017-03-27 18:57:31.796 [main] INFO  o.s.c.s.PostProcessorRegistrationDelegate$BeanPostProcessorChecker -
				Bean 'org.springframework.transaction.annotation.ProxyTransactionManagementConfiguration' of type [class org.springframework.transaction.annotation.ProxyTransactionManagementConfiguration$$EnhancerBySpringCGLIB$$ee4ae083] is not eligible for getting processed by all BeanPostProcessors (for example: not eligible for auto-proxying)
2017-03-27 18:57:32.696 [main] INFO  o.s.b.c.e.t.TomcatEmbeddedServletContainer -
				Tomcat initialized with port(s): 80 (http)
2017-03-27 18:57:32.764 [main] INFO  o.a.catalina.core.StandardService -
				Starting service Tomcat
2017-03-27 18:57:32.765 [main] INFO  o.a.catalina.core.StandardEngine -
				Starting Servlet Engine: Apache Tomcat/8.0.37
2017-03-27 18:57:33.600 [localhost-startStop-1] INFO  org.apache.jasper.servlet.TldScanner -
				At least one JAR was scanned for TLDs yet contained no TLDs. Enable debug logging for this logger for a complete list of JARs that were scanned but no TLDs were found in them. Skipping unneeded JARs during scanning can improve startup time and JSP compilation time.
2017-03-27 18:57:33.610 [localhost-startStop-1] INFO  o.a.c.c.C.[Tomcat].[localhost].[/] -
				Initializing Spring embedded WebApplicationContext
2017-03-27 18:57:33.611 [localhost-startStop-1] INFO  o.s.web.context.ContextLoader -
				Root WebApplicationContext: initialization completed in 5631 ms
2017-03-27 18:57:34.694 [localhost-startStop-1] INFO  o.s.b.c.e.FilterRegistrationBean -
				Mapping filter: 'characterEncodingFilter' to: [/*]
2017-03-27 18:57:34.695 [localhost-startStop-1] INFO  o.s.b.c.e.FilterRegistrationBean -
				Mapping filter: 'metricsFilter' to: [/*]
2017-03-27 18:57:34.695 [localhost-startStop-1] INFO  o.s.b.c.e.FilterRegistrationBean -
				Mapping filter: 'hiddenHttpMethodFilter' to: [/*]
2017-03-27 18:57:34.695 [localhost-startStop-1] INFO  o.s.b.c.e.FilterRegistrationBean -
				Mapping filter: 'httpPutFormContentFilter' to: [/*]
2017-03-27 18:57:34.696 [localhost-startStop-1] INFO  o.s.b.c.e.FilterRegistrationBean -
				Mapping filter: 'requestContextFilter' to: [/*]
2017-03-27 18:57:34.697 [localhost-startStop-1] INFO  o.s.b.c.e.DelegatingFilterProxyRegistrationBean -
				Mapping filter: 'springSecurityFilterChain' to: [/*]
2017-03-27 18:57:34.698 [localhost-startStop-1] INFO  o.s.b.c.e.FilterRegistrationBean -
				Mapping filter: 'logoutFilter' to urls: [/logout]
2017-03-27 18:57:34.698 [localhost-startStop-1] INFO  o.s.b.c.e.FilterRegistrationBean -
				Mapping filter: 'singleSignOutFilter' to urls: [/logout]
2017-03-27 18:57:34.699 [localhost-startStop-1] INFO  o.s.b.c.e.FilterRegistrationBean -
				Mapping filter: 'authenticationFilter' to urls: [/sso/**, /m/sso/**, /security/*, /security/ttb/pay]
2017-03-27 18:57:34.699 [localhost-startStop-1] INFO  o.a.catalina.core.StandardContext -
				Suspicious url pattern: "/sso/**" in context [] - see sections 12.1 and 12.2 of the Servlet specification
2017-03-27 18:57:34.700 [localhost-startStop-1] INFO  o.a.catalina.core.StandardContext -
				Suspicious url pattern: "/m/sso/**" in context [] - see sections 12.1 and 12.2 of the Servlet specification
2017-03-27 18:57:34.700 [localhost-startStop-1] INFO  o.s.b.c.e.FilterRegistrationBean -
				Mapping filter: 'cas20ProxyReceivingTicketValidationFilter' to urls: [/*]
2017-03-27 18:57:34.700 [localhost-startStop-1] INFO  o.s.b.c.e.FilterRegistrationBean -
				Mapping filter: 'httpServletRequestWrapperFilter' to urls: [/*]
2017-03-27 18:57:34.700 [localhost-startStop-1] INFO  o.s.b.c.e.FilterRegistrationBean -
				Mapping filter: 'assertionThreadLocalFilter' to urls: [/*]
2017-03-27 18:57:34.702 [localhost-startStop-1] INFO  o.s.b.c.e.FilterRegistrationBean -
				Mapping filter: 'webRequestLoggingFilter' to: [/*]
2017-03-27 18:57:34.703 [localhost-startStop-1] INFO  o.s.b.c.e.FilterRegistrationBean -
				Mapping filter: 'applicationContextIdFilter' to: [/*]
2017-03-27 18:57:34.704 [localhost-startStop-1] INFO  o.s.b.c.e.ServletRegistrationBean -
				Mapping servlet: 'dispatcherServlet' to [/]
2017-03-27 18:57:34.745 [localhost-startStop-1] INFO  o.j.c.c.c.WebXmlConfigurationStrategyImpl -
				Property [org.jasig.cas.client.configuration.ConfigurationKey@7546e79f] loaded from FilterConfig.getInitParameter with value [https://sso.woniu.com]
2017-03-27 18:57:34.949 [localhost-startStop-1] INFO  o.s.b.a.s.AuthenticationManagerConfiguration -
				

Using default security password: 5ebe55ff-dccb-48b1-a288-a3eb6c0931ea

2017-03-27 18:57:35.017 [localhost-startStop-1] INFO  o.s.s.web.DefaultSecurityFilterChain -
				Creating filter chain: OrRequestMatcher [requestMatchers=[Ant [pattern='/css/**'], Ant [pattern='/js/**'], Ant [pattern='/images/**'], Ant [pattern='/**/favicon.ico'], Ant [pattern='/error']]], []
2017-03-27 18:57:35.089 [localhost-startStop-1] INFO  o.s.s.web.DefaultSecurityFilterChain -
				Creating filter chain: org.springframework.security.web.util.matcher.AnyRequestMatcher@1, [org.springframework.security.web.context.request.async.WebAsyncManagerIntegrationFilter@4e10cfaf, org.springframework.security.web.context.SecurityContextPersistenceFilter@6485b13c, org.springframework.security.web.header.HeaderWriterFilter@2070ec06, org.springframework.security.web.authentication.logout.LogoutFilter@1db7a6d6, org.springframework.security.web.savedrequest.RequestCacheAwareFilter@1c59ff59, org.springframework.security.web.servletapi.SecurityContextHolderAwareRequestFilter@1e2538a0, org.springframework.security.web.authentication.AnonymousAuthenticationFilter@6e3141ad, org.springframework.security.web.session.SessionManagementFilter@1ffe63d0, org.springframework.security.web.access.ExceptionTranslationFilter@21099c94]
2017-03-27 18:57:35.133 [localhost-startStop-1] INFO  o.s.s.web.DefaultSecurityFilterChain -
				Creating filter chain: org.springframework.boot.actuate.autoconfigure.ManagementWebSecurityAutoConfiguration$LazyEndpointPathRequestMatcher@66d321d3, [org.springframework.security.web.context.request.async.WebAsyncManagerIntegrationFilter@5a579ea, org.springframework.security.web.context.SecurityContextPersistenceFilter@1503d20f, org.springframework.security.web.header.HeaderWriterFilter@3763a6f5, org.springframework.security.web.authentication.logout.LogoutFilter@4df958e7, org.springframework.security.web.authentication.www.BasicAuthenticationFilter@19c4132, org.springframework.security.web.savedrequest.RequestCacheAwareFilter@64f82d7c, org.springframework.security.web.servletapi.SecurityContextHolderAwareRequestFilter@4e866b18, org.springframework.security.web.authentication.AnonymousAuthenticationFilter@15354ceb, org.springframework.security.web.session.SessionManagementFilter@7f8f9e79, org.springframework.security.web.access.ExceptionTranslationFilter@6fb3d724, org.springframework.security.web.access.intercept.FilterSecurityInterceptor@57146fac]
2017-03-27 18:57:35.149 [localhost-startStop-1] INFO  o.j.c.c.c.WebXmlConfigurationStrategyImpl -
				Property [org.jasig.cas.client.configuration.ConfigurationKey@1b8be90b] loaded from FilterConfig.getInitParameter with value [http://cashier.woniu.com]
2017-03-27 18:57:35.150 [localhost-startStop-1] INFO  o.j.c.c.c.WebXmlConfigurationStrategyImpl -
				Property [org.jasig.cas.client.configuration.ConfigurationKey@197bacda] loaded from FilterConfig.getInitParameter with value [/login]
2017-03-27 18:57:35.153 [localhost-startStop-1] INFO  o.j.c.c.c.WebXmlConfigurationStrategyImpl -
				Property [org.jasig.cas.client.configuration.ConfigurationKey@1b8be90b] loaded from FilterConfig.getInitParameter with value [http://cashier.woniu.com]
2017-03-27 18:57:35.156 [localhost-startStop-1] INFO  o.j.c.c.c.WebXmlConfigurationStrategyImpl -
				Property [org.jasig.cas.client.configuration.ConfigurationKey@7546e79f] loaded from FilterConfig.getInitParameter with value [https://sso.woniu.com]
2017-03-27 18:57:35.626 [main] WARN  o.a.tomcat.jdbc.pool.ConnectionPool -
				maxIdle is smaller than minIdle, setting maxIdle to: 10
2017-03-27 18:57:36.996 [main] INFO  o.s.o.j.LocalContainerEntityManagerFactoryBean -
				Building JPA container EntityManagerFactory for persistence unit 'gamePersistenceUnit'
2017-03-27 18:57:37.058 [main] INFO  o.h.jpa.internal.util.LogHelper -
				HHH000204: Processing PersistenceUnitInfo [
	name: gamePersistenceUnit
	...]
2017-03-27 18:57:37.182 [main] INFO  org.hibernate.Version -
				HHH000412: Hibernate Core {4.3.11.Final}
2017-03-27 18:57:37.184 [main] INFO  org.hibernate.cfg.Environment -
				HHH000206: hibernate.properties not found
2017-03-27 18:57:37.186 [main] INFO  org.hibernate.cfg.Environment -
				HHH000021: Bytecode provider name : javassist
2017-03-27 18:57:37.396 [main] INFO  o.h.annotations.common.Version -
				HCANN000001: Hibernate Commons Annotations {4.0.5.Final}
2017-03-27 18:57:37.479 [main] INFO  org.hibernate.dialect.Dialect -
				HHH000400: Using dialect: org.hibernate.dialect.MySQL5Dialect
2017-03-27 18:57:37.672 [main] INFO  o.h.h.i.a.ASTQueryTranslatorFactory -
				HHH000397: Using ASTQueryTranslatorFactory
2017-03-27 18:57:38.076 [main] WARN  o.a.tomcat.jdbc.pool.ConnectionPool -
				maxIdle is smaller than minIdle, setting maxIdle to: 10
2017-03-27 18:57:38.578 [main] INFO  o.s.o.j.LocalContainerEntityManagerFactoryBean -
				Building JPA container EntityManagerFactory for persistence unit 'passportPersistenceUnit'
2017-03-27 18:57:38.578 [main] INFO  o.h.jpa.internal.util.LogHelper -
				HHH000204: Processing PersistenceUnitInfo [
	name: passportPersistenceUnit
	...]
2017-03-27 18:57:38.607 [main] INFO  org.hibernate.dialect.Dialect -
				HHH000400: Using dialect: org.hibernate.dialect.MySQL5Dialect
2017-03-27 18:57:38.627 [main] INFO  o.h.h.i.a.ASTQueryTranslatorFactory -
				HHH000397: Using ASTQueryTranslatorFactory
2017-03-27 18:57:38.677 [main] WARN  o.a.tomcat.jdbc.pool.ConnectionPool -
				maxIdle is smaller than minIdle, setting maxIdle to: 10
2017-03-27 18:57:38.972 [main] INFO  o.s.o.j.LocalContainerEntityManagerFactoryBean -
				Building JPA container EntityManagerFactory for persistence unit 'persistenceUnit'
2017-03-27 18:57:38.976 [main] INFO  o.h.jpa.internal.util.LogHelper -
				HHH000204: Processing PersistenceUnitInfo [
	name: persistenceUnit
	...]
2017-03-27 18:57:39.055 [main] INFO  org.hibernate.dialect.Dialect -
				HHH000400: Using dialect: org.hibernate.dialect.MySQL5Dialect
2017-03-27 18:57:39.114 [main] INFO  o.h.h.i.a.ASTQueryTranslatorFactory -
				HHH000397: Using ASTQueryTranslatorFactory
2017-03-27 18:57:39.288 [main] WARN  o.a.tomcat.jdbc.pool.ConnectionPool -
				maxIdle is smaller than minIdle, setting maxIdle to: 10
2017-03-27 18:57:39.541 [main] INFO  o.s.o.j.LocalContainerEntityManagerFactoryBean -
				Building JPA container EntityManagerFactory for persistence unit 'queuePersistenceUnit'
2017-03-27 18:57:39.541 [main] INFO  o.h.jpa.internal.util.LogHelper -
				HHH000204: Processing PersistenceUnitInfo [
	name: queuePersistenceUnit
	...]
2017-03-27 18:57:39.557 [main] INFO  org.hibernate.dialect.Dialect -
				HHH000400: Using dialect: org.hibernate.dialect.MySQL5Dialect
2017-03-27 18:57:39.565 [main] INFO  o.h.h.i.a.ASTQueryTranslatorFactory -
				HHH000397: Using ASTQueryTranslatorFactory
2017-03-27 18:57:40.481 [main] WARN  n.r.xmemcached.XMemcachedClient -
				XMemcachedClient use Text protocol
2017-03-27 18:57:40.546 [main] WARN  n.r.xmemcached.XMemcachedClient -
				XMemcachedClient in failure mode.
2017-03-27 18:57:40.554 [main] INFO  c.g.c.y.nio.impl.SelectorManager -
				Creating 4 reactors...
2017-03-27 18:57:40.579 [main] WARN  c.g.c.y.core.impl.AbstractController -
				The Controller started at localhost/127.0.0.1:0 ...
2017-03-27 18:57:40.598 [Xmemcached-Reactor-0] WARN  c.g.c.y.core.impl.AbstractController -
				Add a session: 10.17.0.23:90
2017-03-27 18:57:40.603 [Xmemcached-Reactor-0] WARN  c.g.c.y.core.impl.AbstractController -
				Add a standby session: 10.17.0.23:9009 for 10.17.0.23:90
2017-03-27 18:57:41.201 [main] INFO  o.s.w.s.m.m.a.RequestMappingHandlerAdapter -
				Looking for @ControllerAdvice: org.springframework.boot.context.embedded.AnnotationConfigEmbeddedWebApplicationContext@48f278eb: startup date [Mon Mar 27 18:57:27 CST 2017]; root of context hierarchy
2017-03-27 18:57:41.307 [main] INFO  o.s.w.s.m.m.a.RequestMappingHandlerMapping -
				Mapped "{[/400]}" onto public java.lang.String com.woniu.sncp.pay.IndexController.error400Page(javax.servlet.http.HttpServletRequest)
2017-03-27 18:57:41.309 [main] INFO  o.s.w.s.m.m.a.RequestMappingHandlerMapping -
				Mapped "{[/404]}" onto public java.lang.String com.woniu.sncp.pay.IndexController.error404Page(javax.servlet.http.HttpServletRequest)
2017-03-27 18:57:41.309 [main] INFO  o.s.w.s.m.m.a.RequestMappingHandlerMapping -
				Mapped "{[/405]}" onto public java.lang.String com.woniu.sncp.pay.IndexController.error405Page(javax.servlet.http.HttpServletRequest)
2017-03-27 18:57:41.310 [main] INFO  o.s.w.s.m.m.a.RequestMappingHandlerMapping -
				Mapped "{[/]}" onto public java.lang.String com.woniu.sncp.pay.IndexController.home(javax.servlet.http.HttpServletRequest)
2017-03-27 18:57:41.310 [main] INFO  o.s.w.s.m.m.a.RequestMappingHandlerMapping -
				Mapped "{[/payment/page]}" onto public java.lang.String com.woniu.sncp.pay.IndexController.paymentPage(java.lang.String,java.lang.Long,java.lang.Long,java.lang.String,java.lang.String,java.lang.String,java.lang.String,java.lang.String,java.lang.String,java.lang.String,java.lang.String,java.lang.String,javax.servlet.http.HttpServletRequest,javax.servlet.http.HttpServletResponse)
2017-03-27 18:57:41.310 [main] INFO  o.s.w.s.m.m.a.RequestMappingHandlerMapping -
				Mapped "{[/payment/wap]}" onto public void com.woniu.sncp.pay.IndexController.paymentWapApi(java.lang.String,java.lang.Long,java.lang.Long,java.lang.String,java.lang.String,java.lang.String,javax.servlet.http.HttpServletRequest,javax.servlet.http.HttpServletResponse)
2017-03-27 18:57:41.311 [main] INFO  o.s.w.s.m.m.a.RequestMappingHandlerMapping -
				Mapped "{[/payments/{paytype}]}" onto public void com.woniu.sncp.pay.IndexController.payments(java.lang.String,java.lang.String,java.lang.Long,java.lang.Long,java.lang.String,java.lang.String,java.lang.String,javax.servlet.http.HttpServletRequest,javax.servlet.http.HttpServletResponse)
2017-03-27 18:57:41.311 [main] INFO  o.s.w.s.m.m.a.RequestMappingHandlerMapping -
				Mapped "{[/payment/app]}" onto public void com.woniu.sncp.pay.IndexController.paymentAppApi(java.lang.String,java.lang.Long,java.lang.String,java.lang.Long,java.lang.String,java.lang.String,java.lang.String,javax.servlet.http.HttpServletRequest,javax.servlet.http.HttpServletResponse)
2017-03-27 18:57:41.312 [main] INFO  o.s.w.s.m.m.a.RequestMappingHandlerMapping -
				Mapped "{[/payment/stage/json]}" onto public com.woniu.sncp.web.response.ResultResponse com.woniu.sncp.pay.IndexController.queryCreditStage(javax.servlet.http.HttpServletRequest)
2017-03-27 18:57:41.312 [main] INFO  o.s.w.s.m.m.a.RequestMappingHandlerMapping -
				Mapped "{[/payment/order/query]}" onto public com.woniu.sncp.web.response.ResultResponse com.woniu.sncp.pay.IndexController.queryOrder(javax.servlet.http.HttpServletRequest)
2017-03-27 18:57:41.313 [main] INFO  o.s.w.s.m.m.a.RequestMappingHandlerMapping -
				Mapped "{[/payment/trans]}" onto public java.lang.String com.woniu.sncp.pay.IndexController.trans(javax.servlet.http.HttpServletRequest)
2017-03-27 18:57:41.313 [main] INFO  o.s.w.s.m.m.a.RequestMappingHandlerMapping -
				Mapped "{[/callback/create]}" onto public void com.woniu.sncp.pay.IndexController.callbackCreate(javax.servlet.http.HttpServletRequest,javax.servlet.http.HttpServletResponse)
2017-03-27 18:57:41.317 [main] INFO  o.s.w.s.m.m.a.RequestMappingHandlerMapping -
				Mapped "{[/payment/backend/api/test]}" onto public void com.woniu.sncp.pay.web.api.PaymentBackendController.testBackend(javax.servlet.http.HttpServletRequest,javax.servlet.http.HttpServletResponse)
2017-03-27 18:57:41.317 [main] INFO  o.s.w.s.m.m.a.RequestMappingHandlerMapping -
				Mapped "{[/payment/backend/api/verify]}" onto public com.woniu.sncp.web.response.ResultResponse com.woniu.sncp.pay.web.api.PaymentBackendController.queryPaymentOrder(java.lang.String,javax.servlet.http.HttpServletRequest)
2017-03-27 18:57:41.317 [main] INFO  o.s.w.s.m.m.a.RequestMappingHandlerMapping -
				Mapped "{[/payment/backend/api/common/{merchantid}/{paymentid}]}" onto public void com.woniu.sncp.pay.web.api.PaymentBackendController.commonPaymentBackend(java.lang.Long,java.lang.Long,javax.servlet.http.HttpServletRequest,javax.servlet.http.HttpServletResponse)
2017-03-27 18:57:41.318 [main] INFO  o.s.w.s.m.m.a.RequestMappingHandlerMapping -
				Mapped "{[/payment/backend/api/chinabank]}" onto public void com.woniu.sncp.pay.web.api.PaymentBackendController.chinabankPaymentBackend(javax.servlet.http.HttpServletRequest,javax.servlet.http.HttpServletResponse)
2017-03-27 18:57:41.318 [main] INFO  o.s.w.s.m.m.a.RequestMappingHandlerMapping -
				Mapped "{[/payment/backend/api/message/push]}" onto public void com.woniu.sncp.pay.web.api.PaymentBackendController.messagePushPaymentBackend(javax.servlet.http.HttpServletRequest,javax.servlet.http.HttpServletResponse)
2017-03-27 18:57:41.321 [main] INFO  o.s.w.s.m.m.a.RequestMappingHandlerMapping -
				Mapped "{[/payment/api/dp]}" onto public java.lang.String com.woniu.sncp.pay.web.api.PaymentController.payment(java.lang.String,java.lang.String,java.lang.String,java.lang.String,java.lang.String,java.lang.String,java.lang.String,java.lang.String,java.lang.String,java.lang.String,java.lang.String,java.lang.String,java.lang.String,java.lang.String,java.lang.String,java.lang.String,java.lang.String,java.lang.String,java.lang.String,java.lang.String,javax.servlet.http.HttpServletRequest)
2017-03-27 18:57:41.321 [main] INFO  o.s.w.s.m.m.a.RequestMappingHandlerMapping -
				Mapped "{[/payment/api/dp/json]}" onto public com.woniu.sncp.web.response.ResultResponse com.woniu.sncp.pay.web.api.PaymentController.paymentDpJson(java.lang.String,java.lang.String,java.lang.String,java.lang.String,java.lang.String,java.lang.String,java.lang.String,java.lang.String,java.lang.String,java.lang.String,java.lang.String,java.lang.String,java.lang.String,java.lang.String,java.lang.String,java.lang.String,java.lang.String,javax.servlet.http.HttpServletRequest)
2017-03-27 18:57:41.322 [main] INFO  o.s.w.s.m.m.a.RequestMappingHandlerMapping -
				Mapped "{[/payment/api/phonecard/dp]}" onto public java.lang.String com.woniu.sncp.pay.web.api.PaymentController.phonePayment(java.lang.String,java.lang.String,java.lang.String,java.lang.String,java.lang.String,java.lang.String,java.lang.String,java.lang.String,java.lang.String,java.lang.String,java.lang.String,java.lang.String,java.lang.String,java.lang.String,java.lang.String,java.lang.String,java.lang.String,javax.servlet.http.HttpServletRequest)
2017-03-27 18:57:41.322 [main] INFO  o.s.w.s.m.m.a.RequestMappingHandlerMapping -
				Mapped "{[/payment/api/jcard/dp]}" onto public java.lang.String com.woniu.sncp.pay.web.api.PaymentController.gamecardPayment(java.lang.String,java.lang.String,java.lang.String,java.lang.String,java.lang.String,java.lang.String,java.lang.String,java.lang.String,java.lang.String,java.lang.String,java.lang.String,java.lang.String,java.lang.String,java.lang.String,java.lang.String,java.lang.String,java.lang.String,javax.servlet.http.HttpServletRequest)
2017-03-27 18:57:41.322 [main] INFO  o.s.w.s.m.m.a.RequestMappingHandlerMapping -
				Mapped "{[/payment/api/wncard/dp]}" onto public void com.woniu.sncp.pay.web.api.PaymentController.wncardPayment(java.lang.String,java.lang.String,java.lang.String,java.lang.String,java.lang.String,java.lang.String,java.lang.String,java.lang.String,java.lang.String,java.lang.String,java.lang.String,java.lang.String,java.lang.String,java.lang.String,java.lang.String,java.lang.String,java.lang.String,java.lang.String,javax.servlet.http.HttpServletRequest,javax.servlet.http.HttpServletResponse)
2017-03-27 18:57:41.322 [main] INFO  o.s.w.s.m.m.a.RequestMappingHandlerMapping -
				Mapped "{[/payment/api/json]}" onto public com.woniu.sncp.web.response.ResultResponse com.woniu.sncp.pay.web.api.PaymentController.paymentJson(java.lang.String,java.lang.String,java.lang.String,java.lang.String,java.lang.String,java.lang.String,java.lang.String,java.lang.String,java.lang.String,java.lang.String,java.lang.String,java.lang.String,java.lang.String,java.lang.String,java.lang.String,java.lang.String,javax.servlet.http.HttpServletRequest)
2017-03-27 18:57:41.323 [main] INFO  o.s.w.s.m.m.a.RequestMappingHandlerMapping -
				Mapped "{[/payment/api/jsonp]}" onto public void com.woniu.sncp.pay.web.api.PaymentController.paymentJsonp(java.lang.String,java.lang.String,java.lang.String,java.lang.String,java.lang.String,java.lang.String,java.lang.String,java.lang.String,java.lang.String,java.lang.String,java.lang.String,java.lang.String,java.lang.String,java.lang.String,java.lang.String,java.lang.String,java.lang.String,java.lang.String,javax.servlet.http.HttpServletRequest,javax.servlet.http.HttpServletResponse)
2017-03-27 18:57:41.323 [main] INFO  o.s.w.s.m.m.a.RequestMappingHandlerMapping -
				Mapped "{[/payment/api/phonecard/dp/jsonp]}" onto public void com.woniu.sncp.pay.web.api.PaymentController.phonePaymentJsonp(javax.servlet.http.HttpServletRequest,javax.servlet.http.HttpServletResponse)
2017-03-27 18:57:41.323 [main] INFO  o.s.w.s.m.m.a.RequestMappingHandlerMapping -
				Mapped "{[/payment/api/wncard/dp/jsonp]}" onto public void com.woniu.sncp.pay.web.api.PaymentController.wncardPaymentJsonp(javax.servlet.http.HttpServletRequest,javax.servlet.http.HttpServletResponse)
2017-03-27 18:57:41.323 [main] INFO  o.s.w.s.m.m.a.RequestMappingHandlerMapping -
				Mapped "{[/payment/api/orderno/create]}" onto public com.woniu.sncp.web.response.ResultResponse com.woniu.sncp.pay.web.api.PaymentController.createThirdPartyOrderNo(java.lang.String,java.lang.String,javax.servlet.http.HttpServletRequest)
2017-03-27 18:57:41.324 [main] INFO  o.s.w.s.m.m.a.RequestMappingHandlerMapping -
				Mapped "{[/sso/loginSuccess]}" onto public java.lang.String com.woniu.sncp.pay.web.api.SSOLoginController.success(javax.servlet.http.HttpServletRequest)
2017-03-27 18:57:41.325 [main] INFO  o.s.w.s.m.m.a.RequestMappingHandlerMapping -
				Mapped "{[/m/sso/loginSuccess]}" onto public java.lang.String com.woniu.sncp.pay.web.api.SSOLoginController.successMobile(javax.servlet.http.HttpServletRequest)
2017-03-27 18:57:41.325 [main] INFO  o.s.w.s.m.m.a.RequestMappingHandlerMapping -
				Mapped "{[/sso/isSSOLogin || /m/sso/isSSOLogin]}" onto public java.lang.String com.woniu.sncp.pay.web.api.SSOLoginController.isSSOLogin(javax.servlet.http.HttpServletRequest) throws java.io.UnsupportedEncodingException
2017-03-27 18:57:41.325 [main] INFO  o.s.w.s.m.m.a.RequestMappingHandlerMapping -
				Mapped "{[/sso/loginUser || /m/sso/loginUser]}" onto public java.lang.String com.woniu.sncp.pay.web.api.SSOLoginController.getLoginUser(javax.servlet.http.HttpServletRequest)
2017-03-27 18:57:41.325 [main] INFO  o.s.w.s.m.m.a.RequestMappingHandlerMapping -
				Mapped "{[/isLogin || /m/isLogin]}" onto public com.woniu.sncp.web.response.ResultResponse com.woniu.sncp.pay.web.api.SSOLoginController.isLogin(javax.servlet.http.HttpServletRequest) throws java.io.UnsupportedEncodingException
2017-03-27 18:57:41.326 [main] INFO  o.s.w.s.m.m.a.RequestMappingHandlerMapping -
				Mapped "{[/isLogin/json || /m/isLogin/json]}" onto public void com.woniu.sncp.pay.web.api.SSOLoginController.isLogin(java.lang.String,javax.servlet.http.HttpServletRequest,javax.servlet.http.HttpServletResponse) throws java.io.UnsupportedEncodingException
2017-03-27 18:57:41.327 [main] INFO  o.s.w.s.m.m.a.RequestMappingHandlerMapping -
				Mapped "{[/security/ttb/pay/json]}" onto public void com.woniu.sncp.pay.web.api.TutuController.payment(java.lang.String,java.lang.String,java.lang.String,java.lang.String,java.lang.String,java.lang.String,java.lang.String,java.lang.String,java.lang.String,java.lang.String,java.lang.String,java.lang.String,java.lang.String,java.lang.String,java.lang.String,java.lang.String,java.lang.String,java.lang.String,java.lang.String,java.lang.String,javax.servlet.http.HttpServletRequest,javax.servlet.http.HttpServletResponse)
2017-03-27 18:57:41.328 [main] INFO  o.s.w.s.m.m.a.RequestMappingHandlerMapping -
				Mapped "{[/security/ttb/pay]}" onto public java.lang.String com.woniu.sncp.pay.web.api.TutuController.payment(java.lang.String,java.lang.String,java.lang.String,java.lang.String,java.lang.String,java.lang.String,java.lang.String,java.lang.String,java.lang.String,java.lang.String,java.lang.String,java.lang.String,java.lang.String,java.lang.String,java.lang.String,java.lang.String,java.lang.String,java.lang.String,java.lang.String,javax.servlet.http.HttpServletRequest)
2017-03-27 18:57:41.328 [main] INFO  o.s.w.s.m.m.a.RequestMappingHandlerMapping -
				Mapped "{[/security/ttb/query]}" onto public java.util.Map<java.lang.String, java.lang.Object> com.woniu.sncp.pay.web.api.TutuController.queryTutuAmount(javax.servlet.http.HttpServletRequest)
2017-03-27 18:57:41.328 [main] INFO  o.s.w.s.m.m.a.RequestMappingHandlerMapping -
				Mapped "{[/security/sms/send/json]}" onto public void com.woniu.sncp.pay.web.api.TutuController.sendSmsCode(java.lang.String,javax.servlet.http.HttpServletRequest,javax.servlet.http.HttpServletResponse)
2017-03-27 18:57:41.328 [main] INFO  o.s.w.s.m.m.a.RequestMappingHandlerMapping -
				Mapped "{[/security/sms/send]}" onto public java.util.Map<java.lang.String, java.lang.Object> com.woniu.sncp.pay.web.api.TutuController.sendSmsCode(javax.servlet.http.HttpServletRequest)
2017-03-27 18:57:41.329 [main] INFO  o.s.w.s.m.m.a.RequestMappingHandlerMapping -
				Mapped "{[/api/tgt/sms/send/json]}" onto public void com.woniu.sncp.pay.web.api.TutuController.sendSmsCode(java.lang.String,java.lang.String,javax.servlet.http.HttpServletRequest,javax.servlet.http.HttpServletResponse)
2017-03-27 18:57:41.329 [main] INFO  o.s.w.s.m.m.a.RequestMappingHandlerMapping -
				Mapped "{[/api/tgt/ttb/pay/json]}" onto public void com.woniu.sncp.pay.web.api.TutuController.paymentSt(java.lang.String,java.lang.String,java.lang.String,java.lang.String,java.lang.String,java.lang.String,java.lang.String,java.lang.String,java.lang.String,java.lang.String,java.lang.String,java.lang.String,java.lang.String,java.lang.String,java.lang.String,java.lang.String,java.lang.String,java.lang.String,java.lang.String,java.lang.String,java.lang.String,javax.servlet.http.HttpServletRequest,javax.servlet.http.HttpServletResponse)
2017-03-27 18:57:41.329 [main] INFO  o.s.w.s.m.m.a.RequestMappingHandlerMapping -
				Mapped "{[/wap/api/tgt/ttb/pay/json]}" onto public void com.woniu.sncp.pay.web.api.TutuController.paymentStWap(java.lang.String,java.lang.String,java.lang.String,java.lang.String,java.lang.String,java.lang.String,java.lang.String,java.lang.String,java.lang.String,java.lang.String,java.lang.String,java.lang.String,java.lang.String,java.lang.String,java.lang.String,java.lang.String,java.lang.String,java.lang.String,java.lang.String,java.lang.String,java.lang.String,javax.servlet.http.HttpServletRequest,javax.servlet.http.HttpServletResponse)
2017-03-27 18:57:41.329 [main] INFO  o.s.w.s.m.m.a.RequestMappingHandlerMapping -
				Mapped "{[/wap/api/security/ttb/pay/json]}" onto public void com.woniu.sncp.pay.web.api.TutuController.paymentWap(java.lang.String,java.lang.String,java.lang.String,java.lang.String,java.lang.String,java.lang.String,java.lang.String,java.lang.String,java.lang.String,java.lang.String,java.lang.String,java.lang.String,java.lang.String,java.lang.String,java.lang.String,java.lang.String,java.lang.String,java.lang.String,java.lang.String,java.lang.String,javax.servlet.http.HttpServletRequest,javax.servlet.http.HttpServletResponse)
2017-03-27 18:57:41.330 [main] INFO  o.s.w.s.m.m.a.RequestMappingHandlerMapping -
				Mapped "{[/tutu/pay/success]}" onto public org.springframework.web.servlet.ModelAndView com.woniu.sncp.pay.web.api.TutuController.tutuPaySuccess(javax.servlet.http.HttpServletRequest,java.lang.String,java.lang.String)
2017-03-27 18:57:41.330 [main] INFO  o.s.w.s.m.m.a.RequestMappingHandlerMapping -
				Mapped "{[/api/tgt/ttb/query/json]}" onto public void com.woniu.sncp.pay.web.api.TutuController.queryTutuAmountForStApi(java.lang.String,java.lang.String,javax.servlet.http.HttpServletRequest,javax.servlet.http.HttpServletResponse)
2017-03-27 18:57:41.330 [main] INFO  o.s.w.s.m.m.a.RequestMappingHandlerMapping -
				Mapped "{[/security/ttb/query/json]}" onto public void com.woniu.sncp.pay.web.api.TutuController.queryTutuAmountApi(java.lang.String,javax.servlet.http.HttpServletRequest,javax.servlet.http.HttpServletResponse)
2017-03-27 18:57:41.332 [main] INFO  o.s.w.s.m.m.a.RequestMappingHandlerMapping -
				Mapped "{[/error]}" onto public org.springframework.http.ResponseEntity<java.util.Map<java.lang.String, java.lang.Object>> org.springframework.boot.autoconfigure.web.BasicErrorController.error(javax.servlet.http.HttpServletRequest)
2017-03-27 18:57:41.333 [main] INFO  o.s.w.s.m.m.a.RequestMappingHandlerMapping -
				Mapped "{[/error],produces=[text/html]}" onto public org.springframework.web.servlet.ModelAndView org.springframework.boot.autoconfigure.web.BasicErrorController.errorHtml(javax.servlet.http.HttpServletRequest,javax.servlet.http.HttpServletResponse)
2017-03-27 18:57:41.385 [main] INFO  o.s.w.s.h.SimpleUrlHandlerMapping -
				Mapped URL path [/webjars/**] onto handler of type [class org.springframework.web.servlet.resource.ResourceHttpRequestHandler]
2017-03-27 18:57:41.385 [main] INFO  o.s.w.s.h.SimpleUrlHandlerMapping -
				Mapped URL path [/**] onto handler of type [class org.springframework.web.servlet.resource.ResourceHttpRequestHandler]
2017-03-27 18:57:41.436 [main] INFO  o.s.w.s.h.SimpleUrlHandlerMapping -
				Mapped URL path [/**/favicon.ico] onto handler of type [class org.springframework.web.servlet.resource.ResourceHttpRequestHandler]
2017-03-27 18:57:41.979 [main] INFO  o.a.c.c.C.[Tomcat].[localhost].[/] -
				jolokia: No access restrictor found, access to any MBean is allowed
2017-03-27 18:57:42.537 [main] INFO  o.s.b.a.e.mvc.EndpointHandlerMapping -
				Mapped "{[/info || /info.json],methods=[GET],produces=[application/json]}" onto public java.lang.Object org.springframework.boot.actuate.endpoint.mvc.EndpointMvcAdapter.invoke()
2017-03-27 18:57:42.538 [main] INFO  o.s.b.a.e.mvc.EndpointHandlerMapping -
				Mapped "{[/logfile || /logfile.json],methods=[GET || HEAD]}" onto public void org.springframework.boot.actuate.endpoint.mvc.LogFileMvcEndpoint.invoke(javax.servlet.http.HttpServletRequest,javax.servlet.http.HttpServletResponse) throws javax.servlet.ServletException,java.io.IOException
2017-03-27 18:57:42.539 [main] INFO  o.s.b.a.e.mvc.EndpointHandlerMapping -
				Mapped "{[/mappings || /mappings.json],methods=[GET],produces=[application/json]}" onto public java.lang.Object org.springframework.boot.actuate.endpoint.mvc.EndpointMvcAdapter.invoke()
2017-03-27 18:57:42.540 [main] INFO  o.s.b.a.e.mvc.EndpointHandlerMapping -
				Mapped "{[/metrics/{name:.*}],methods=[GET],produces=[application/json]}" onto public java.lang.Object org.springframework.boot.actuate.endpoint.mvc.MetricsMvcEndpoint.value(java.lang.String)
2017-03-27 18:57:42.540 [main] INFO  o.s.b.a.e.mvc.EndpointHandlerMapping -
				Mapped "{[/metrics || /metrics.json],methods=[GET],produces=[application/json]}" onto public java.lang.Object org.springframework.boot.actuate.endpoint.mvc.EndpointMvcAdapter.invoke()
2017-03-27 18:57:42.541 [main] INFO  o.s.b.a.e.mvc.EndpointHandlerMapping -
				Mapped "{[/health || /health.json],produces=[application/json]}" onto public java.lang.Object org.springframework.boot.actuate.endpoint.mvc.HealthMvcEndpoint.invoke(java.security.Principal)
2017-03-27 18:57:42.541 [main] INFO  o.s.b.a.e.mvc.EndpointHandlerMapping -
				Mapped "{[/dump || /dump.json],methods=[GET],produces=[application/json]}" onto public java.lang.Object org.springframework.boot.actuate.endpoint.mvc.EndpointMvcAdapter.invoke()
2017-03-27 18:57:42.542 [main] INFO  o.s.b.a.e.mvc.EndpointHandlerMapping -
				Mapped "{[/configprops || /configprops.json],methods=[GET],produces=[application/json]}" onto public java.lang.Object org.springframework.boot.actuate.endpoint.mvc.EndpointMvcAdapter.invoke()
2017-03-27 18:57:42.542 [main] INFO  o.s.b.a.e.mvc.EndpointHandlerMapping -
				Mapped "{[/trace || /trace.json],methods=[GET],produces=[application/json]}" onto public java.lang.Object org.springframework.boot.actuate.endpoint.mvc.EndpointMvcAdapter.invoke()
2017-03-27 18:57:42.543 [main] INFO  o.s.b.a.e.mvc.EndpointHandlerMapping -
				Mapped "{[/beans || /beans.json],methods=[GET],produces=[application/json]}" onto public java.lang.Object org.springframework.boot.actuate.endpoint.mvc.EndpointMvcAdapter.invoke()
2017-03-27 18:57:42.543 [main] INFO  o.s.b.a.e.mvc.EndpointHandlerMapping -
				Mapped "{[/autoconfig || /autoconfig.json],methods=[GET],produces=[application/json]}" onto public java.lang.Object org.springframework.boot.actuate.endpoint.mvc.EndpointMvcAdapter.invoke()
2017-03-27 18:57:42.544 [main] INFO  o.s.b.a.e.mvc.EndpointHandlerMapping -
				Mapped "{[/jolokia/**]}" onto public org.springframework.web.servlet.ModelAndView org.springframework.boot.actuate.endpoint.mvc.JolokiaMvcEndpoint.handle(javax.servlet.http.HttpServletRequest,javax.servlet.http.HttpServletResponse) throws java.lang.Exception
2017-03-27 18:57:42.545 [main] INFO  o.s.b.a.e.mvc.EndpointHandlerMapping -
				Mapped "{[/env/{name:.*}],methods=[GET],produces=[application/json]}" onto public java.lang.Object org.springframework.boot.actuate.endpoint.mvc.EnvironmentMvcEndpoint.value(java.lang.String)
2017-03-27 18:57:42.545 [main] INFO  o.s.b.a.e.mvc.EndpointHandlerMapping -
				Mapped "{[/env || /env.json],methods=[GET],produces=[application/json]}" onto public java.lang.Object org.springframework.boot.actuate.endpoint.mvc.EndpointMvcAdapter.invoke()
2017-03-27 18:57:42.678 [main] INFO  o.s.j.e.a.AnnotationMBeanExporter -
				Registering beans for JMX exposure on startup
2017-03-27 18:57:42.691 [main] INFO  o.s.c.s.DefaultLifecycleProcessor -
				Starting beans in phase 0
2017-03-27 18:57:42.889 [main] INFO  o.s.b.c.e.t.TomcatEmbeddedServletContainer -
				Tomcat started on port(s): 80 (http)
2017-03-27 18:57:42.914 [main] INFO  c.b.s.boot.nifty.NiftyServerRunner -
				Starting Nifty Server on port 8080
2017-03-27 18:57:43.026 [main] INFO  c.f.nifty.core.NettyServerTransport -
				started transport nifty-1:8080
2017-03-27 18:57:43.027 [main] INFO  com.woniu.sncp.pay.CashierAppRun -
				Started CashierAppRun in 16.022 seconds (JVM running for 17.16)
2017-03-27 18:57:57.271 [http-nio-80-exec-1] INFO  o.a.c.c.C.[Tomcat].[localhost].[/] -
				Initializing Spring FrameworkServlet 'dispatcherServlet'
2017-03-27 18:57:57.271 [http-nio-80-exec-1] INFO  o.s.web.servlet.DispatcherServlet -
				FrameworkServlet 'dispatcherServlet': initialization started
2017-03-27 18:57:57.312 [http-nio-80-exec-1] INFO  o.s.web.servlet.DispatcherServlet -
				FrameworkServlet 'dispatcherServlet': initialization completed in 41 ms
2017-03-27 18:57:57.494 [http-nio-80-exec-1] INFO  c.w.s.p.w.a.PaymentBackendController -
				
++++++[commonPaymentBackend]参数 开始++++++
requestIp=10.17.0.22
body=17016447450
buyer_email=17079100042
buyer_id=2088412345669709
discount=0.00
gmt_close=2017-03-27 09:33:53
gmt_create=2016-12-26 09:32:28
gmt_payment=2016-12-26 09:32:36
is_total_fee_adjust=N
notify_id=9fdc7f1fc4df4af981a14c61563b38dlei
notify_time=2017-03-27 18:58:50
notify_type=trade_status_sync
out_trade_no=20161226-1038-007-0000010242
payment_type=1
price=0.01
quantity=1
seller_email=snail.account34@snailgame.net
seller_id=2088021551454647
sign=t_x8_epagti_pved_f_l49_e+7z2_j_oky9j_r_a4u_o_wr_x_z_i_j/k//vwu_g_o_dplo_w_q==
sign_type=DSA
subject=17016447450
total_fee=0.01
trade_no=2016122621001004700204611434
trade_status=TRADE_FINISHED
use_coupon=N
++++++[commonPaymentBackend]参数 结束++++++
2017-03-27 18:57:57.497 [http-nio-80-exec-1] INFO  c.w.s.p.c.s.p.p.StandardPaymentProcess -
				++++++++++++++++++支付回调++++++++++++++++
2017-03-27 18:57:57.499 [http-nio-80-exec-1] INFO  c.w.s.p.c.s.p.p.StandardPaymentProcess -
				支付回调进入：AlipayPayment
2017-03-27 18:57:59.250 [http-nio-80-exec-1] ERROR c.w.s.p.c.s.p.p.StandardPaymentProcess -
				验证异常
com.woniu.sncp.pay.common.exception.ValidationException: 支付宝后台验证加密异常：验证url异常,返回responseTxt=false
	at com.woniu.sncp.pay.core.service.payment.platform.alipay.AlipayPayment.validateBackParams(AlipayPayment.java:197)
	at com.woniu.sncp.pay.core.service.payment.process.StandardPaymentProcess.validateBackParams(StandardPaymentProcess.java:529)
	at com.woniu.sncp.pay.core.service.payment.process.StandardPaymentProcess.doPay(StandardPaymentProcess.java:107)
	at com.woniu.sncp.pay.core.service.payment.PaymentFacade.processPaymentBack(PaymentFacade.java:486)
	at com.woniu.sncp.pay.web.api.PaymentBackendController.commonPaymentBackend(PaymentBackendController.java:123)
	at sun.reflect.NativeMethodAccessorImpl.invoke0(Native Method)
	at sun.reflect.NativeMethodAccessorImpl.invoke(NativeMethodAccessorImpl.java:62)
	at sun.reflect.DelegatingMethodAccessorImpl.invoke(DelegatingMethodAccessorImpl.java:43)
	at java.lang.reflect.Method.invoke(Method.java:498)
	at org.springframework.web.method.support.InvocableHandlerMethod.doInvoke(InvocableHandlerMethod.java:221)
	at org.springframework.web.method.support.InvocableHandlerMethod.invokeForRequest(InvocableHandlerMethod.java:136)
	at org.springframework.web.servlet.mvc.method.annotation.ServletInvocableHandlerMethod.invokeAndHandle(ServletInvocableHandlerMethod.java:110)
	at org.springframework.web.servlet.mvc.method.annotation.RequestMappingHandlerAdapter.invokeHandlerMethod(RequestMappingHandlerAdapter.java:832)
	at org.springframework.web.servlet.mvc.method.annotation.RequestMappingHandlerAdapter.handleInternal(RequestMappingHandlerAdapter.java:743)
	at org.springframework.web.servlet.mvc.method.AbstractHandlerMethodAdapter.handle(AbstractHandlerMethodAdapter.java:85)
	at org.springframework.web.servlet.DispatcherServlet.doDispatch(DispatcherServlet.java:961)
	at org.springframework.web.servlet.DispatcherServlet.doService(DispatcherServlet.java:895)
	at org.springframework.web.servlet.FrameworkServlet.processRequest(FrameworkServlet.java:967)
	at org.springframework.web.servlet.FrameworkServlet.doPost(FrameworkServlet.java:869)
	at javax.servlet.http.HttpServlet.service(HttpServlet.java:648)
	at org.springframework.web.servlet.FrameworkServlet.service(FrameworkServlet.java:843)
	at javax.servlet.http.HttpServlet.service(HttpServlet.java:729)
	at org.apache.catalina.core.ApplicationFilterChain.internalDoFilter(ApplicationFilterChain.java:292)
	at org.apache.catalina.core.ApplicationFilterChain.doFilter(ApplicationFilterChain.java:207)
	at org.apache.tomcat.websocket.server.WsFilter.doFilter(WsFilter.java:52)
	at org.apache.catalina.core.ApplicationFilterChain.internalDoFilter(ApplicationFilterChain.java:240)
	at org.apache.catalina.core.ApplicationFilterChain.doFilter(ApplicationFilterChain.java:207)
	at org.springframework.boot.actuate.autoconfigure.EndpointWebMvcAutoConfiguration$ApplicationContextHeaderFilter.doFilterInternal(EndpointWebMvcAutoConfiguration.java:281)
	at org.springframework.web.filter.OncePerRequestFilter.doFilter(OncePerRequestFilter.java:107)
	at org.apache.catalina.core.ApplicationFilterChain.internalDoFilter(ApplicationFilterChain.java:240)
	at org.apache.catalina.core.ApplicationFilterChain.doFilter(ApplicationFilterChain.java:207)
	at org.springframework.boot.actuate.trace.WebRequestTraceFilter.doFilterInternal(WebRequestTraceFilter.java:115)
	at org.springframework.web.filter.OncePerRequestFilter.doFilter(OncePerRequestFilter.java:107)
	at org.apache.catalina.core.ApplicationFilterChain.internalDoFilter(ApplicationFilterChain.java:240)
	at org.apache.catalina.core.ApplicationFilterChain.doFilter(ApplicationFilterChain.java:207)
	at org.jasig.cas.client.util.AssertionThreadLocalFilter.doFilter(AssertionThreadLocalFilter.java:50)
	at org.apache.catalina.core.ApplicationFilterChain.internalDoFilter(ApplicationFilterChain.java:240)
	at org.apache.catalina.core.ApplicationFilterChain.doFilter(ApplicationFilterChain.java:207)
	at org.jasig.cas.client.util.HttpServletRequestWrapperFilter.doFilter(HttpServletRequestWrapperFilter.java:71)
	at org.apache.catalina.core.ApplicationFilterChain.internalDoFilter(ApplicationFilterChain.java:240)
	at org.apache.catalina.core.ApplicationFilterChain.doFilter(ApplicationFilterChain.java:207)
	at org.jasig.cas.client.validation.AbstractTicketValidationFilter.doFilter(AbstractTicketValidationFilter.java:236)
	at org.apache.catalina.core.ApplicationFilterChain.internalDoFilter(ApplicationFilterChain.java:240)
	at org.apache.catalina.core.ApplicationFilterChain.doFilter(ApplicationFilterChain.java:207)
	at org.springframework.security.web.FilterChainProxy$VirtualFilterChain.doFilter(FilterChainProxy.java:316)
	at org.springframework.security.web.access.ExceptionTranslationFilter.doFilter(ExceptionTranslationFilter.java:114)
	at org.springframework.security.web.FilterChainProxy$VirtualFilterChain.doFilter(FilterChainProxy.java:330)
	at org.springframework.security.web.session.SessionManagementFilter.doFilter(SessionManagementFilter.java:122)
	at org.springframework.security.web.FilterChainProxy$VirtualFilterChain.doFilter(FilterChainProxy.java:330)
	at org.springframework.security.web.authentication.AnonymousAuthenticationFilter.doFilter(AnonymousAuthenticationFilter.java:111)
	at org.springframework.security.web.FilterChainProxy$VirtualFilterChain.doFilter(FilterChainProxy.java:330)
	at org.springframework.security.web.servletapi.SecurityContextHolderAwareRequestFilter.doFilter(SecurityContextHolderAwareRequestFilter.java:169)
	at org.springframework.security.web.FilterChainProxy$VirtualFilterChain.doFilter(FilterChainProxy.java:330)
	at org.springframework.security.web.savedrequest.RequestCacheAwareFilter.doFilter(RequestCacheAwareFilter.java:48)
	at org.springframework.security.web.FilterChainProxy$VirtualFilterChain.doFilter(FilterChainProxy.java:330)
	at org.springframework.security.web.authentication.logout.LogoutFilter.doFilter(LogoutFilter.java:120)
	at org.springframework.security.web.FilterChainProxy$VirtualFilterChain.doFilter(FilterChainProxy.java:330)
	at org.springframework.security.web.header.HeaderWriterFilter.doFilterInternal(HeaderWriterFilter.java:64)
	at org.springframework.web.filter.OncePerRequestFilter.doFilter(OncePerRequestFilter.java:107)
	at org.springframework.security.web.FilterChainProxy$VirtualFilterChain.doFilter(FilterChainProxy.java:330)
	at org.springframework.security.web.context.SecurityContextPersistenceFilter.doFilter(SecurityContextPersistenceFilter.java:91)
	at org.springframework.security.web.FilterChainProxy$VirtualFilterChain.doFilter(FilterChainProxy.java:330)
	at org.springframework.security.web.context.request.async.WebAsyncManagerIntegrationFilter.doFilterInternal(WebAsyncManagerIntegrationFilter.java:53)
	at org.springframework.web.filter.OncePerRequestFilter.doFilter(OncePerRequestFilter.java:107)
	at org.springframework.security.web.FilterChainProxy$VirtualFilterChain.doFilter(FilterChainProxy.java:330)
	at org.springframework.security.web.FilterChainProxy.doFilterInternal(FilterChainProxy.java:213)
	at org.springframework.security.web.FilterChainProxy.doFilter(FilterChainProxy.java:176)
	at org.springframework.web.filter.DelegatingFilterProxy.invokeDelegate(DelegatingFilterProxy.java:346)
	at org.springframework.web.filter.DelegatingFilterProxy.doFilter(DelegatingFilterProxy.java:262)
	at org.apache.catalina.core.ApplicationFilterChain.internalDoFilter(ApplicationFilterChain.java:240)
	at org.apache.catalina.core.ApplicationFilterChain.doFilter(ApplicationFilterChain.java:207)
	at org.springframework.web.filter.RequestContextFilter.doFilterInternal(RequestContextFilter.java:99)
	at org.springframework.web.filter.OncePerRequestFilter.doFilter(OncePerRequestFilter.java:107)
	at org.apache.catalina.core.ApplicationFilterChain.internalDoFilter(ApplicationFilterChain.java:240)
	at org.apache.catalina.core.ApplicationFilterChain.doFilter(ApplicationFilterChain.java:207)
	at org.springframework.web.filter.HttpPutFormContentFilter.doFilterInternal(HttpPutFormContentFilter.java:89)
	at org.springframework.web.filter.OncePerRequestFilter.doFilter(OncePerRequestFilter.java:107)
	at org.apache.catalina.core.ApplicationFilterChain.internalDoFilter(ApplicationFilterChain.java:240)
	at org.apache.catalina.core.ApplicationFilterChain.doFilter(ApplicationFilterChain.java:207)
	at org.springframework.web.filter.HiddenHttpMethodFilter.doFilterInternal(HiddenHttpMethodFilter.java:77)
	at org.springframework.web.filter.OncePerRequestFilter.doFilter(OncePerRequestFilter.java:107)
	at org.apache.catalina.core.ApplicationFilterChain.internalDoFilter(ApplicationFilterChain.java:240)
	at org.apache.catalina.core.ApplicationFilterChain.doFilter(ApplicationFilterChain.java:207)
	at org.springframework.boot.actuate.autoconfigure.MetricsFilter.doFilterInternal(MetricsFilter.java:103)
	at org.springframework.web.filter.OncePerRequestFilter.doFilter(OncePerRequestFilter.java:107)
	at org.apache.catalina.core.ApplicationFilterChain.internalDoFilter(ApplicationFilterChain.java:240)
	at org.apache.catalina.core.ApplicationFilterChain.doFilter(ApplicationFilterChain.java:207)
	at org.springframework.web.filter.CharacterEncodingFilter.doFilterInternal(CharacterEncodingFilter.java:121)
	at org.springframework.web.filter.OncePerRequestFilter.doFilter(OncePerRequestFilter.java:107)
	at org.apache.catalina.core.ApplicationFilterChain.internalDoFilter(ApplicationFilterChain.java:240)
	at org.apache.catalina.core.ApplicationFilterChain.doFilter(ApplicationFilterChain.java:207)
	at org.apache.catalina.core.StandardWrapperValve.invoke(StandardWrapperValve.java:212)
	at org.apache.catalina.core.StandardContextValve.invoke(StandardContextValve.java:106)
	at org.apache.catalina.authenticator.AuthenticatorBase.invoke(AuthenticatorBase.java:502)
	at org.apache.catalina.core.StandardHostValve.invoke(StandardHostValve.java:141)
	at org.apache.catalina.valves.ErrorReportValve.invoke(ErrorReportValve.java:79)
	at org.apache.catalina.core.StandardEngineValve.invoke(StandardEngineValve.java:88)
	at org.apache.catalina.connector.CoyoteAdapter.service(CoyoteAdapter.java:528)
	at org.apache.coyote.http11.AbstractHttp11Processor.process(AbstractHttp11Processor.java:1100)
	at org.apache.coyote.AbstractProtocol$AbstractConnectionHandler.process(AbstractProtocol.java:687)
	at org.apache.tomcat.util.net.NioEndpoint$SocketProcessor.doRun(NioEndpoint.java:1520)
	at org.apache.tomcat.util.net.NioEndpoint$SocketProcessor.run(NioEndpoint.java:1476)
	at java.util.concurrent.ThreadPoolExecutor.runWorker(ThreadPoolExecutor.java:1142)
	at java.util.concurrent.ThreadPoolExecutor$Worker.run(ThreadPoolExecutor.java:617)
	at org.apache.tomcat.util.threads.TaskThread$WrappingRunnable.run(TaskThread.java:61)
	at java.lang.Thread.run(Thread.java:745)
2017-03-27 18:57:59.313 [http-nio-80-exec-1] INFO  c.w.s.p.c.s.p.p.alipay.AlipayPayment -
				返回给支付平台的信息：fail
